[0.029s] Invoking command in '/ros2_ws_dev/build/controller': CMAKE_PREFIX_PATH=${CMAKE_PREFIX_PATH}:/ros_ws/install/synchros2_tutorials_example:/ros_ws/install/spot_examples:/ros_ws/install/spot_common:/ros_ws/install/synchros2:/ros_ws/install/rtabmap_python:/ros_ws/install/rtabmap_lidar_custom:/opt/ros/humble /usr/bin/cmake /ros2_ws_dev/src/controller/controller -DCMAKE_INSTALL_PREFIX=/ros2_ws_dev/install/controller
[0.112s] -- Found ament_cmake: 1.3.13 (/opt/ros/humble/share/ament_cmake/cmake)
[0.265s] -- Found nav2_common: 1.1.20 (/opt/ros/humble/share/nav2_common/cmake)
[0.266s] -- Found nav2_core: 1.1.20 (/opt/ros/humble/share/nav2_core/cmake)
[0.327s] -- Found rosidl_generator_c: 3.1.8 (/opt/ros/humble/share/rosidl_generator_c/cmake)
[0.330s] -- Found rosidl_adapter: 3.1.8 (/opt/ros/humble/share/rosidl_adapter/cmake)
[0.339s] -- Found rosidl_generator_cpp: 3.1.8 (/opt/ros/humble/share/rosidl_generator_cpp/cmake)
[0.358s] -- Using all available rosidl_typesupport_c: rosidl_typesupport_fastrtps_c;rosidl_typesupport_introspection_c
[0.377s] -- Using all available rosidl_typesupport_cpp: rosidl_typesupport_fastrtps_cpp;rosidl_typesupport_introspection_cpp
[0.430s] -- Found rmw_implementation_cmake: 6.1.2 (/opt/ros/humble/share/rmw_implementation_cmake/cmake)
[0.434s] -- Found rmw_fastrtps_cpp: 6.2.10 (/opt/ros/humble/share/rmw_fastrtps_cpp/cmake)
[0.572s] -- Using RMW implementation 'rmw_fastrtps_cpp' as default
[0.953s] -- Ensuring Eigen3 include directory is part of orocos-kdl CMake target
[1.095s] [31mCMake Error at CMakeLists.txt:17 (find_package):
[1.095s]   By not providing "Findcustom_msg_srv.cmake" in CMAKE_MODULE_PATH this
[1.095s]   project has asked CMake to find a package configuration file provided by
[1.095s]   "custom_msg_srv", but CMake did not find one.
[1.095s] 
[1.095s]   Could not find a package configuration file provided by "custom_msg_srv"
[1.095s]   with any of the following names:
[1.095s] 
[1.096s]     custom_msg_srvConfig.cmake
[1.096s]     custom_msg_srv-config.cmake
[1.096s] 
[1.096s]   Add the installation prefix of "custom_msg_srv" to CMAKE_PREFIX_PATH or set
[1.096s]   "custom_msg_srv_DIR" to a directory containing one of the above files.  If
[1.096s]   "custom_msg_srv" provides a separate development package or SDK, be sure it
[1.096s]   has been installed.
[1.096s] 
[1.096s] [0m
[1.096s] -- Configuring incomplete, errors occurred!
[1.096s] See also "/ros2_ws_dev/build/controller/CMakeFiles/CMakeOutput.log".
[1.108s] Invoked command in '/ros2_ws_dev/build/controller' returned '1': CMAKE_PREFIX_PATH=${CMAKE_PREFIX_PATH}:/ros_ws/install/synchros2_tutorials_example:/ros_ws/install/spot_examples:/ros_ws/install/spot_common:/ros_ws/install/synchros2:/ros_ws/install/rtabmap_python:/ros_ws/install/rtabmap_lidar_custom:/opt/ros/humble /usr/bin/cmake /ros2_ws_dev/src/controller/controller -DCMAKE_INSTALL_PREFIX=/ros2_ws_dev/install/controller
