[1.337s] Invoking command in '/ros2_ws_dev/src/footprint_tf_pkg': PYTHONPATH=/ros2_ws_dev/build/footprint_tf_pkg/prefix_override:/usr/lib/python3/dist-packages/colcon_core/task/python/colcon_distutils_commands:/ros2_ws_dev/install/footprint_tf_pkg/lib/python3.10/site-packages:${PYTHONPATH} /usr/bin/python3 -W ignore:setup.py install is deprecated -W ignore:easy_install command is deprecated setup.py egg_info --egg-base ../../build/footprint_tf_pkg build --build-base /ros2_ws_dev/build/footprint_tf_pkg/build install --record /ros2_ws_dev/build/footprint_tf_pkg/install.log --single-version-externally-managed install_data
[1.678s] running egg_info
[1.679s] writing ../../build/footprint_tf_pkg/footprint_tf_pkg.egg-info/PKG-INFO
[1.680s] writing dependency_links to ../../build/footprint_tf_pkg/footprint_tf_pkg.egg-info/dependency_links.txt
[1.681s] writing entry points to ../../build/footprint_tf_pkg/footprint_tf_pkg.egg-info/entry_points.txt
[1.681s] writing requirements to ../../build/footprint_tf_pkg/footprint_tf_pkg.egg-info/requires.txt
[1.681s] writing top-level names to ../../build/footprint_tf_pkg/footprint_tf_pkg.egg-info/top_level.txt
[1.683s] reading manifest file '../../build/footprint_tf_pkg/footprint_tf_pkg.egg-info/SOURCES.txt'
[1.684s] writing manifest file '../../build/footprint_tf_pkg/footprint_tf_pkg.egg-info/SOURCES.txt'
[1.685s] running build
[1.685s] running build_py
[1.685s] copying footprint_tf_pkg/arm_base_tf_node.py -> /ros2_ws_dev/build/footprint_tf_pkg/build/lib/footprint_tf_pkg
[1.686s] running install
[1.686s] running install_lib
[1.687s] copying /ros2_ws_dev/build/footprint_tf_pkg/build/lib/footprint_tf_pkg/arm_base_tf_node.py -> /ros2_ws_dev/install/footprint_tf_pkg/lib/python3.10/site-packages/footprint_tf_pkg
[1.688s] byte-compiling /ros2_ws_dev/install/footprint_tf_pkg/lib/python3.10/site-packages/footprint_tf_pkg/arm_base_tf_node.py to arm_base_tf_node.cpython-310.pyc
[1.689s] running install_data
[1.689s] running install_egg_info
[1.691s] removing '/ros2_ws_dev/install/footprint_tf_pkg/lib/python3.10/site-packages/footprint_tf_pkg-0.0.0-py3.10.egg-info' (and everything under it)
[1.692s] Copying ../../build/footprint_tf_pkg/footprint_tf_pkg.egg-info to /ros2_ws_dev/install/footprint_tf_pkg/lib/python3.10/site-packages/footprint_tf_pkg-0.0.0-py3.10.egg-info
[1.693s] running install_scripts
[1.715s] Installing arm_base_tf_node script to /ros2_ws_dev/install/footprint_tf_pkg/lib/footprint_tf_pkg
[1.715s] Installing footprint_tf_node script to /ros2_ws_dev/install/footprint_tf_pkg/lib/footprint_tf_pkg
[1.716s] writing list of installed files to '/ros2_ws_dev/build/footprint_tf_pkg/install.log'
[1.752s] Invoked command in '/ros2_ws_dev/src/footprint_tf_pkg' returned '0': PYTHONPATH=/ros2_ws_dev/build/footprint_tf_pkg/prefix_override:/usr/lib/python3/dist-packages/colcon_core/task/python/colcon_distutils_commands:/ros2_ws_dev/install/footprint_tf_pkg/lib/python3.10/site-packages:${PYTHONPATH} /usr/bin/python3 -W ignore:setup.py install is deprecated -W ignore:easy_install command is deprecated setup.py egg_info --egg-base ../../build/footprint_tf_pkg build --build-base /ros2_ws_dev/build/footprint_tf_pkg/build install --record /ros2_ws_dev/build/footprint_tf_pkg/install.log --single-version-externally-managed install_data
