[0.128s] DEBUG:colcon:Command line arguments: ['/usr/bin/colcon', 'build']
[0.128s] DEBUG:colcon:Parsed command line arguments: Namespace(log_base=None, log_level=None, verb_name='build', build_base='build', install_base='install', merge_install=False, symlink_install=False, test_result_base=None, continue_on_error=False, executor='parallel', parallel_workers=8, event_handlers=None, ignore_user_meta=False, metas=['./colcon.meta'], base_paths=['.'], packages_ignore=None, packages_ignore_regex=None, paths=None, packages_up_to=None, packages_up_to_regex=None, packages_above=None, packages_above_and_dependencies=None, packages_above_depth=None, packages_select_by_dep=None, packages_skip_by_dep=None, packages_skip_up_to=None, packages_select_build_failed=False, packages_skip_build_finished=False, packages_select_test_failures=False, packages_skip_test_passed=False, packages_select=None, packages_skip=None, packages_select_regex=None, packages_skip_regex=None, packages_start=None, packages_end=None, cmake_args=None, cmake_target=None, cmake_target_skip_unavailable=False, cmake_clean_cache=False, cmake_clean_first=False, cmake_force_configure=False, ament_cmake_args=None, catkin_cmake_args=None, catkin_skip_building_tests=False, mixin_files=None, mixin=None, verb_parser=<colcon_mixin.mixin.mixin_argument.MixinArgumentDecorator object at 0x7fc607db41f0>, verb_extension=<colcon_core.verb.build.BuildVerb object at 0x7fc607f11210>, main=<bound method BuildVerb.main of <colcon_core.verb.build.BuildVerb object at 0x7fc607f11210>>, mixin_verb=('build',))
[0.375s] Level 1:colcon.colcon_core.package_discovery:discover_packages(colcon_meta) check parameters
[0.375s] Level 1:colcon.colcon_core.package_discovery:discover_packages(recursive) check parameters
[0.375s] Level 1:colcon.colcon_core.package_discovery:discover_packages(ignore) check parameters
[0.375s] Level 1:colcon.colcon_core.package_discovery:discover_packages(path) check parameters
[0.375s] Level 1:colcon.colcon_core.package_discovery:discover_packages(colcon_meta) discover
[0.375s] Level 1:colcon.colcon_core.package_discovery:discover_packages(recursive) discover
[0.375s] INFO:colcon.colcon_core.package_discovery:Crawling recursively for packages in '/ros2_ws_dev'
[0.375s] Level 1:colcon.colcon_core.package_identification:_identify(.) by extensions ['ignore', 'ignore_ament_install']
[0.375s] Level 1:colcon.colcon_core.package_identification:_identify(.) by extension 'ignore'
[0.375s] Level 1:colcon.colcon_core.package_identification:_identify(.) by extension 'ignore_ament_install'
[0.375s] Level 1:colcon.colcon_core.package_identification:_identify(.) by extensions ['colcon_pkg']
[0.375s] Level 1:colcon.colcon_core.package_identification:_identify(.) by extension 'colcon_pkg'
[0.375s] Level 1:colcon.colcon_core.package_identification:_identify(.) by extensions ['colcon_meta']
[0.375s] Level 1:colcon.colcon_core.package_identification:_identify(.) by extension 'colcon_meta'
[0.375s] Level 1:colcon.colcon_core.package_identification:_identify(.) by extensions ['ros']
[0.375s] Level 1:colcon.colcon_core.package_identification:_identify(.) by extension 'ros'
[0.387s] Level 1:colcon.colcon_core.package_identification:_identify(.) by extensions ['cmake', 'python']
[0.387s] Level 1:colcon.colcon_core.package_identification:_identify(.) by extension 'cmake'
[0.387s] Level 1:colcon.colcon_core.package_identification:_identify(.) by extension 'python'
[0.388s] Level 1:colcon.colcon_core.package_identification:_identify(.) by extensions ['python_setup_py']
[0.388s] Level 1:colcon.colcon_core.package_identification:_identify(.) by extension 'python_setup_py'
[0.388s] Level 1:colcon.colcon_core.package_identification:_identify(build) by extensions ['ignore', 'ignore_ament_install']
[0.388s] Level 1:colcon.colcon_core.package_identification:_identify(build) by extension 'ignore'
[0.388s] Level 1:colcon.colcon_core.package_identification:_identify(build) ignored
[0.388s] Level 1:colcon.colcon_core.package_identification:_identify(install) by extensions ['ignore', 'ignore_ament_install']
[0.388s] Level 1:colcon.colcon_core.package_identification:_identify(install) by extension 'ignore'
[0.388s] Level 1:colcon.colcon_core.package_identification:_identify(install) ignored
[0.388s] Level 1:colcon.colcon_core.package_identification:_identify(log) by extensions ['ignore', 'ignore_ament_install']
[0.388s] Level 1:colcon.colcon_core.package_identification:_identify(log) by extension 'ignore'
[0.388s] Level 1:colcon.colcon_core.package_identification:_identify(log) ignored
[0.388s] Level 1:colcon.colcon_core.package_identification:_identify(src) by extensions ['ignore', 'ignore_ament_install']
[0.389s] Level 1:colcon.colcon_core.package_identification:_identify(src) by extension 'ignore'
[0.389s] Level 1:colcon.colcon_core.package_identification:_identify(src) by extension 'ignore_ament_install'
[0.389s] Level 1:colcon.colcon_core.package_identification:_identify(src) by extensions ['colcon_pkg']
[0.389s] Level 1:colcon.colcon_core.package_identification:_identify(src) by extension 'colcon_pkg'
[0.389s] Level 1:colcon.colcon_core.package_identification:_identify(src) by extensions ['colcon_meta']
[0.389s] Level 1:colcon.colcon_core.package_identification:_identify(src) by extension 'colcon_meta'
[0.389s] Level 1:colcon.colcon_core.package_identification:_identify(src) by extensions ['ros']
[0.389s] Level 1:colcon.colcon_core.package_identification:_identify(src) by extension 'ros'
[0.389s] Level 1:colcon.colcon_core.package_identification:_identify(src) by extensions ['cmake', 'python']
[0.389s] Level 1:colcon.colcon_core.package_identification:_identify(src) by extension 'cmake'
[0.389s] Level 1:colcon.colcon_core.package_identification:_identify(src) by extension 'python'
[0.389s] Level 1:colcon.colcon_core.package_identification:_identify(src) by extensions ['python_setup_py']
[0.389s] Level 1:colcon.colcon_core.package_identification:_identify(src) by extension 'python_setup_py'
[0.389s] Level 1:colcon.colcon_core.package_identification:_identify(src/controller) by extensions ['ignore', 'ignore_ament_install']
[0.389s] Level 1:colcon.colcon_core.package_identification:_identify(src/controller) by extension 'ignore'
[0.389s] Level 1:colcon.colcon_core.package_identification:_identify(src/controller) by extension 'ignore_ament_install'
[0.389s] Level 1:colcon.colcon_core.package_identification:_identify(src/controller) by extensions ['colcon_pkg']
[0.389s] Level 1:colcon.colcon_core.package_identification:_identify(src/controller) by extension 'colcon_pkg'
[0.390s] Level 1:colcon.colcon_core.package_identification:_identify(src/controller) by extensions ['colcon_meta']
[0.390s] Level 1:colcon.colcon_core.package_identification:_identify(src/controller) by extension 'colcon_meta'
[0.390s] Level 1:colcon.colcon_core.package_identification:_identify(src/controller) by extensions ['ros']
[0.390s] Level 1:colcon.colcon_core.package_identification:_identify(src/controller) by extension 'ros'
[0.390s] Level 1:colcon.colcon_core.package_identification:_identify(src/controller) by extensions ['cmake', 'python']
[0.390s] Level 1:colcon.colcon_core.package_identification:_identify(src/controller) by extension 'cmake'
[0.390s] Level 1:colcon.colcon_core.package_identification:_identify(src/controller) by extension 'python'
[0.390s] Level 1:colcon.colcon_core.package_identification:_identify(src/controller) by extensions ['python_setup_py']
[0.390s] Level 1:colcon.colcon_core.package_identification:_identify(src/controller) by extension 'python_setup_py'
[0.390s] Level 1:colcon.colcon_core.package_identification:_identify(src/controller/controller) by extensions ['ignore', 'ignore_ament_install']
[0.390s] Level 1:colcon.colcon_core.package_identification:_identify(src/controller/controller) by extension 'ignore'
[0.390s] Level 1:colcon.colcon_core.package_identification:_identify(src/controller/controller) by extension 'ignore_ament_install'
[0.390s] Level 1:colcon.colcon_core.package_identification:_identify(src/controller/controller) by extensions ['colcon_pkg']
[0.390s] Level 1:colcon.colcon_core.package_identification:_identify(src/controller/controller) by extension 'colcon_pkg'
[0.390s] Level 1:colcon.colcon_core.package_identification:_identify(src/controller/controller) by extensions ['colcon_meta']
[0.390s] Level 1:colcon.colcon_core.package_identification:_identify(src/controller/controller) by extension 'colcon_meta'
[0.390s] Level 1:colcon.colcon_core.package_identification:_identify(src/controller/controller) by extensions ['ros']
[0.390s] Level 1:colcon.colcon_core.package_identification:_identify(src/controller/controller) by extension 'ros'
[0.394s] DEBUG:colcon.colcon_core.package_identification:Package 'src/controller/controller' with type 'ros.ament_cmake' and name 'controller'
[0.394s] Level 1:colcon.colcon_core.package_identification:_identify(src/footprint_tf_pkg) by extensions ['ignore', 'ignore_ament_install']
[0.394s] Level 1:colcon.colcon_core.package_identification:_identify(src/footprint_tf_pkg) by extension 'ignore'
[0.394s] Level 1:colcon.colcon_core.package_identification:_identify(src/footprint_tf_pkg) by extension 'ignore_ament_install'
[0.394s] Level 1:colcon.colcon_core.package_identification:_identify(src/footprint_tf_pkg) by extensions ['colcon_pkg']
[0.394s] Level 1:colcon.colcon_core.package_identification:_identify(src/footprint_tf_pkg) by extension 'colcon_pkg'
[0.394s] Level 1:colcon.colcon_core.package_identification:_identify(src/footprint_tf_pkg) by extensions ['colcon_meta']
[0.394s] Level 1:colcon.colcon_core.package_identification:_identify(src/footprint_tf_pkg) by extension 'colcon_meta'
[0.394s] Level 1:colcon.colcon_core.package_identification:_identify(src/footprint_tf_pkg) by extensions ['ros']
[0.394s] Level 1:colcon.colcon_core.package_identification:_identify(src/footprint_tf_pkg) by extension 'ros'
[0.395s] DEBUG:colcon.colcon_core.package_identification:Package 'src/footprint_tf_pkg' with type 'ros.ament_python' and name 'footprint_tf_pkg'
[0.395s] Level 1:colcon.colcon_core.package_identification:_identify(src/setting_goal) by extensions ['ignore', 'ignore_ament_install']
[0.395s] Level 1:colcon.colcon_core.package_identification:_identify(src/setting_goal) by extension 'ignore'
[0.395s] Level 1:colcon.colcon_core.package_identification:_identify(src/setting_goal) by extension 'ignore_ament_install'
[0.395s] Level 1:colcon.colcon_core.package_identification:_identify(src/setting_goal) by extensions ['colcon_pkg']
[0.395s] Level 1:colcon.colcon_core.package_identification:_identify(src/setting_goal) by extension 'colcon_pkg'
[0.395s] Level 1:colcon.colcon_core.package_identification:_identify(src/setting_goal) by extensions ['colcon_meta']
[0.395s] Level 1:colcon.colcon_core.package_identification:_identify(src/setting_goal) by extension 'colcon_meta'
[0.396s] Level 1:colcon.colcon_core.package_identification:_identify(src/setting_goal) by extensions ['ros']
[0.396s] Level 1:colcon.colcon_core.package_identification:_identify(src/setting_goal) by extension 'ros'
[0.396s] DEBUG:colcon.colcon_core.package_identification:Package 'src/setting_goal' with type 'ros.ament_python' and name 'setting_goal'
[0.396s] Level 1:colcon.colcon_core.package_discovery:discover_packages(recursive) using defaults
[0.396s] Level 1:colcon.colcon_core.package_discovery:discover_packages(ignore) discover
[0.396s] Level 1:colcon.colcon_core.package_discovery:discover_packages(ignore) using defaults
[0.396s] Level 1:colcon.colcon_core.package_discovery:discover_packages(path) discover
[0.397s] Level 1:colcon.colcon_core.package_discovery:discover_packages(path) using defaults
[0.421s] Level 5:colcon.colcon_core.verb:set package 'controller' build argument 'cmake_args' from command line to 'None'
[0.421s] Level 5:colcon.colcon_core.verb:set package 'controller' build argument 'cmake_target' from command line to 'None'
[0.421s] Level 5:colcon.colcon_core.verb:set package 'controller' build argument 'cmake_target_skip_unavailable' from command line to 'False'
[0.421s] Level 5:colcon.colcon_core.verb:set package 'controller' build argument 'cmake_clean_cache' from command line to 'False'
[0.421s] Level 5:colcon.colcon_core.verb:set package 'controller' build argument 'cmake_clean_first' from command line to 'False'
[0.421s] Level 5:colcon.colcon_core.verb:set package 'controller' build argument 'cmake_force_configure' from command line to 'False'
[0.421s] Level 5:colcon.colcon_core.verb:set package 'controller' build argument 'ament_cmake_args' from command line to 'None'
[0.421s] Level 5:colcon.colcon_core.verb:set package 'controller' build argument 'catkin_cmake_args' from command line to 'None'
[0.421s] Level 5:colcon.colcon_core.verb:set package 'controller' build argument 'catkin_skip_building_tests' from command line to 'False'
[0.421s] DEBUG:colcon.colcon_core.verb:Building package 'controller' with the following arguments: {'ament_cmake_args': None, 'build_base': '/ros2_ws_dev/build/controller', 'catkin_cmake_args': None, 'catkin_skip_building_tests': False, 'cmake_args': None, 'cmake_clean_cache': False, 'cmake_clean_first': False, 'cmake_force_configure': False, 'cmake_target': None, 'cmake_target_skip_unavailable': False, 'install_base': '/ros2_ws_dev/install/controller', 'merge_install': False, 'path': '/ros2_ws_dev/src/controller/controller', 'symlink_install': False, 'test_result_base': None}
[0.422s] Level 5:colcon.colcon_core.verb:set package 'footprint_tf_pkg' build argument 'cmake_args' from command line to 'None'
[0.422s] Level 5:colcon.colcon_core.verb:set package 'footprint_tf_pkg' build argument 'cmake_target' from command line to 'None'
[0.422s] Level 5:colcon.colcon_core.verb:set package 'footprint_tf_pkg' build argument 'cmake_target_skip_unavailable' from command line to 'False'
[0.422s] Level 5:colcon.colcon_core.verb:set package 'footprint_tf_pkg' build argument 'cmake_clean_cache' from command line to 'False'
[0.422s] Level 5:colcon.colcon_core.verb:set package 'footprint_tf_pkg' build argument 'cmake_clean_first' from command line to 'False'
[0.422s] Level 5:colcon.colcon_core.verb:set package 'footprint_tf_pkg' build argument 'cmake_force_configure' from command line to 'False'
[0.422s] Level 5:colcon.colcon_core.verb:set package 'footprint_tf_pkg' build argument 'ament_cmake_args' from command line to 'None'
[0.422s] Level 5:colcon.colcon_core.verb:set package 'footprint_tf_pkg' build argument 'catkin_cmake_args' from command line to 'None'
[0.422s] Level 5:colcon.colcon_core.verb:set package 'footprint_tf_pkg' build argument 'catkin_skip_building_tests' from command line to 'False'
[0.422s] DEBUG:colcon.colcon_core.verb:Building package 'footprint_tf_pkg' with the following arguments: {'ament_cmake_args': None, 'build_base': '/ros2_ws_dev/build/footprint_tf_pkg', 'catkin_cmake_args': None, 'catkin_skip_building_tests': False, 'cmake_args': None, 'cmake_clean_cache': False, 'cmake_clean_first': False, 'cmake_force_configure': False, 'cmake_target': None, 'cmake_target_skip_unavailable': False, 'install_base': '/ros2_ws_dev/install/footprint_tf_pkg', 'merge_install': False, 'path': '/ros2_ws_dev/src/footprint_tf_pkg', 'symlink_install': False, 'test_result_base': None}
[0.422s] Level 5:colcon.colcon_core.verb:set package 'setting_goal' build argument 'cmake_args' from command line to 'None'
[0.422s] Level 5:colcon.colcon_core.verb:set package 'setting_goal' build argument 'cmake_target' from command line to 'None'
[0.422s] Level 5:colcon.colcon_core.verb:set package 'setting_goal' build argument 'cmake_target_skip_unavailable' from command line to 'False'
[0.422s] Level 5:colcon.colcon_core.verb:set package 'setting_goal' build argument 'cmake_clean_cache' from command line to 'False'
[0.422s] Level 5:colcon.colcon_core.verb:set package 'setting_goal' build argument 'cmake_clean_first' from command line to 'False'
[0.422s] Level 5:colcon.colcon_core.verb:set package 'setting_goal' build argument 'cmake_force_configure' from command line to 'False'
[0.422s] Level 5:colcon.colcon_core.verb:set package 'setting_goal' build argument 'ament_cmake_args' from command line to 'None'
[0.422s] Level 5:colcon.colcon_core.verb:set package 'setting_goal' build argument 'catkin_cmake_args' from command line to 'None'
[0.422s] Level 5:colcon.colcon_core.verb:set package 'setting_goal' build argument 'catkin_skip_building_tests' from command line to 'False'
[0.422s] DEBUG:colcon.colcon_core.verb:Building package 'setting_goal' with the following arguments: {'ament_cmake_args': None, 'build_base': '/ros2_ws_dev/build/setting_goal', 'catkin_cmake_args': None, 'catkin_skip_building_tests': False, 'cmake_args': None, 'cmake_clean_cache': False, 'cmake_clean_first': False, 'cmake_force_configure': False, 'cmake_target': None, 'cmake_target_skip_unavailable': False, 'install_base': '/ros2_ws_dev/install/setting_goal', 'merge_install': False, 'path': '/ros2_ws_dev/src/setting_goal', 'symlink_install': False, 'test_result_base': None}
[0.423s] INFO:colcon.colcon_core.executor:Executing jobs using 'parallel' executor
[0.424s] DEBUG:colcon.colcon_parallel_executor.executor.parallel:run_until_complete
[0.424s] INFO:colcon.colcon_ros.task.ament_cmake.build:Building ROS package in '/ros2_ws_dev/src/controller/controller' with build type 'ament_cmake'
[0.424s] INFO:colcon.colcon_cmake.task.cmake.build:Building CMake package in '/ros2_ws_dev/src/controller/controller'
[0.427s] INFO:colcon.colcon_core.plugin_system:Skipping extension 'colcon_core.shell.bat': Not used on non-Windows systems
[0.427s] INFO:colcon.colcon_core.shell:Skip shell extension 'powershell' for command environment: Not usable outside of PowerShell
[0.427s] DEBUG:colcon.colcon_core.shell:Skip shell extension 'dsv' for command environment
[0.440s] INFO:colcon.colcon_ros.task.ament_python.build:Building ROS package in '/ros2_ws_dev/src/footprint_tf_pkg' with build type 'ament_python'
[0.440s] Level 1:colcon.colcon_core.shell:create_environment_hook('footprint_tf_pkg', 'ament_prefix_path')
[0.440s] INFO:colcon.colcon_core.shell:Creating environment hook '/ros2_ws_dev/install/footprint_tf_pkg/share/footprint_tf_pkg/hook/ament_prefix_path.ps1'
[0.441s] INFO:colcon.colcon_core.shell:Creating environment descriptor '/ros2_ws_dev/install/footprint_tf_pkg/share/footprint_tf_pkg/hook/ament_prefix_path.dsv'
[0.442s] INFO:colcon.colcon_core.shell:Creating environment hook '/ros2_ws_dev/install/footprint_tf_pkg/share/footprint_tf_pkg/hook/ament_prefix_path.sh'
[0.443s] INFO:colcon.colcon_core.shell:Skip shell extension 'powershell' for command environment: Not usable outside of PowerShell
[0.443s] DEBUG:colcon.colcon_core.shell:Skip shell extension 'dsv' for command environment
[0.456s] INFO:colcon.colcon_ros.task.ament_python.build:Building ROS package in '/ros2_ws_dev/src/setting_goal' with build type 'ament_python'
[0.456s] Level 1:colcon.colcon_core.shell:create_environment_hook('setting_goal', 'ament_prefix_path')
[0.456s] INFO:colcon.colcon_core.shell:Creating environment hook '/ros2_ws_dev/install/setting_goal/share/setting_goal/hook/ament_prefix_path.ps1'
[0.457s] INFO:colcon.colcon_core.shell:Creating environment descriptor '/ros2_ws_dev/install/setting_goal/share/setting_goal/hook/ament_prefix_path.dsv'
[0.457s] INFO:colcon.colcon_core.shell:Creating environment hook '/ros2_ws_dev/install/setting_goal/share/setting_goal/hook/ament_prefix_path.sh'
[0.458s] INFO:colcon.colcon_core.shell:Skip shell extension 'powershell' for command environment: Not usable outside of PowerShell
[0.458s] DEBUG:colcon.colcon_core.shell:Skip shell extension 'dsv' for command environment
[0.474s] DEBUG:colcon.colcon_core.event_handler.log_command:Invoking command in '/ros2_ws_dev/build/controller': CMAKE_PREFIX_PATH=${CMAKE_PREFIX_PATH}:/ros_ws/install/synchros2_tutorials_example:/ros_ws/install/spot_examples:/ros_ws/install/spot_common:/ros_ws/install/synchros2:/ros_ws/install/rtabmap_python:/ros2_kortex_ws/install/rqt_joint_trajectory_controller:/ros2_kortex_ws/install/rqt_controller_manager:/ros2_kortex_ws/install/ros2controlcli:/ros2_kortex_ws/install/ros2_controllers_test_nodes:/ros2_kortex_ws/install/my_simulation_pkg:/ros2_ws_dev/install/setting_goal:/ros2_ws_dev/install/footprint_tf_pkg:/opt/ros/humble /usr/bin/cmake --build /ros2_ws_dev/build/controller -- -j8 -l8
[0.836s] INFO:colcon.colcon_core.task.python.build:Building Python package in '/ros2_ws_dev/src/footprint_tf_pkg'
[0.836s] INFO:colcon.colcon_core.shell:Skip shell extension 'powershell' for command environment: Not usable outside of PowerShell
[0.836s] DEBUG:colcon.colcon_core.shell:Skip shell extension 'dsv' for command environment
[1.195s] INFO:colcon.colcon_core.task.python.build:Building Python package in '/ros2_ws_dev/src/setting_goal'
[1.195s] INFO:colcon.colcon_core.shell:Skip shell extension 'powershell' for command environment: Not usable outside of PowerShell
[1.195s] DEBUG:colcon.colcon_core.shell:Skip shell extension 'dsv' for command environment
[1.208s] DEBUG:colcon.colcon_core.event_handler.log_command:Invoked command in '/ros2_ws_dev/build/controller' returned '0': CMAKE_PREFIX_PATH=${CMAKE_PREFIX_PATH}:/ros_ws/install/synchros2_tutorials_example:/ros_ws/install/spot_examples:/ros_ws/install/spot_common:/ros_ws/install/synchros2:/ros_ws/install/rtabmap_python:/ros2_kortex_ws/install/rqt_joint_trajectory_controller:/ros2_kortex_ws/install/rqt_controller_manager:/ros2_kortex_ws/install/ros2controlcli:/ros2_kortex_ws/install/ros2_controllers_test_nodes:/ros2_kortex_ws/install/my_simulation_pkg:/ros2_ws_dev/install/setting_goal:/ros2_ws_dev/install/footprint_tf_pkg:/opt/ros/humble /usr/bin/cmake --build /ros2_ws_dev/build/controller -- -j8 -l8
[1.221s] DEBUG:colcon.colcon_core.event_handler.log_command:Invoking command in '/ros2_ws_dev/build/controller': CMAKE_PREFIX_PATH=${CMAKE_PREFIX_PATH}:/ros_ws/install/synchros2_tutorials_example:/ros_ws/install/spot_examples:/ros_ws/install/spot_common:/ros_ws/install/synchros2:/ros_ws/install/rtabmap_python:/ros2_kortex_ws/install/rqt_joint_trajectory_controller:/ros2_kortex_ws/install/rqt_controller_manager:/ros2_kortex_ws/install/ros2controlcli:/ros2_kortex_ws/install/ros2_controllers_test_nodes:/ros2_kortex_ws/install/my_simulation_pkg:/ros2_ws_dev/install/setting_goal:/ros2_ws_dev/install/footprint_tf_pkg:/opt/ros/humble /usr/bin/cmake --install /ros2_ws_dev/build/controller
[1.252s] Level 1:colcon.colcon_core.environment:create_environment_scripts_only(controller)
[1.253s] DEBUG:colcon.colcon_core.event_handler.log_command:Invoked command in '/ros2_ws_dev/build/controller' returned '0': CMAKE_PREFIX_PATH=${CMAKE_PREFIX_PATH}:/ros_ws/install/synchros2_tutorials_example:/ros_ws/install/spot_examples:/ros_ws/install/spot_common:/ros_ws/install/synchros2:/ros_ws/install/rtabmap_python:/ros2_kortex_ws/install/rqt_joint_trajectory_controller:/ros2_kortex_ws/install/rqt_controller_manager:/ros2_kortex_ws/install/ros2controlcli:/ros2_kortex_ws/install/ros2_controllers_test_nodes:/ros2_kortex_ws/install/my_simulation_pkg:/ros2_ws_dev/install/setting_goal:/ros2_ws_dev/install/footprint_tf_pkg:/opt/ros/humble /usr/bin/cmake --install /ros2_ws_dev/build/controller
[1.256s] Level 1:colcon.colcon_core.environment:checking '/ros2_ws_dev/install/controller' for CMake module files
[1.256s] Level 1:colcon.colcon_core.environment:checking '/ros2_ws_dev/install/controller' for CMake config files
[1.257s] Level 1:colcon.colcon_core.shell:create_environment_hook('controller', 'cmake_prefix_path')
[1.257s] INFO:colcon.colcon_core.shell:Creating environment hook '/ros2_ws_dev/install/controller/share/controller/hook/cmake_prefix_path.ps1'
[1.257s] INFO:colcon.colcon_core.shell:Creating environment descriptor '/ros2_ws_dev/install/controller/share/controller/hook/cmake_prefix_path.dsv'
[1.258s] INFO:colcon.colcon_core.shell:Creating environment hook '/ros2_ws_dev/install/controller/share/controller/hook/cmake_prefix_path.sh'
[1.258s] Level 1:colcon.colcon_core.environment:checking '/ros2_ws_dev/install/controller/lib'
[1.259s] Level 1:colcon.colcon_core.shell:create_environment_hook('controller', 'ld_library_path_lib')
[1.259s] INFO:colcon.colcon_core.shell:Creating environment hook '/ros2_ws_dev/install/controller/share/controller/hook/ld_library_path_lib.ps1'
[1.259s] INFO:colcon.colcon_core.shell:Creating environment descriptor '/ros2_ws_dev/install/controller/share/controller/hook/ld_library_path_lib.dsv'
[1.260s] INFO:colcon.colcon_core.shell:Creating environment hook '/ros2_ws_dev/install/controller/share/controller/hook/ld_library_path_lib.sh'
[1.260s] Level 1:colcon.colcon_core.environment:checking '/ros2_ws_dev/install/controller/bin'
[1.260s] Level 1:colcon.colcon_core.environment:checking '/ros2_ws_dev/install/controller/lib/pkgconfig/controller.pc'
[1.260s] Level 1:colcon.colcon_core.environment:checking '/ros2_ws_dev/install/controller/lib/python3.10/site-packages'
[1.261s] Level 1:colcon.colcon_core.environment:checking '/ros2_ws_dev/install/controller/bin'
[1.261s] INFO:colcon.colcon_core.shell:Creating package script '/ros2_ws_dev/install/controller/share/controller/package.ps1'
[1.262s] INFO:colcon.colcon_core.shell:Creating package descriptor '/ros2_ws_dev/install/controller/share/controller/package.dsv'
[1.262s] INFO:colcon.colcon_core.shell:Creating package script '/ros2_ws_dev/install/controller/share/controller/package.sh'
[1.264s] INFO:colcon.colcon_core.shell:Creating package script '/ros2_ws_dev/install/controller/share/controller/package.bash'
[1.265s] INFO:colcon.colcon_core.shell:Creating package script '/ros2_ws_dev/install/controller/share/controller/package.zsh'
[1.265s] Level 1:colcon.colcon_core.environment:create_file_with_runtime_dependencies(/ros2_ws_dev/install/controller/share/colcon-core/packages/controller)
[1.266s] Level 1:colcon.colcon_core.environment:create_environment_scripts_only(controller)
[1.266s] Level 1:colcon.colcon_core.environment:checking '/ros2_ws_dev/install/controller' for CMake module files
[1.267s] Level 1:colcon.colcon_core.environment:checking '/ros2_ws_dev/install/controller' for CMake config files
[1.267s] Level 1:colcon.colcon_core.shell:create_environment_hook('controller', 'cmake_prefix_path')
[1.267s] INFO:colcon.colcon_core.shell:Creating environment hook '/ros2_ws_dev/install/controller/share/controller/hook/cmake_prefix_path.ps1'
[1.268s] INFO:colcon.colcon_core.shell:Creating environment descriptor '/ros2_ws_dev/install/controller/share/controller/hook/cmake_prefix_path.dsv'
[1.268s] INFO:colcon.colcon_core.shell:Creating environment hook '/ros2_ws_dev/install/controller/share/controller/hook/cmake_prefix_path.sh'
[1.269s] Level 1:colcon.colcon_core.environment:checking '/ros2_ws_dev/install/controller/lib'
[1.269s] Level 1:colcon.colcon_core.shell:create_environment_hook('controller', 'ld_library_path_lib')
[1.269s] INFO:colcon.colcon_core.shell:Creating environment hook '/ros2_ws_dev/install/controller/share/controller/hook/ld_library_path_lib.ps1'
[1.270s] INFO:colcon.colcon_core.shell:Creating environment descriptor '/ros2_ws_dev/install/controller/share/controller/hook/ld_library_path_lib.dsv'
[1.270s] INFO:colcon.colcon_core.shell:Creating environment hook '/ros2_ws_dev/install/controller/share/controller/hook/ld_library_path_lib.sh'
[1.270s] Level 1:colcon.colcon_core.environment:checking '/ros2_ws_dev/install/controller/bin'
[1.270s] Level 1:colcon.colcon_core.environment:checking '/ros2_ws_dev/install/controller/lib/pkgconfig/controller.pc'
[1.271s] Level 1:colcon.colcon_core.environment:checking '/ros2_ws_dev/install/controller/lib/python3.10/site-packages'
[1.271s] Level 1:colcon.colcon_core.environment:checking '/ros2_ws_dev/install/controller/bin'
[1.272s] INFO:colcon.colcon_core.shell:Creating package script '/ros2_ws_dev/install/controller/share/controller/package.ps1'
[1.272s] INFO:colcon.colcon_core.shell:Creating package descriptor '/ros2_ws_dev/install/controller/share/controller/package.dsv'
[1.273s] INFO:colcon.colcon_core.shell:Creating package script '/ros2_ws_dev/install/controller/share/controller/package.sh'
[1.273s] INFO:colcon.colcon_core.shell:Creating package script '/ros2_ws_dev/install/controller/share/controller/package.bash'
[1.273s] INFO:colcon.colcon_core.shell:Creating package script '/ros2_ws_dev/install/controller/share/controller/package.zsh'
[1.274s] Level 1:colcon.colcon_core.environment:create_file_with_runtime_dependencies(/ros2_ws_dev/install/controller/share/colcon-core/packages/controller)
[1.703s] DEBUG:colcon.colcon_core.event_handler.log_command:Invoking command in '/ros2_ws_dev/src/setting_goal': PYTHONPATH=/ros2_ws_dev/build/setting_goal/prefix_override:/usr/lib/python3/dist-packages/colcon_core/task/python/colcon_distutils_commands:/ros2_ws_dev/install/setting_goal/lib/python3.10/site-packages:${PYTHONPATH} /usr/bin/python3 -W ignore:setup.py install is deprecated -W ignore:easy_install command is deprecated setup.py egg_info --egg-base ../../build/setting_goal build --build-base /ros2_ws_dev/build/setting_goal/build install --record /ros2_ws_dev/build/setting_goal/install.log --single-version-externally-managed install_data
[1.721s] DEBUG:colcon.colcon_core.event_handler.log_command:Invoking command in '/ros2_ws_dev/src/footprint_tf_pkg': PYTHONPATH=/ros2_ws_dev/build/footprint_tf_pkg/prefix_override:/usr/lib/python3/dist-packages/colcon_core/task/python/colcon_distutils_commands:/ros2_ws_dev/install/footprint_tf_pkg/lib/python3.10/site-packages:${PYTHONPATH} /usr/bin/python3 -W ignore:setup.py install is deprecated -W ignore:easy_install command is deprecated setup.py egg_info --egg-base ../../build/footprint_tf_pkg build --build-base /ros2_ws_dev/build/footprint_tf_pkg/build install --record /ros2_ws_dev/build/footprint_tf_pkg/install.log --single-version-externally-managed install_data
[2.129s] Level 1:colcon.colcon_core.environment:checking '/ros2_ws_dev/install/setting_goal' for CMake module files
[2.129s] DEBUG:colcon.colcon_core.event_handler.log_command:Invoked command in '/ros2_ws_dev/src/setting_goal' returned '0': PYTHONPATH=/ros2_ws_dev/build/setting_goal/prefix_override:/usr/lib/python3/dist-packages/colcon_core/task/python/colcon_distutils_commands:/ros2_ws_dev/install/setting_goal/lib/python3.10/site-packages:${PYTHONPATH} /usr/bin/python3 -W ignore:setup.py install is deprecated -W ignore:easy_install command is deprecated setup.py egg_info --egg-base ../../build/setting_goal build --build-base /ros2_ws_dev/build/setting_goal/build install --record /ros2_ws_dev/build/setting_goal/install.log --single-version-externally-managed install_data
[2.130s] Level 1:colcon.colcon_core.environment:checking '/ros2_ws_dev/install/setting_goal' for CMake config files
[2.130s] Level 1:colcon.colcon_core.environment:checking '/ros2_ws_dev/install/setting_goal/lib'
[2.131s] Level 1:colcon.colcon_core.environment:checking '/ros2_ws_dev/install/setting_goal/bin'
[2.131s] Level 1:colcon.colcon_core.environment:checking '/ros2_ws_dev/install/setting_goal/lib/pkgconfig/setting_goal.pc'
[2.131s] Level 1:colcon.colcon_core.environment:checking '/ros2_ws_dev/install/setting_goal/lib/python3.10/site-packages'
[2.131s] Level 1:colcon.colcon_core.shell:create_environment_hook('setting_goal', 'pythonpath')
[2.132s] INFO:colcon.colcon_core.shell:Creating environment hook '/ros2_ws_dev/install/setting_goal/share/setting_goal/hook/pythonpath.ps1'
[2.132s] INFO:colcon.colcon_core.shell:Creating environment descriptor '/ros2_ws_dev/install/setting_goal/share/setting_goal/hook/pythonpath.dsv'
[2.133s] INFO:colcon.colcon_core.shell:Creating environment hook '/ros2_ws_dev/install/setting_goal/share/setting_goal/hook/pythonpath.sh'
[2.134s] Level 1:colcon.colcon_core.environment:checking '/ros2_ws_dev/install/setting_goal/bin'
[2.134s] Level 1:colcon.colcon_core.environment:create_environment_scripts_only(setting_goal)
[2.134s] INFO:colcon.colcon_core.shell:Creating package script '/ros2_ws_dev/install/setting_goal/share/setting_goal/package.ps1'
[2.135s] INFO:colcon.colcon_core.shell:Creating package descriptor '/ros2_ws_dev/install/setting_goal/share/setting_goal/package.dsv'
[2.136s] INFO:colcon.colcon_core.shell:Creating package script '/ros2_ws_dev/install/setting_goal/share/setting_goal/package.sh'
[2.136s] INFO:colcon.colcon_core.shell:Creating package script '/ros2_ws_dev/install/setting_goal/share/setting_goal/package.bash'
[2.137s] INFO:colcon.colcon_core.shell:Creating package script '/ros2_ws_dev/install/setting_goal/share/setting_goal/package.zsh'
[2.138s] Level 1:colcon.colcon_core.environment:create_file_with_runtime_dependencies(/ros2_ws_dev/install/setting_goal/share/colcon-core/packages/setting_goal)
[2.149s] Level 1:colcon.colcon_core.environment:checking '/ros2_ws_dev/install/footprint_tf_pkg' for CMake module files
[2.149s] DEBUG:colcon.colcon_core.event_handler.log_command:Invoked command in '/ros2_ws_dev/src/footprint_tf_pkg' returned '0': PYTHONPATH=/ros2_ws_dev/build/footprint_tf_pkg/prefix_override:/usr/lib/python3/dist-packages/colcon_core/task/python/colcon_distutils_commands:/ros2_ws_dev/install/footprint_tf_pkg/lib/python3.10/site-packages:${PYTHONPATH} /usr/bin/python3 -W ignore:setup.py install is deprecated -W ignore:easy_install command is deprecated setup.py egg_info --egg-base ../../build/footprint_tf_pkg build --build-base /ros2_ws_dev/build/footprint_tf_pkg/build install --record /ros2_ws_dev/build/footprint_tf_pkg/install.log --single-version-externally-managed install_data
[2.150s] Level 1:colcon.colcon_core.environment:checking '/ros2_ws_dev/install/footprint_tf_pkg' for CMake config files
[2.151s] Level 1:colcon.colcon_core.environment:checking '/ros2_ws_dev/install/footprint_tf_pkg/lib'
[2.151s] Level 1:colcon.colcon_core.environment:checking '/ros2_ws_dev/install/footprint_tf_pkg/bin'
[2.151s] Level 1:colcon.colcon_core.environment:checking '/ros2_ws_dev/install/footprint_tf_pkg/lib/pkgconfig/footprint_tf_pkg.pc'
[2.151s] Level 1:colcon.colcon_core.environment:checking '/ros2_ws_dev/install/footprint_tf_pkg/lib/python3.10/site-packages'
[2.151s] Level 1:colcon.colcon_core.shell:create_environment_hook('footprint_tf_pkg', 'pythonpath')
[2.152s] INFO:colcon.colcon_core.shell:Creating environment hook '/ros2_ws_dev/install/footprint_tf_pkg/share/footprint_tf_pkg/hook/pythonpath.ps1'
[2.152s] INFO:colcon.colcon_core.shell:Creating environment descriptor '/ros2_ws_dev/install/footprint_tf_pkg/share/footprint_tf_pkg/hook/pythonpath.dsv'
[2.153s] INFO:colcon.colcon_core.shell:Creating environment hook '/ros2_ws_dev/install/footprint_tf_pkg/share/footprint_tf_pkg/hook/pythonpath.sh'
[2.154s] Level 1:colcon.colcon_core.environment:checking '/ros2_ws_dev/install/footprint_tf_pkg/bin'
[2.154s] Level 1:colcon.colcon_core.environment:create_environment_scripts_only(footprint_tf_pkg)
[2.154s] INFO:colcon.colcon_core.shell:Creating package script '/ros2_ws_dev/install/footprint_tf_pkg/share/footprint_tf_pkg/package.ps1'
[2.155s] INFO:colcon.colcon_core.shell:Creating package descriptor '/ros2_ws_dev/install/footprint_tf_pkg/share/footprint_tf_pkg/package.dsv'
[2.155s] INFO:colcon.colcon_core.shell:Creating package script '/ros2_ws_dev/install/footprint_tf_pkg/share/footprint_tf_pkg/package.sh'
[2.156s] INFO:colcon.colcon_core.shell:Creating package script '/ros2_ws_dev/install/footprint_tf_pkg/share/footprint_tf_pkg/package.bash'
[2.156s] INFO:colcon.colcon_core.shell:Creating package script '/ros2_ws_dev/install/footprint_tf_pkg/share/footprint_tf_pkg/package.zsh'
[2.157s] Level 1:colcon.colcon_core.environment:create_file_with_runtime_dependencies(/ros2_ws_dev/install/footprint_tf_pkg/share/colcon-core/packages/footprint_tf_pkg)
[2.157s] DEBUG:colcon.colcon_parallel_executor.executor.parallel:closing loop
[2.157s] DEBUG:colcon.colcon_parallel_executor.executor.parallel:loop closed
[2.157s] DEBUG:colcon.colcon_parallel_executor.executor.parallel:run_until_complete finished with '0'
[2.157s] DEBUG:colcon.colcon_core.event_reactor:joining thread
[2.165s] INFO:colcon.colcon_core.plugin_system:Skipping extension 'colcon_notification.desktop_notification.notify_send': Could not find 'notify-send'
[2.165s] INFO:colcon.colcon_core.plugin_system:Skipping extension 'colcon_notification.desktop_notification.terminal_notifier': Not used on non-Darwin systems
[2.165s] INFO:colcon.colcon_core.plugin_system:Skipping extension 'colcon_notification.desktop_notification.win32': Not used on non-Windows systems
[2.165s] INFO:colcon.colcon_notification.desktop_notification:Sending desktop notification using 'notify2'
[2.168s] DEBUG:colcon.colcon_notification.desktop_notification.notify2:Failed to initialize notify2: org.freedesktop.DBus.Error.Spawn.ExecFailed: /usr/bin/dbus-launch terminated abnormally without any error message
[2.168s] DEBUG:colcon.colcon_core.event_reactor:joined thread
[2.169s] INFO:colcon.colcon_core.shell:Creating prefix script '/ros2_ws_dev/install/local_setup.ps1'
[2.171s] INFO:colcon.colcon_core.shell:Creating prefix util module '/ros2_ws_dev/install/_local_setup_util_ps1.py'
[2.173s] INFO:colcon.colcon_core.shell:Creating prefix chain script '/ros2_ws_dev/install/setup.ps1'
[2.180s] INFO:colcon.colcon_core.shell:Creating prefix script '/ros2_ws_dev/install/local_setup.sh'
[2.181s] INFO:colcon.colcon_core.shell:Creating prefix util module '/ros2_ws_dev/install/_local_setup_util_sh.py'
[2.181s] INFO:colcon.colcon_core.shell:Creating prefix chain script '/ros2_ws_dev/install/setup.sh'
[2.188s] INFO:colcon.colcon_core.shell:Creating prefix script '/ros2_ws_dev/install/local_setup.bash'
[2.189s] INFO:colcon.colcon_core.shell:Creating prefix chain script '/ros2_ws_dev/install/setup.bash'
[2.195s] INFO:colcon.colcon_core.shell:Creating prefix script '/ros2_ws_dev/install/local_setup.zsh'
[2.196s] INFO:colcon.colcon_core.shell:Creating prefix chain script '/ros2_ws_dev/install/setup.zsh'
