[0.671s] Invoking command in '/ros2_ws_dev/src/setting_goal': PYTHONPATH=/ros2_ws_dev/build/setting_goal/prefix_override:/usr/lib/python3/dist-packages/colcon_core/task/python/colcon_distutils_commands:/ros2_ws_dev/install/setting_goal/lib/python3.10/site-packages:${PYTHONPATH} /usr/bin/python3 -W ignore:setup.py install is deprecated -W ignore:easy_install command is deprecated setup.py egg_info --egg-base ../../build/setting_goal build --build-base /ros2_ws_dev/build/setting_goal/build install --record /ros2_ws_dev/build/setting_goal/install.log --single-version-externally-managed install_data
[0.893s] running egg_info
[0.893s] writing ../../build/setting_goal/setting_goal.egg-info/PKG-INFO
[0.897s] writing dependency_links to ../../build/setting_goal/setting_goal.egg-info/dependency_links.txt
[0.898s] writing entry points to ../../build/setting_goal/setting_goal.egg-info/entry_points.txt
[0.898s] writing requirements to ../../build/setting_goal/setting_goal.egg-info/requires.txt
[0.898s] writing top-level names to ../../build/setting_goal/setting_goal.egg-info/top_level.txt
[0.900s] reading manifest file '../../build/setting_goal/setting_goal.egg-info/SOURCES.txt'
[0.901s] writing manifest file '../../build/setting_goal/setting_goal.egg-info/SOURCES.txt'
[0.901s] running build
[0.901s] running build_py
[0.902s] running install
[0.902s] running install_lib
[0.905s] running install_data
[0.906s] running install_egg_info
[0.907s] removing '/ros2_ws_dev/install/setting_goal/lib/python3.10/site-packages/setting_goal-0.0.0-py3.10.egg-info' (and everything under it)
[0.908s] Copying ../../build/setting_goal/setting_goal.egg-info to /ros2_ws_dev/install/setting_goal/lib/python3.10/site-packages/setting_goal-0.0.0-py3.10.egg-info
[0.909s] running install_scripts
[0.925s] Installing gotopoint script to /ros2_ws_dev/install/setting_goal/lib/setting_goal
[0.926s] writing list of installed files to '/ros2_ws_dev/build/setting_goal/install.log'
[0.945s] Invoked command in '/ros2_ws_dev/src/setting_goal' returned '0': PYTHONPATH=/ros2_ws_dev/build/setting_goal/prefix_override:/usr/lib/python3/dist-packages/colcon_core/task/python/colcon_distutils_commands:/ros2_ws_dev/install/setting_goal/lib/python3.10/site-packages:${PYTHONPATH} /usr/bin/python3 -W ignore:setup.py install is deprecated -W ignore:easy_install command is deprecated setup.py egg_info --egg-base ../../build/setting_goal build --build-base /ros2_ws_dev/build/setting_goal/build install --record /ros2_ws_dev/build/setting_goal/install.log --single-version-externally-managed install_data
