running egg_info
creating ../../build/footprint_tf_pkg/footprint_tf_pkg.egg-info
writing ../../build/footprint_tf_pkg/footprint_tf_pkg.egg-info/PKG-INFO
writing dependency_links to ../../build/footprint_tf_pkg/footprint_tf_pkg.egg-info/dependency_links.txt
writing entry points to ../../build/footprint_tf_pkg/footprint_tf_pkg.egg-info/entry_points.txt
writing requirements to ../../build/footprint_tf_pkg/footprint_tf_pkg.egg-info/requires.txt
writing top-level names to ../../build/footprint_tf_pkg/footprint_tf_pkg.egg-info/top_level.txt
writing manifest file '../../build/footprint_tf_pkg/footprint_tf_pkg.egg-info/SOURCES.txt'
reading manifest file '../../build/footprint_tf_pkg/footprint_tf_pkg.egg-info/SOURCES.txt'
writing manifest file '../../build/footprint_tf_pkg/footprint_tf_pkg.egg-info/SOURCES.txt'
running build
running build_py
creating /ros2_ws_dev/build/footprint_tf_pkg/build
creating /ros2_ws_dev/build/footprint_tf_pkg/build/lib
creating /ros2_ws_dev/build/footprint_tf_pkg/build/lib/footprint_tf_pkg
copying footprint_tf_pkg/footprint_tf_node.py -> /ros2_ws_dev/build/footprint_tf_pkg/build/lib/footprint_tf_pkg
copying footprint_tf_pkg/__init__.py -> /ros2_ws_dev/build/footprint_tf_pkg/build/lib/footprint_tf_pkg
running install
running install_lib
creating /ros2_ws_dev/install/footprint_tf_pkg/lib/python3.10/site-packages/footprint_tf_pkg
copying /ros2_ws_dev/build/footprint_tf_pkg/build/lib/footprint_tf_pkg/footprint_tf_node.py -> /ros2_ws_dev/install/footprint_tf_pkg/lib/python3.10/site-packages/footprint_tf_pkg
copying /ros2_ws_dev/build/footprint_tf_pkg/build/lib/footprint_tf_pkg/__init__.py -> /ros2_ws_dev/install/footprint_tf_pkg/lib/python3.10/site-packages/footprint_tf_pkg
byte-compiling /ros2_ws_dev/install/footprint_tf_pkg/lib/python3.10/site-packages/footprint_tf_pkg/footprint_tf_node.py to footprint_tf_node.cpython-310.pyc
byte-compiling /ros2_ws_dev/install/footprint_tf_pkg/lib/python3.10/site-packages/footprint_tf_pkg/__init__.py to __init__.cpython-310.pyc
running install_data
creating /ros2_ws_dev/install/footprint_tf_pkg/share/ament_index
creating /ros2_ws_dev/install/footprint_tf_pkg/share/ament_index/resource_index
creating /ros2_ws_dev/install/footprint_tf_pkg/share/ament_index/resource_index/packages
copying resource/footprint_tf_pkg -> /ros2_ws_dev/install/footprint_tf_pkg/share/ament_index/resource_index/packages
copying package.xml -> /ros2_ws_dev/install/footprint_tf_pkg/share/footprint_tf_pkg
running install_egg_info
Copying ../../build/footprint_tf_pkg/footprint_tf_pkg.egg-info to /ros2_ws_dev/install/footprint_tf_pkg/lib/python3.10/site-packages/footprint_tf_pkg-0.0.0-py3.10.egg-info
running install_scripts
Installing footprint_tf_node script to /ros2_ws_dev/install/footprint_tf_pkg/lib/footprint_tf_pkg
writing list of installed files to '/ros2_ws_dev/build/footprint_tf_pkg/install.log'
