[0.062s] Invoking command in '/ros2_ws_dev/build/controller': CMAKE_PREFIX_PATH=${CMAKE_PREFIX_PATH}:/ros_ws/install/synchros2_tutorials_example:/ros_ws/install/spot_examples:/ros_ws/install/spot_common:/ros_ws/install/synchros2:/ros_ws/install/rtabmap_python:/ros2_kortex_ws/install/rqt_joint_trajectory_controller:/ros2_kortex_ws/install/rqt_controller_manager:/ros2_kortex_ws/install/ros2controlcli:/ros2_kortex_ws/install/ros2_controllers_test_nodes:/ros2_kortex_ws/install/my_simulation_pkg:/ros2_ws_dev/install/setting_goal:/ros2_ws_dev/install/footprint_tf_pkg:/opt/ros/humble /usr/bin/cmake --build /ros2_ws_dev/build/controller -- -j8 -l8
[0.436s] [100%] Built target pure_controller
[0.795s] Invoked command in '/ros2_ws_dev/build/controller' returned '0': CMAKE_PREFIX_PATH=${CMAKE_PREFIX_PATH}:/ros_ws/install/synchros2_tutorials_example:/ros_ws/install/spot_examples:/ros_ws/install/spot_common:/ros_ws/install/synchros2:/ros_ws/install/rtabmap_python:/ros2_kortex_ws/install/rqt_joint_trajectory_controller:/ros2_kortex_ws/install/rqt_controller_manager:/ros2_kortex_ws/install/ros2controlcli:/ros2_kortex_ws/install/ros2_controllers_test_nodes:/ros2_kortex_ws/install/my_simulation_pkg:/ros2_ws_dev/install/setting_goal:/ros2_ws_dev/install/footprint_tf_pkg:/opt/ros/humble /usr/bin/cmake --build /ros2_ws_dev/build/controller -- -j8 -l8
[0.809s] Invoking command in '/ros2_ws_dev/build/controller': CMAKE_PREFIX_PATH=${CMAKE_PREFIX_PATH}:/ros_ws/install/synchros2_tutorials_example:/ros_ws/install/spot_examples:/ros_ws/install/spot_common:/ros_ws/install/synchros2:/ros_ws/install/rtabmap_python:/ros2_kortex_ws/install/rqt_joint_trajectory_controller:/ros2_kortex_ws/install/rqt_controller_manager:/ros2_kortex_ws/install/ros2controlcli:/ros2_kortex_ws/install/ros2_controllers_test_nodes:/ros2_kortex_ws/install/my_simulation_pkg:/ros2_ws_dev/install/setting_goal:/ros2_ws_dev/install/footprint_tf_pkg:/opt/ros/humble /usr/bin/cmake --install /ros2_ws_dev/build/controller
[0.820s] -- Install configuration: "Release"
[0.822s] -- Execute custom install script
[0.822s] -- Up-to-date symlink: /ros2_ws_dev/install/controller/lib/libpure_controller.so
[0.823s] -- Up-to-date symlink: /ros2_ws_dev/install/controller/include//nav2_pure_controller/pure_controller.hpp
[0.824s] -- Up-to-date symlink: /ros2_ws_dev/install/controller/share/controller/environment/library_path.sh
[0.824s] -- Up-to-date symlink: /ros2_ws_dev/install/controller/share/controller/environment/library_path.dsv
[0.824s] -- Up-to-date symlink: /ros2_ws_dev/install/controller/share/controller//pure_controller.xml
[0.825s] -- Up-to-date symlink: /ros2_ws_dev/install/controller/share/ament_index/resource_index/package_run_dependencies/controller
[0.825s] -- Up-to-date symlink: /ros2_ws_dev/install/controller/share/ament_index/resource_index/parent_prefix_path/controller
[0.825s] -- Up-to-date symlink: /ros2_ws_dev/install/controller/share/controller/environment/ament_prefix_path.sh
[0.825s] -- Up-to-date symlink: /ros2_ws_dev/install/controller/share/controller/environment/ament_prefix_path.dsv
[0.826s] -- Up-to-date symlink: /ros2_ws_dev/install/controller/share/controller/environment/path.sh
[0.826s] -- Up-to-date symlink: /ros2_ws_dev/install/controller/share/controller/environment/path.dsv
[0.826s] -- Up-to-date symlink: /ros2_ws_dev/install/controller/share/controller/local_setup.bash
[0.827s] -- Up-to-date symlink: /ros2_ws_dev/install/controller/share/controller/local_setup.sh
[0.827s] -- Up-to-date symlink: /ros2_ws_dev/install/controller/share/controller/local_setup.zsh
[0.827s] -- Up-to-date symlink: /ros2_ws_dev/install/controller/share/controller/local_setup.dsv
[0.827s] -- Symlinking: /ros2_ws_dev/install/controller/share/controller/package.dsv
[0.840s] -- Up-to-date symlink: /ros2_ws_dev/install/controller/share/ament_index/resource_index/packages/controller
[0.841s] -- Up-to-date symlink: /ros2_ws_dev/install/controller/share/ament_index/resource_index/nav2_core__pluginlib__plugin/controller
[0.841s] -- Up-to-date symlink: /ros2_ws_dev/install/controller/share/controller/cmake/ament_cmake_export_include_directories-extras.cmake
[0.841s] -- Up-to-date symlink: /ros2_ws_dev/install/controller/share/controller/cmake/ament_cmake_export_libraries-extras.cmake
[0.842s] -- Up-to-date symlink: /ros2_ws_dev/install/controller/share/controller/cmake/ament_cmake_export_dependencies-extras.cmake
[0.842s] -- Up-to-date symlink: /ros2_ws_dev/install/controller/share/controller/cmake/controllerConfig.cmake
[0.842s] -- Up-to-date symlink: /ros2_ws_dev/install/controller/share/controller/cmake/controllerConfig-version.cmake
[0.843s] -- Up-to-date symlink: /ros2_ws_dev/install/controller/share/controller/package.xml
[0.844s] Invoked command in '/ros2_ws_dev/build/controller' returned '0': CMAKE_PREFIX_PATH=${CMAKE_PREFIX_PATH}:/ros_ws/install/synchros2_tutorials_example:/ros_ws/install/spot_examples:/ros_ws/install/spot_common:/ros_ws/install/synchros2:/ros_ws/install/rtabmap_python:/ros2_kortex_ws/install/rqt_joint_trajectory_controller:/ros2_kortex_ws/install/rqt_controller_manager:/ros2_kortex_ws/install/ros2controlcli:/ros2_kortex_ws/install/ros2_controllers_test_nodes:/ros2_kortex_ws/install/my_simulation_pkg:/ros2_ws_dev/install/setting_goal:/ros2_ws_dev/install/footprint_tf_pkg:/opt/ros/humble /usr/bin/cmake --install /ros2_ws_dev/build/controller
