-- The C compiler identification is GNU 11.4.0
-- The CXX compiler identification is GNU 11.4.0
-- Detecting C compiler ABI info
-- Detecting C compiler ABI info - done
-- Check for working C compiler: /usr/bin/cc - skipped
-- Detecting C compile features
-- Detecting C compile features - done
-- Detecting CXX compiler ABI info
-- Detecting CXX compiler ABI info - done
-- Check for working CXX compiler: /usr/bin/c++ - skipped
-- Detecting CXX compile features
-- Detecting CXX compile features - done
-- Found ament_cmake: 1.3.13 (/opt/ros/humble/share/ament_cmake/cmake)
-- Found Python3: /usr/bin/python3 (found version "3.10.12") found components: Interpreter 
-- Found geometry_msgs: 4.9.1 (/opt/ros/humble/share/geometry_msgs/cmake)
-- Found rosidl_generator_c: 3.1.8 (/opt/ros/humble/share/rosidl_generator_c/cmake)
-- Found rosidl_adapter: 3.1.8 (/opt/ros/humble/share/rosidl_adapter/cmake)
-- Found rosidl_generator_cpp: 3.1.8 (/opt/ros/humble/share/rosidl_generator_cpp/cmake)
-- Using all available rosidl_typesupport_c: rosidl_typesupport_fastrtps_c;rosidl_typesupport_introspection_c
-- Using all available rosidl_typesupport_cpp: rosidl_typesupport_fastrtps_cpp;rosidl_typesupport_introspection_cpp
-- Found rosidl_default_generators: 1.2.0 (/opt/ros/humble/share/rosidl_default_generators/cmake)
-- Found ament_cmake_ros: 0.10.0 (/opt/ros/humble/share/ament_cmake_ros/cmake)
-- Using all available rosidl_typesupport_c: rosidl_typesupport_fastrtps_c;rosidl_typesupport_introspection_c
-- Using all available rosidl_typesupport_cpp: rosidl_typesupport_fastrtps_cpp;rosidl_typesupport_introspection_cpp
-- Found PythonInterp: /usr/bin/python3 (found suitable version "3.10.12", minimum required is "3.6") 
-- Found python_cmake_module: 0.10.0 (/opt/ros/humble/share/python_cmake_module/cmake)
-- Found PythonLibs: /usr/lib/x86_64-linux-gnu/libpython3.10.so (found suitable version "3.10.12", minimum required is "3.5") 
-- Using PYTHON_EXECUTABLE: /usr/bin/python3
-- Using PYTHON_INCLUDE_DIRS: /usr/include/python3.10
-- Using PYTHON_LIBRARIES: /usr/lib/x86_64-linux-gnu/libpython3.10.so
-- Found PythonExtra: .so  
-- Found ament_lint_auto: 0.12.15 (/opt/ros/humble/share/ament_lint_auto/cmake)
-- Added test 'lint_cmake' to check CMake code style
-- Added test 'xmllint' to check XML markup files
-- Configuring done
-- Generating done
-- Build files have been written to: /ros2_ws_dev/build/custom_msg_srv
[  2%] [34m[1mGenerating C code for ROS interfaces[0m
[  4%] [34m[1mGenerating C++ code for ROS interfaces[0m
[  4%] Built target ament_cmake_python_copy_custom_msg_srv
running egg_info
creating custom_msg_srv.egg-info
writing custom_msg_srv.egg-info/PKG-INFO
writing dependency_links to custom_msg_srv.egg-info/dependency_links.txt
writing top-level names to custom_msg_srv.egg-info/top_level.txt
writing manifest file 'custom_msg_srv.egg-info/SOURCES.txt'
reading manifest file 'custom_msg_srv.egg-info/SOURCES.txt'
writing manifest file 'custom_msg_srv.egg-info/SOURCES.txt'
[  4%] Built target ament_cmake_python_build_custom_msg_srv_egg
[  4%] Built target custom_msg_srv__cpp
[  6%] [34m[1mGenerating C++ introspection for ROS interfaces[0m
[  8%] [34m[1mGenerating C++ type support dispatch for ROS interfaces[0m
[ 10%] [34m[1mGenerating C++ type support for eProsima Fast-RTPS[0m
[ 14%] [32mBuilding C object CMakeFiles/custom_msg_srv__rosidl_generator_c.dir/rosidl_generator_c/custom_msg_srv/msg/detail/trajectory__functions.c.o[0m
[ 14%] [32mBuilding C object CMakeFiles/custom_msg_srv__rosidl_generator_c.dir/rosidl_generator_c/custom_msg_srv/msg/detail/rotate__functions.c.o[0m
[ 17%] [32mBuilding C object CMakeFiles/custom_msg_srv__rosidl_generator_c.dir/rosidl_generator_c/custom_msg_srv/srv/detail/get_battery_state__functions.c.o[0m
[ 19%] [32m[1mLinking C shared library libcustom_msg_srv__rosidl_generator_c.so[0m
[ 19%] Built target custom_msg_srv__rosidl_generator_c
[ 21%] [34m[1mGenerating C type support for eProsima Fast-RTPS[0m
[ 23%] [34m[1mGenerating C introspection for ROS interfaces[0m
[ 25%] [34m[1mGenerating C type support dispatch for ROS interfaces[0m
[ 27%] [32mBuilding CXX object CMakeFiles/custom_msg_srv__rosidl_typesupport_cpp.dir/rosidl_typesupport_cpp/custom_msg_srv/msg/rotate__type_support.cpp.o[0m
[ 29%] [32mBuilding CXX object CMakeFiles/custom_msg_srv__rosidl_typesupport_cpp.dir/rosidl_typesupport_cpp/custom_msg_srv/msg/trajectory__type_support.cpp.o[0m
[ 31%] [32mBuilding CXX object CMakeFiles/custom_msg_srv__rosidl_typesupport_cpp.dir/rosidl_typesupport_cpp/custom_msg_srv/srv/get_battery_state__type_support.cpp.o[0m
[ 34%] [32mBuilding CXX object CMakeFiles/custom_msg_srv__rosidl_typesupport_introspection_cpp.dir/rosidl_typesupport_introspection_cpp/custom_msg_srv/msg/detail/trajectory__type_support.cpp.o[0m
[ 36%] [32mBuilding CXX object CMakeFiles/custom_msg_srv__rosidl_typesupport_fastrtps_cpp.dir/rosidl_typesupport_fastrtps_cpp/custom_msg_srv/msg/detail/dds_fastrtps/trajectory__type_support.cpp.o[0m
[ 38%] [32mBuilding CXX object CMakeFiles/custom_msg_srv__rosidl_typesupport_c.dir/rosidl_typesupport_c/custom_msg_srv/msg/trajectory__type_support.cpp.o[0m
[ 40%] [32mBuilding CXX object CMakeFiles/custom_msg_srv__rosidl_typesupport_c.dir/rosidl_typesupport_c/custom_msg_srv/msg/rotate__type_support.cpp.o[0m
[ 42%] [32mBuilding CXX object CMakeFiles/custom_msg_srv__rosidl_typesupport_c.dir/rosidl_typesupport_c/custom_msg_srv/srv/get_battery_state__type_support.cpp.o[0m
[ 44%] [32mBuilding C object CMakeFiles/custom_msg_srv__rosidl_typesupport_introspection_c.dir/rosidl_typesupport_introspection_c/custom_msg_srv/msg/detail/trajectory__type_support.c.o[0m
[ 46%] [32m[1mLinking CXX shared library libcustom_msg_srv__rosidl_typesupport_c.so[0m
[ 48%] [32mBuilding C object CMakeFiles/custom_msg_srv__rosidl_typesupport_introspection_c.dir/rosidl_typesupport_introspection_c/custom_msg_srv/msg/detail/rotate__type_support.c.o[0m
[ 51%] [32mBuilding CXX object CMakeFiles/custom_msg_srv__rosidl_typesupport_fastrtps_c.dir/rosidl_typesupport_fastrtps_c/custom_msg_srv/msg/detail/trajectory__type_support_c.cpp.o[0m
[ 53%] [32mBuilding C object CMakeFiles/custom_msg_srv__rosidl_typesupport_introspection_c.dir/rosidl_typesupport_introspection_c/custom_msg_srv/srv/detail/get_battery_state__type_support.c.o[0m
[ 53%] Built target custom_msg_srv__rosidl_typesupport_c
[ 55%] [32mBuilding CXX object CMakeFiles/custom_msg_srv__rosidl_typesupport_fastrtps_c.dir/rosidl_typesupport_fastrtps_c/custom_msg_srv/msg/detail/rotate__type_support_c.cpp.o[0m
[ 57%] [32mBuilding CXX object CMakeFiles/custom_msg_srv__rosidl_typesupport_fastrtps_c.dir/rosidl_typesupport_fastrtps_c/custom_msg_srv/srv/detail/get_battery_state__type_support_c.cpp.o[0m
[ 59%] [32m[1mLinking CXX shared library libcustom_msg_srv__rosidl_typesupport_cpp.so[0m
[ 61%] [32mBuilding CXX object CMakeFiles/custom_msg_srv__rosidl_typesupport_fastrtps_cpp.dir/rosidl_typesupport_fastrtps_cpp/custom_msg_srv/msg/detail/dds_fastrtps/rotate__type_support.cpp.o[0m
[ 63%] [32m[1mLinking C shared library libcustom_msg_srv__rosidl_typesupport_introspection_c.so[0m
[ 63%] Built target custom_msg_srv__rosidl_typesupport_cpp
[ 63%] Built target custom_msg_srv__rosidl_typesupport_introspection_c
[ 65%] [32mBuilding CXX object CMakeFiles/custom_msg_srv__rosidl_typesupport_fastrtps_cpp.dir/rosidl_typesupport_fastrtps_cpp/custom_msg_srv/srv/detail/dds_fastrtps/get_battery_state__type_support.cpp.o[0m
[ 68%] [32mBuilding CXX object CMakeFiles/custom_msg_srv__rosidl_typesupport_introspection_cpp.dir/rosidl_typesupport_introspection_cpp/custom_msg_srv/msg/detail/rotate__type_support.cpp.o[0m
[ 70%] [32mBuilding CXX object CMakeFiles/custom_msg_srv__rosidl_typesupport_introspection_cpp.dir/rosidl_typesupport_introspection_cpp/custom_msg_srv/srv/detail/get_battery_state__type_support.cpp.o[0m
[ 72%] [32m[1mLinking CXX shared library libcustom_msg_srv__rosidl_typesupport_fastrtps_c.so[0m
[ 72%] Built target custom_msg_srv__rosidl_typesupport_fastrtps_c
[ 74%] [32m[1mLinking CXX shared library libcustom_msg_srv__rosidl_typesupport_fastrtps_cpp.so[0m
[ 76%] [32m[1mLinking CXX shared library libcustom_msg_srv__rosidl_typesupport_introspection_cpp.so[0m
[ 76%] Built target custom_msg_srv__rosidl_typesupport_fastrtps_cpp
[ 76%] Built target custom_msg_srv__rosidl_typesupport_introspection_cpp
[ 76%] Built target custom_msg_srv
[ 78%] [34m[1mGenerating Python code for ROS interfaces[0m
[ 78%] Built target custom_msg_srv__py
[ 80%] [32mBuilding C object CMakeFiles/custom_msg_srv__rosidl_generator_py.dir/rosidl_generator_py/custom_msg_srv/msg/_trajectory_s.c.o[0m
[ 85%] [32mBuilding C object CMakeFiles/custom_msg_srv__rosidl_generator_py.dir/rosidl_generator_py/custom_msg_srv/srv/_get_battery_state_s.c.o[0m
[ 85%] [32mBuilding C object CMakeFiles/custom_msg_srv__rosidl_generator_py.dir/rosidl_generator_py/custom_msg_srv/msg/_rotate_s.c.o[0m
[ 87%] [32m[1mLinking C shared library rosidl_generator_py/custom_msg_srv/libcustom_msg_srv__rosidl_generator_py.so[0m
[ 87%] Built target custom_msg_srv__rosidl_generator_py
[ 89%] [32mBuilding C object CMakeFiles/custom_msg_srv__rosidl_typesupport_fastrtps_c__pyext.dir/rosidl_generator_py/custom_msg_srv/_custom_msg_srv_s.ep.rosidl_typesupport_fastrtps_c.c.o[0m
[ 91%] [32mBuilding C object CMakeFiles/custom_msg_srv__rosidl_typesupport_c__pyext.dir/rosidl_generator_py/custom_msg_srv/_custom_msg_srv_s.ep.rosidl_typesupport_c.c.o[0m
[ 93%] [32mBuilding C object CMakeFiles/custom_msg_srv__rosidl_typesupport_introspection_c__pyext.dir/rosidl_generator_py/custom_msg_srv/_custom_msg_srv_s.ep.rosidl_typesupport_introspection_c.c.o[0m
[ 95%] [32m[1mLinking C shared library rosidl_generator_py/custom_msg_srv/custom_msg_srv_s__rosidl_typesupport_c.cpython-310-x86_64-linux-gnu.so[0m
[100%] [32m[1mLinking C shared library rosidl_generator_py/custom_msg_srv/custom_msg_srv_s__rosidl_typesupport_introspection_c.cpython-310-x86_64-linux-gnu.so[0m
[100%] [32m[1mLinking C shared library rosidl_generator_py/custom_msg_srv/custom_msg_srv_s__rosidl_typesupport_fastrtps_c.cpython-310-x86_64-linux-gnu.so[0m
[100%] Built target custom_msg_srv__rosidl_typesupport_c__pyext
[100%] Built target custom_msg_srv__rosidl_typesupport_introspection_c__pyext
[100%] Built target custom_msg_srv__rosidl_typesupport_fastrtps_c__pyext
-- Install configuration: ""
-- Installing: /ros2_ws_dev/install/custom_msg_srv/share/ament_index/resource_index/rosidl_interfaces/custom_msg_srv
-- Installing: /ros2_ws_dev/install/custom_msg_srv/include/custom_msg_srv/custom_msg_srv
-- Installing: /ros2_ws_dev/install/custom_msg_srv/include/custom_msg_srv/custom_msg_srv/srv
-- Installing: /ros2_ws_dev/install/custom_msg_srv/include/custom_msg_srv/custom_msg_srv/srv/detail
-- Installing: /ros2_ws_dev/install/custom_msg_srv/include/custom_msg_srv/custom_msg_srv/srv/detail/get_battery_state__functions.h
-- Installing: /ros2_ws_dev/install/custom_msg_srv/include/custom_msg_srv/custom_msg_srv/srv/detail/get_battery_state__type_support.h
-- Installing: /ros2_ws_dev/install/custom_msg_srv/include/custom_msg_srv/custom_msg_srv/srv/detail/get_battery_state__functions.c
-- Installing: /ros2_ws_dev/install/custom_msg_srv/include/custom_msg_srv/custom_msg_srv/srv/detail/get_battery_state__struct.h
-- Installing: /ros2_ws_dev/install/custom_msg_srv/include/custom_msg_srv/custom_msg_srv/srv/get_battery_state.h
-- Installing: /ros2_ws_dev/install/custom_msg_srv/include/custom_msg_srv/custom_msg_srv/msg
-- Installing: /ros2_ws_dev/install/custom_msg_srv/include/custom_msg_srv/custom_msg_srv/msg/detail
-- Installing: /ros2_ws_dev/install/custom_msg_srv/include/custom_msg_srv/custom_msg_srv/msg/detail/rotate__functions.h
-- Installing: /ros2_ws_dev/install/custom_msg_srv/include/custom_msg_srv/custom_msg_srv/msg/detail/trajectory__functions.h
-- Installing: /ros2_ws_dev/install/custom_msg_srv/include/custom_msg_srv/custom_msg_srv/msg/detail/trajectory__type_support.h
-- Installing: /ros2_ws_dev/install/custom_msg_srv/include/custom_msg_srv/custom_msg_srv/msg/detail/rotate__type_support.h
-- Installing: /ros2_ws_dev/install/custom_msg_srv/include/custom_msg_srv/custom_msg_srv/msg/detail/rotate__struct.h
-- Installing: /ros2_ws_dev/install/custom_msg_srv/include/custom_msg_srv/custom_msg_srv/msg/detail/rotate__functions.c
-- Installing: /ros2_ws_dev/install/custom_msg_srv/include/custom_msg_srv/custom_msg_srv/msg/detail/trajectory__struct.h
-- Installing: /ros2_ws_dev/install/custom_msg_srv/include/custom_msg_srv/custom_msg_srv/msg/detail/trajectory__functions.c
-- Installing: /ros2_ws_dev/install/custom_msg_srv/include/custom_msg_srv/custom_msg_srv/msg/rotate.h
-- Installing: /ros2_ws_dev/install/custom_msg_srv/include/custom_msg_srv/custom_msg_srv/msg/trajectory.h
-- Installing: /ros2_ws_dev/install/custom_msg_srv/include/custom_msg_srv/custom_msg_srv/msg/rosidl_generator_c__visibility_control.h
-- Installing: /ros2_ws_dev/install/custom_msg_srv/share/custom_msg_srv/environment/library_path.sh
-- Installing: /ros2_ws_dev/install/custom_msg_srv/share/custom_msg_srv/environment/library_path.dsv
-- Installing: /ros2_ws_dev/install/custom_msg_srv/lib/libcustom_msg_srv__rosidl_generator_c.so
-- Set runtime path of "/ros2_ws_dev/install/custom_msg_srv/lib/libcustom_msg_srv__rosidl_generator_c.so" to ""
-- Up-to-date: /ros2_ws_dev/install/custom_msg_srv/include/custom_msg_srv/custom_msg_srv
-- Up-to-date: /ros2_ws_dev/install/custom_msg_srv/include/custom_msg_srv/custom_msg_srv/srv
-- Up-to-date: /ros2_ws_dev/install/custom_msg_srv/include/custom_msg_srv/custom_msg_srv/srv/detail
-- Installing: /ros2_ws_dev/install/custom_msg_srv/include/custom_msg_srv/custom_msg_srv/srv/detail/get_battery_state__rosidl_typesupport_fastrtps_c.h
-- Up-to-date: /ros2_ws_dev/install/custom_msg_srv/include/custom_msg_srv/custom_msg_srv/msg
-- Up-to-date: /ros2_ws_dev/install/custom_msg_srv/include/custom_msg_srv/custom_msg_srv/msg/detail
-- Installing: /ros2_ws_dev/install/custom_msg_srv/include/custom_msg_srv/custom_msg_srv/msg/detail/rotate__rosidl_typesupport_fastrtps_c.h
-- Installing: /ros2_ws_dev/install/custom_msg_srv/include/custom_msg_srv/custom_msg_srv/msg/detail/trajectory__rosidl_typesupport_fastrtps_c.h
-- Installing: /ros2_ws_dev/install/custom_msg_srv/include/custom_msg_srv/custom_msg_srv/msg/rosidl_typesupport_fastrtps_c__visibility_control.h
-- Installing: /ros2_ws_dev/install/custom_msg_srv/lib/libcustom_msg_srv__rosidl_typesupport_fastrtps_c.so
-- Set runtime path of "/ros2_ws_dev/install/custom_msg_srv/lib/libcustom_msg_srv__rosidl_typesupport_fastrtps_c.so" to ""
-- Up-to-date: /ros2_ws_dev/install/custom_msg_srv/include/custom_msg_srv/custom_msg_srv
-- Up-to-date: /ros2_ws_dev/install/custom_msg_srv/include/custom_msg_srv/custom_msg_srv/srv
-- Up-to-date: /ros2_ws_dev/install/custom_msg_srv/include/custom_msg_srv/custom_msg_srv/srv/detail
-- Installing: /ros2_ws_dev/install/custom_msg_srv/include/custom_msg_srv/custom_msg_srv/srv/detail/get_battery_state__builder.hpp
-- Installing: /ros2_ws_dev/install/custom_msg_srv/include/custom_msg_srv/custom_msg_srv/srv/detail/get_battery_state__traits.hpp
-- Installing: /ros2_ws_dev/install/custom_msg_srv/include/custom_msg_srv/custom_msg_srv/srv/detail/get_battery_state__type_support.hpp
-- Installing: /ros2_ws_dev/install/custom_msg_srv/include/custom_msg_srv/custom_msg_srv/srv/detail/get_battery_state__struct.hpp
-- Installing: /ros2_ws_dev/install/custom_msg_srv/include/custom_msg_srv/custom_msg_srv/srv/get_battery_state.hpp
-- Up-to-date: /ros2_ws_dev/install/custom_msg_srv/include/custom_msg_srv/custom_msg_srv/msg
-- Installing: /ros2_ws_dev/install/custom_msg_srv/include/custom_msg_srv/custom_msg_srv/msg/rosidl_generator_cpp__visibility_control.hpp
-- Up-to-date: /ros2_ws_dev/install/custom_msg_srv/include/custom_msg_srv/custom_msg_srv/msg/detail
-- Installing: /ros2_ws_dev/install/custom_msg_srv/include/custom_msg_srv/custom_msg_srv/msg/detail/trajectory__traits.hpp
-- Installing: /ros2_ws_dev/install/custom_msg_srv/include/custom_msg_srv/custom_msg_srv/msg/detail/trajectory__struct.hpp
-- Installing: /ros2_ws_dev/install/custom_msg_srv/include/custom_msg_srv/custom_msg_srv/msg/detail/rotate__traits.hpp
-- Installing: /ros2_ws_dev/install/custom_msg_srv/include/custom_msg_srv/custom_msg_srv/msg/detail/trajectory__type_support.hpp
-- Installing: /ros2_ws_dev/install/custom_msg_srv/include/custom_msg_srv/custom_msg_srv/msg/detail/rotate__struct.hpp
-- Installing: /ros2_ws_dev/install/custom_msg_srv/include/custom_msg_srv/custom_msg_srv/msg/detail/rotate__type_support.hpp
-- Installing: /ros2_ws_dev/install/custom_msg_srv/include/custom_msg_srv/custom_msg_srv/msg/detail/trajectory__builder.hpp
-- Installing: /ros2_ws_dev/install/custom_msg_srv/include/custom_msg_srv/custom_msg_srv/msg/detail/rotate__builder.hpp
-- Installing: /ros2_ws_dev/install/custom_msg_srv/include/custom_msg_srv/custom_msg_srv/msg/trajectory.hpp
-- Installing: /ros2_ws_dev/install/custom_msg_srv/include/custom_msg_srv/custom_msg_srv/msg/rotate.hpp
-- Up-to-date: /ros2_ws_dev/install/custom_msg_srv/include/custom_msg_srv/custom_msg_srv
-- Up-to-date: /ros2_ws_dev/install/custom_msg_srv/include/custom_msg_srv/custom_msg_srv/srv
-- Up-to-date: /ros2_ws_dev/install/custom_msg_srv/include/custom_msg_srv/custom_msg_srv/srv/detail
-- Installing: /ros2_ws_dev/install/custom_msg_srv/include/custom_msg_srv/custom_msg_srv/srv/detail/dds_fastrtps
-- Installing: /ros2_ws_dev/install/custom_msg_srv/include/custom_msg_srv/custom_msg_srv/srv/detail/get_battery_state__rosidl_typesupport_fastrtps_cpp.hpp
-- Up-to-date: /ros2_ws_dev/install/custom_msg_srv/include/custom_msg_srv/custom_msg_srv/msg
-- Up-to-date: /ros2_ws_dev/install/custom_msg_srv/include/custom_msg_srv/custom_msg_srv/msg/detail
-- Installing: /ros2_ws_dev/install/custom_msg_srv/include/custom_msg_srv/custom_msg_srv/msg/detail/trajectory__rosidl_typesupport_fastrtps_cpp.hpp
-- Installing: /ros2_ws_dev/install/custom_msg_srv/include/custom_msg_srv/custom_msg_srv/msg/detail/rotate__rosidl_typesupport_fastrtps_cpp.hpp
-- Installing: /ros2_ws_dev/install/custom_msg_srv/include/custom_msg_srv/custom_msg_srv/msg/detail/dds_fastrtps
-- Installing: /ros2_ws_dev/install/custom_msg_srv/include/custom_msg_srv/custom_msg_srv/msg/rosidl_typesupport_fastrtps_cpp__visibility_control.h
-- Installing: /ros2_ws_dev/install/custom_msg_srv/lib/libcustom_msg_srv__rosidl_typesupport_fastrtps_cpp.so
-- Set runtime path of "/ros2_ws_dev/install/custom_msg_srv/lib/libcustom_msg_srv__rosidl_typesupport_fastrtps_cpp.so" to ""
-- Up-to-date: /ros2_ws_dev/install/custom_msg_srv/include/custom_msg_srv/custom_msg_srv
-- Up-to-date: /ros2_ws_dev/install/custom_msg_srv/include/custom_msg_srv/custom_msg_srv/srv
-- Up-to-date: /ros2_ws_dev/install/custom_msg_srv/include/custom_msg_srv/custom_msg_srv/srv/detail
-- Installing: /ros2_ws_dev/install/custom_msg_srv/include/custom_msg_srv/custom_msg_srv/srv/detail/get_battery_state__rosidl_typesupport_introspection_c.h
-- Installing: /ros2_ws_dev/install/custom_msg_srv/include/custom_msg_srv/custom_msg_srv/srv/detail/get_battery_state__type_support.c
-- Up-to-date: /ros2_ws_dev/install/custom_msg_srv/include/custom_msg_srv/custom_msg_srv/msg
-- Installing: /ros2_ws_dev/install/custom_msg_srv/include/custom_msg_srv/custom_msg_srv/msg/rosidl_typesupport_introspection_c__visibility_control.h
-- Up-to-date: /ros2_ws_dev/install/custom_msg_srv/include/custom_msg_srv/custom_msg_srv/msg/detail
-- Installing: /ros2_ws_dev/install/custom_msg_srv/include/custom_msg_srv/custom_msg_srv/msg/detail/trajectory__rosidl_typesupport_introspection_c.h
-- Installing: /ros2_ws_dev/install/custom_msg_srv/include/custom_msg_srv/custom_msg_srv/msg/detail/trajectory__type_support.c
-- Installing: /ros2_ws_dev/install/custom_msg_srv/include/custom_msg_srv/custom_msg_srv/msg/detail/rotate__type_support.c
-- Installing: /ros2_ws_dev/install/custom_msg_srv/include/custom_msg_srv/custom_msg_srv/msg/detail/rotate__rosidl_typesupport_introspection_c.h
-- Installing: /ros2_ws_dev/install/custom_msg_srv/lib/libcustom_msg_srv__rosidl_typesupport_introspection_c.so
-- Set runtime path of "/ros2_ws_dev/install/custom_msg_srv/lib/libcustom_msg_srv__rosidl_typesupport_introspection_c.so" to ""
-- Installing: /ros2_ws_dev/install/custom_msg_srv/lib/libcustom_msg_srv__rosidl_typesupport_c.so
-- Set runtime path of "/ros2_ws_dev/install/custom_msg_srv/lib/libcustom_msg_srv__rosidl_typesupport_c.so" to ""
-- Up-to-date: /ros2_ws_dev/install/custom_msg_srv/include/custom_msg_srv/custom_msg_srv
-- Up-to-date: /ros2_ws_dev/install/custom_msg_srv/include/custom_msg_srv/custom_msg_srv/srv
-- Up-to-date: /ros2_ws_dev/install/custom_msg_srv/include/custom_msg_srv/custom_msg_srv/srv/detail
-- Installing: /ros2_ws_dev/install/custom_msg_srv/include/custom_msg_srv/custom_msg_srv/srv/detail/get_battery_state__rosidl_typesupport_introspection_cpp.hpp
-- Installing: /ros2_ws_dev/install/custom_msg_srv/include/custom_msg_srv/custom_msg_srv/srv/detail/get_battery_state__type_support.cpp
-- Up-to-date: /ros2_ws_dev/install/custom_msg_srv/include/custom_msg_srv/custom_msg_srv/msg
-- Up-to-date: /ros2_ws_dev/install/custom_msg_srv/include/custom_msg_srv/custom_msg_srv/msg/detail
-- Installing: /ros2_ws_dev/install/custom_msg_srv/include/custom_msg_srv/custom_msg_srv/msg/detail/rotate__rosidl_typesupport_introspection_cpp.hpp
-- Installing: /ros2_ws_dev/install/custom_msg_srv/include/custom_msg_srv/custom_msg_srv/msg/detail/rotate__type_support.cpp
-- Installing: /ros2_ws_dev/install/custom_msg_srv/include/custom_msg_srv/custom_msg_srv/msg/detail/trajectory__rosidl_typesupport_introspection_cpp.hpp
-- Installing: /ros2_ws_dev/install/custom_msg_srv/include/custom_msg_srv/custom_msg_srv/msg/detail/trajectory__type_support.cpp
-- Installing: /ros2_ws_dev/install/custom_msg_srv/lib/libcustom_msg_srv__rosidl_typesupport_introspection_cpp.so
-- Set runtime path of "/ros2_ws_dev/install/custom_msg_srv/lib/libcustom_msg_srv__rosidl_typesupport_introspection_cpp.so" to ""
-- Installing: /ros2_ws_dev/install/custom_msg_srv/lib/libcustom_msg_srv__rosidl_typesupport_cpp.so
-- Set runtime path of "/ros2_ws_dev/install/custom_msg_srv/lib/libcustom_msg_srv__rosidl_typesupport_cpp.so" to ""
-- Installing: /ros2_ws_dev/install/custom_msg_srv/share/custom_msg_srv/environment/pythonpath.sh
-- Installing: /ros2_ws_dev/install/custom_msg_srv/share/custom_msg_srv/environment/pythonpath.dsv
-- Installing: /ros2_ws_dev/install/custom_msg_srv/local/lib/python3.10/dist-packages/custom_msg_srv-0.0.0-py3.10.egg-info
-- Installing: /ros2_ws_dev/install/custom_msg_srv/local/lib/python3.10/dist-packages/custom_msg_srv-0.0.0-py3.10.egg-info/dependency_links.txt
-- Installing: /ros2_ws_dev/install/custom_msg_srv/local/lib/python3.10/dist-packages/custom_msg_srv-0.0.0-py3.10.egg-info/SOURCES.txt
-- Installing: /ros2_ws_dev/install/custom_msg_srv/local/lib/python3.10/dist-packages/custom_msg_srv-0.0.0-py3.10.egg-info/top_level.txt
-- Installing: /ros2_ws_dev/install/custom_msg_srv/local/lib/python3.10/dist-packages/custom_msg_srv-0.0.0-py3.10.egg-info/PKG-INFO
-- Installing: /ros2_ws_dev/install/custom_msg_srv/local/lib/python3.10/dist-packages/custom_msg_srv
-- Installing: /ros2_ws_dev/install/custom_msg_srv/local/lib/python3.10/dist-packages/custom_msg_srv/custom_msg_srv_s__rosidl_typesupport_c.cpython-310-x86_64-linux-gnu.so
-- Installing: /ros2_ws_dev/install/custom_msg_srv/local/lib/python3.10/dist-packages/custom_msg_srv/_custom_msg_srv_s.ep.rosidl_typesupport_c.c
-- Installing: /ros2_ws_dev/install/custom_msg_srv/local/lib/python3.10/dist-packages/custom_msg_srv/__init__.py
-- Installing: /ros2_ws_dev/install/custom_msg_srv/local/lib/python3.10/dist-packages/custom_msg_srv/_custom_msg_srv_s.ep.rosidl_typesupport_introspection_c.c
-- Installing: /ros2_ws_dev/install/custom_msg_srv/local/lib/python3.10/dist-packages/custom_msg_srv/srv
-- Installing: /ros2_ws_dev/install/custom_msg_srv/local/lib/python3.10/dist-packages/custom_msg_srv/srv/_get_battery_state_s.c
-- Installing: /ros2_ws_dev/install/custom_msg_srv/local/lib/python3.10/dist-packages/custom_msg_srv/srv/__init__.py
-- Installing: /ros2_ws_dev/install/custom_msg_srv/local/lib/python3.10/dist-packages/custom_msg_srv/srv/_get_battery_state.py
-- Installing: /ros2_ws_dev/install/custom_msg_srv/local/lib/python3.10/dist-packages/custom_msg_srv/libcustom_msg_srv__rosidl_generator_py.so
-- Installing: /ros2_ws_dev/install/custom_msg_srv/local/lib/python3.10/dist-packages/custom_msg_srv/custom_msg_srv_s__rosidl_typesupport_fastrtps_c.cpython-310-x86_64-linux-gnu.so
-- Installing: /ros2_ws_dev/install/custom_msg_srv/local/lib/python3.10/dist-packages/custom_msg_srv/_custom_msg_srv_s.ep.rosidl_typesupport_fastrtps_c.c
-- Installing: /ros2_ws_dev/install/custom_msg_srv/local/lib/python3.10/dist-packages/custom_msg_srv/msg
-- Installing: /ros2_ws_dev/install/custom_msg_srv/local/lib/python3.10/dist-packages/custom_msg_srv/msg/_rotate.py
-- Installing: /ros2_ws_dev/install/custom_msg_srv/local/lib/python3.10/dist-packages/custom_msg_srv/msg/_trajectory_s.c
-- Installing: /ros2_ws_dev/install/custom_msg_srv/local/lib/python3.10/dist-packages/custom_msg_srv/msg/__init__.py
-- Installing: /ros2_ws_dev/install/custom_msg_srv/local/lib/python3.10/dist-packages/custom_msg_srv/msg/_rotate_s.c
-- Installing: /ros2_ws_dev/install/custom_msg_srv/local/lib/python3.10/dist-packages/custom_msg_srv/msg/_trajectory.py
-- Installing: /ros2_ws_dev/install/custom_msg_srv/local/lib/python3.10/dist-packages/custom_msg_srv/custom_msg_srv_s__rosidl_typesupport_introspection_c.cpython-310-x86_64-linux-gnu.so
Listing '/ros2_ws_dev/install/custom_msg_srv/local/lib/python3.10/dist-packages/custom_msg_srv'...
Compiling '/ros2_ws_dev/install/custom_msg_srv/local/lib/python3.10/dist-packages/custom_msg_srv/__init__.py'...
Listing '/ros2_ws_dev/install/custom_msg_srv/local/lib/python3.10/dist-packages/custom_msg_srv/msg'...
Compiling '/ros2_ws_dev/install/custom_msg_srv/local/lib/python3.10/dist-packages/custom_msg_srv/msg/__init__.py'...
Compiling '/ros2_ws_dev/install/custom_msg_srv/local/lib/python3.10/dist-packages/custom_msg_srv/msg/_rotate.py'...
Compiling '/ros2_ws_dev/install/custom_msg_srv/local/lib/python3.10/dist-packages/custom_msg_srv/msg/_trajectory.py'...
Listing '/ros2_ws_dev/install/custom_msg_srv/local/lib/python3.10/dist-packages/custom_msg_srv/srv'...
Compiling '/ros2_ws_dev/install/custom_msg_srv/local/lib/python3.10/dist-packages/custom_msg_srv/srv/__init__.py'...
Compiling '/ros2_ws_dev/install/custom_msg_srv/local/lib/python3.10/dist-packages/custom_msg_srv/srv/_get_battery_state.py'...
-- Installing: /ros2_ws_dev/install/custom_msg_srv/local/lib/python3.10/dist-packages/custom_msg_srv/custom_msg_srv_s__rosidl_typesupport_fastrtps_c.cpython-310-x86_64-linux-gnu.so
-- Set runtime path of "/ros2_ws_dev/install/custom_msg_srv/local/lib/python3.10/dist-packages/custom_msg_srv/custom_msg_srv_s__rosidl_typesupport_fastrtps_c.cpython-310-x86_64-linux-gnu.so" to ""
-- Installing: /ros2_ws_dev/install/custom_msg_srv/local/lib/python3.10/dist-packages/custom_msg_srv/custom_msg_srv_s__rosidl_typesupport_introspection_c.cpython-310-x86_64-linux-gnu.so
-- Set runtime path of "/ros2_ws_dev/install/custom_msg_srv/local/lib/python3.10/dist-packages/custom_msg_srv/custom_msg_srv_s__rosidl_typesupport_introspection_c.cpython-310-x86_64-linux-gnu.so" to ""
-- Installing: /ros2_ws_dev/install/custom_msg_srv/local/lib/python3.10/dist-packages/custom_msg_srv/custom_msg_srv_s__rosidl_typesupport_c.cpython-310-x86_64-linux-gnu.so
-- Set runtime path of "/ros2_ws_dev/install/custom_msg_srv/local/lib/python3.10/dist-packages/custom_msg_srv/custom_msg_srv_s__rosidl_typesupport_c.cpython-310-x86_64-linux-gnu.so" to ""
-- Installing: /ros2_ws_dev/install/custom_msg_srv/lib/libcustom_msg_srv__rosidl_generator_py.so
-- Set runtime path of "/ros2_ws_dev/install/custom_msg_srv/lib/libcustom_msg_srv__rosidl_generator_py.so" to ""
-- Installing: /ros2_ws_dev/install/custom_msg_srv/share/custom_msg_srv/msg/Trajectory.idl
-- Installing: /ros2_ws_dev/install/custom_msg_srv/share/custom_msg_srv/msg/Rotate.idl
-- Installing: /ros2_ws_dev/install/custom_msg_srv/share/custom_msg_srv/srv/GetBatteryState.idl
-- Installing: /ros2_ws_dev/install/custom_msg_srv/share/custom_msg_srv/msg/Trajectory.msg
-- Installing: /ros2_ws_dev/install/custom_msg_srv/share/custom_msg_srv/msg/Rotate.msg
-- Installing: /ros2_ws_dev/install/custom_msg_srv/share/custom_msg_srv/srv/GetBatteryState.srv
-- Installing: /ros2_ws_dev/install/custom_msg_srv/share/custom_msg_srv/srv/GetBatteryState_Request.msg
-- Installing: /ros2_ws_dev/install/custom_msg_srv/share/custom_msg_srv/srv/GetBatteryState_Response.msg
-- Installing: /ros2_ws_dev/install/custom_msg_srv/share/ament_index/resource_index/package_run_dependencies/custom_msg_srv
-- Installing: /ros2_ws_dev/install/custom_msg_srv/share/ament_index/resource_index/parent_prefix_path/custom_msg_srv
-- Installing: /ros2_ws_dev/install/custom_msg_srv/share/custom_msg_srv/environment/ament_prefix_path.sh
-- Installing: /ros2_ws_dev/install/custom_msg_srv/share/custom_msg_srv/environment/ament_prefix_path.dsv
-- Installing: /ros2_ws_dev/install/custom_msg_srv/share/custom_msg_srv/environment/path.sh
-- Installing: /ros2_ws_dev/install/custom_msg_srv/share/custom_msg_srv/environment/path.dsv
-- Installing: /ros2_ws_dev/install/custom_msg_srv/share/custom_msg_srv/local_setup.bash
-- Installing: /ros2_ws_dev/install/custom_msg_srv/share/custom_msg_srv/local_setup.sh
-- Installing: /ros2_ws_dev/install/custom_msg_srv/share/custom_msg_srv/local_setup.zsh
-- Installing: /ros2_ws_dev/install/custom_msg_srv/share/custom_msg_srv/local_setup.dsv
-- Installing: /ros2_ws_dev/install/custom_msg_srv/share/custom_msg_srv/package.dsv
-- Installing: /ros2_ws_dev/install/custom_msg_srv/share/ament_index/resource_index/packages/custom_msg_srv
-- Installing: /ros2_ws_dev/install/custom_msg_srv/share/custom_msg_srv/cmake/export_custom_msg_srv__rosidl_generator_cExport.cmake
-- Installing: /ros2_ws_dev/install/custom_msg_srv/share/custom_msg_srv/cmake/export_custom_msg_srv__rosidl_generator_cExport-noconfig.cmake
-- Installing: /ros2_ws_dev/install/custom_msg_srv/share/custom_msg_srv/cmake/export_custom_msg_srv__rosidl_typesupport_fastrtps_cExport.cmake
-- Installing: /ros2_ws_dev/install/custom_msg_srv/share/custom_msg_srv/cmake/export_custom_msg_srv__rosidl_typesupport_fastrtps_cExport-noconfig.cmake
-- Installing: /ros2_ws_dev/install/custom_msg_srv/share/custom_msg_srv/cmake/export_custom_msg_srv__rosidl_generator_cppExport.cmake
-- Installing: /ros2_ws_dev/install/custom_msg_srv/share/custom_msg_srv/cmake/export_custom_msg_srv__rosidl_typesupport_fastrtps_cppExport.cmake
-- Installing: /ros2_ws_dev/install/custom_msg_srv/share/custom_msg_srv/cmake/export_custom_msg_srv__rosidl_typesupport_fastrtps_cppExport-noconfig.cmake
-- Installing: /ros2_ws_dev/install/custom_msg_srv/share/custom_msg_srv/cmake/custom_msg_srv__rosidl_typesupport_introspection_cExport.cmake
-- Installing: /ros2_ws_dev/install/custom_msg_srv/share/custom_msg_srv/cmake/custom_msg_srv__rosidl_typesupport_introspection_cExport-noconfig.cmake
-- Installing: /ros2_ws_dev/install/custom_msg_srv/share/custom_msg_srv/cmake/custom_msg_srv__rosidl_typesupport_cExport.cmake
-- Installing: /ros2_ws_dev/install/custom_msg_srv/share/custom_msg_srv/cmake/custom_msg_srv__rosidl_typesupport_cExport-noconfig.cmake
-- Installing: /ros2_ws_dev/install/custom_msg_srv/share/custom_msg_srv/cmake/custom_msg_srv__rosidl_typesupport_introspection_cppExport.cmake
-- Installing: /ros2_ws_dev/install/custom_msg_srv/share/custom_msg_srv/cmake/custom_msg_srv__rosidl_typesupport_introspection_cppExport-noconfig.cmake
-- Installing: /ros2_ws_dev/install/custom_msg_srv/share/custom_msg_srv/cmake/custom_msg_srv__rosidl_typesupport_cppExport.cmake
-- Installing: /ros2_ws_dev/install/custom_msg_srv/share/custom_msg_srv/cmake/custom_msg_srv__rosidl_typesupport_cppExport-noconfig.cmake
-- Installing: /ros2_ws_dev/install/custom_msg_srv/share/custom_msg_srv/cmake/export_custom_msg_srv__rosidl_generator_pyExport.cmake
-- Installing: /ros2_ws_dev/install/custom_msg_srv/share/custom_msg_srv/cmake/export_custom_msg_srv__rosidl_generator_pyExport-noconfig.cmake
-- Installing: /ros2_ws_dev/install/custom_msg_srv/share/custom_msg_srv/cmake/rosidl_cmake-extras.cmake
-- Installing: /ros2_ws_dev/install/custom_msg_srv/share/custom_msg_srv/cmake/ament_cmake_export_dependencies-extras.cmake
-- Installing: /ros2_ws_dev/install/custom_msg_srv/share/custom_msg_srv/cmake/ament_cmake_export_include_directories-extras.cmake
-- Installing: /ros2_ws_dev/install/custom_msg_srv/share/custom_msg_srv/cmake/ament_cmake_export_libraries-extras.cmake
-- Installing: /ros2_ws_dev/install/custom_msg_srv/share/custom_msg_srv/cmake/ament_cmake_export_targets-extras.cmake
-- Installing: /ros2_ws_dev/install/custom_msg_srv/share/custom_msg_srv/cmake/rosidl_cmake_export_typesupport_targets-extras.cmake
-- Installing: /ros2_ws_dev/install/custom_msg_srv/share/custom_msg_srv/cmake/rosidl_cmake_export_typesupport_libraries-extras.cmake
-- Installing: /ros2_ws_dev/install/custom_msg_srv/share/custom_msg_srv/cmake/custom_msg_srvConfig.cmake
-- Installing: /ros2_ws_dev/install/custom_msg_srv/share/custom_msg_srv/cmake/custom_msg_srvConfig-version.cmake
-- Installing: /ros2_ws_dev/install/custom_msg_srv/share/custom_msg_srv/package.xml
