[0.013s] Invoking command in '/ros2_ws_dev/build/controller': AMENT_PREFIX_PATH=/ros2_ws_dev/install/custom_msg_srv:${AMENT_PREFIX_PATH} CMAKE_PREFIX_PATH=/ros2_ws_dev/install/custom_msg_srv:/ros_ws/install/synchros2_tutorials_interfaces_example:/ros_ws/install/spot_driver:/ros_ws/install/spot_ros2_control:/ros_ws/install/spot_rviz_plugins:/ros_ws/install/spot_hardware_interface:/ros_ws/install/spot_controllers:/ros_ws/install/spot_msgs:/ros_ws/install/spot_description:/ros_ws/install/rtabmap_ros:/ros_ws/install/rtabmap_launch:/ros_ws/install/rtabmap_examples:/ros_ws/install/rtabmap_demos:/ros_ws/install/rtabmap_viz:/ros_ws/install/rtabmap_slam:/ros_ws/install/rtabmap_odom:/ros_ws/install/rtabmap_util:/ros_ws/install/rtabmap_sync:/ros_ws/install/rtabmap_rviz_plugins:/ros_ws/install/rtabmap_conversions:/ros_ws/install/rtabmap_msgs:/ros_ws/install/rtabmap_costmap_plugins:/ros_ws/install/rtabmap:/ros_ws/install/synchros2_tutorials_example:/ros_ws/install/spot_examples:/ros_ws/install/spot_common:/ros_ws/install/synchros2:/ros_ws/install/rtabmap_python:/ros_ws/install/rtabmap_lidar_custom:/opt/ros/humble LD_LIBRARY_PATH=/ros2_ws_dev/install/custom_msg_srv/lib:${LD_LIBRARY_PATH} PYTHONPATH=/ros2_ws_dev/install/custom_msg_srv/local/lib/python3.10/dist-packages:${PYTHONPATH} /usr/bin/cmake /ros2_ws_dev/src/controller/controller -DCMAKE_INSTALL_PREFIX=/ros2_ws_dev/install/controller
[0.023s] -- Found ament_cmake: 1.3.13 (/opt/ros/humble/share/ament_cmake/cmake)
[0.137s] -- Found nav2_common: 1.1.20 (/opt/ros/humble/share/nav2_common/cmake)
[0.140s] -- Found nav2_core: 1.1.20 (/opt/ros/humble/share/nav2_core/cmake)
[0.176s] -- Found rosidl_generator_c: 3.1.8 (/opt/ros/humble/share/rosidl_generator_c/cmake)
[0.177s] -- Found rosidl_adapter: 3.1.8 (/opt/ros/humble/share/rosidl_adapter/cmake)
[0.181s] -- Found rosidl_generator_cpp: 3.1.8 (/opt/ros/humble/share/rosidl_generator_cpp/cmake)
[0.188s] -- Using all available rosidl_typesupport_c: rosidl_typesupport_fastrtps_c;rosidl_typesupport_introspection_c
[0.197s] -- Using all available rosidl_typesupport_cpp: rosidl_typesupport_fastrtps_cpp;rosidl_typesupport_introspection_cpp
[0.240s] -- Found rmw_implementation_cmake: 6.1.2 (/opt/ros/humble/share/rmw_implementation_cmake/cmake)
[0.245s] -- Found rmw_fastrtps_cpp: 6.2.10 (/opt/ros/humble/share/rmw_fastrtps_cpp/cmake)
[0.386s] -- Using RMW implementation 'rmw_fastrtps_cpp' as default
[0.747s] -- Ensuring Eigen3 include directory is part of orocos-kdl CMake target
[0.869s] -- Found custom_msg_srv: 0.0.0 (/ros2_ws_dev/install/custom_msg_srv/share/custom_msg_srv/cmake)
[0.879s] -- Setting build type to Release as none was specified.
[0.976s] -- Found ament_lint_auto: 0.12.15 (/opt/ros/humble/share/ament_lint_auto/cmake)
[1.071s] -- Added test 'cppcheck' to perform static code analysis on C / C++ code
[1.072s] -- Configured cppcheck include dirs: /ros2_ws_dev/src/controller/controller/include
[1.072s] -- Configured cppcheck exclude dirs and/or files: 
[1.073s] -- Added test 'cpplint' to check C / C++ code against the Google style
[1.073s] -- Configured cpplint exclude dirs and/or files: 
[1.075s] -- Added test 'lint_cmake' to check CMake code style
[1.076s] -- Added test 'uncrustify' to check C / C++ code style
[1.076s] -- Configured uncrustify additional arguments: 
[1.077s] -- Added test 'xmllint' to check XML markup files
[1.081s] -- Configuring done
[1.200s] -- Generating done
[1.207s] -- Build files have been written to: /ros2_ws_dev/build/controller
[1.216s] Invoked command in '/ros2_ws_dev/build/controller' returned '0': AMENT_PREFIX_PATH=/ros2_ws_dev/install/custom_msg_srv:${AMENT_PREFIX_PATH} CMAKE_PREFIX_PATH=/ros2_ws_dev/install/custom_msg_srv:/ros_ws/install/synchros2_tutorials_interfaces_example:/ros_ws/install/spot_driver:/ros_ws/install/spot_ros2_control:/ros_ws/install/spot_rviz_plugins:/ros_ws/install/spot_hardware_interface:/ros_ws/install/spot_controllers:/ros_ws/install/spot_msgs:/ros_ws/install/spot_description:/ros_ws/install/rtabmap_ros:/ros_ws/install/rtabmap_launch:/ros_ws/install/rtabmap_examples:/ros_ws/install/rtabmap_demos:/ros_ws/install/rtabmap_viz:/ros_ws/install/rtabmap_slam:/ros_ws/install/rtabmap_odom:/ros_ws/install/rtabmap_util:/ros_ws/install/rtabmap_sync:/ros_ws/install/rtabmap_rviz_plugins:/ros_ws/install/rtabmap_conversions:/ros_ws/install/rtabmap_msgs:/ros_ws/install/rtabmap_costmap_plugins:/ros_ws/install/rtabmap:/ros_ws/install/synchros2_tutorials_example:/ros_ws/install/spot_examples:/ros_ws/install/spot_common:/ros_ws/install/synchros2:/ros_ws/install/rtabmap_python:/ros_ws/install/rtabmap_lidar_custom:/opt/ros/humble LD_LIBRARY_PATH=/ros2_ws_dev/install/custom_msg_srv/lib:${LD_LIBRARY_PATH} PYTHONPATH=/ros2_ws_dev/install/custom_msg_srv/local/lib/python3.10/dist-packages:${PYTHONPATH} /usr/bin/cmake /ros2_ws_dev/src/controller/controller -DCMAKE_INSTALL_PREFIX=/ros2_ws_dev/install/controller
[1.217s] Invoking command in '/ros2_ws_dev/build/controller': AMENT_PREFIX_PATH=/ros2_ws_dev/install/custom_msg_srv:${AMENT_PREFIX_PATH} CMAKE_PREFIX_PATH=/ros2_ws_dev/install/custom_msg_srv:/ros_ws/install/synchros2_tutorials_interfaces_example:/ros_ws/install/spot_driver:/ros_ws/install/spot_ros2_control:/ros_ws/install/spot_rviz_plugins:/ros_ws/install/spot_hardware_interface:/ros_ws/install/spot_controllers:/ros_ws/install/spot_msgs:/ros_ws/install/spot_description:/ros_ws/install/rtabmap_ros:/ros_ws/install/rtabmap_launch:/ros_ws/install/rtabmap_examples:/ros_ws/install/rtabmap_demos:/ros_ws/install/rtabmap_viz:/ros_ws/install/rtabmap_slam:/ros_ws/install/rtabmap_odom:/ros_ws/install/rtabmap_util:/ros_ws/install/rtabmap_sync:/ros_ws/install/rtabmap_rviz_plugins:/ros_ws/install/rtabmap_conversions:/ros_ws/install/rtabmap_msgs:/ros_ws/install/rtabmap_costmap_plugins:/ros_ws/install/rtabmap:/ros_ws/install/synchros2_tutorials_example:/ros_ws/install/spot_examples:/ros_ws/install/spot_common:/ros_ws/install/synchros2:/ros_ws/install/rtabmap_python:/ros_ws/install/rtabmap_lidar_custom:/opt/ros/humble LD_LIBRARY_PATH=/ros2_ws_dev/install/custom_msg_srv/lib:${LD_LIBRARY_PATH} PYTHONPATH=/ros2_ws_dev/install/custom_msg_srv/local/lib/python3.10/dist-packages:${PYTHONPATH} /usr/bin/cmake --build /ros2_ws_dev/build/controller -- -j8 -l8
[1.261s] [ 50%] [32mBuilding CXX object CMakeFiles/pure_controller.dir/src/pure_controller.cpp.o[0m
[9.827s] [100%] [32m[1mLinking CXX shared library libpure_controller.so[0m
[10.169s] [100%] Built target pure_controller
[10.179s] Invoked command in '/ros2_ws_dev/build/controller' returned '0': AMENT_PREFIX_PATH=/ros2_ws_dev/install/custom_msg_srv:${AMENT_PREFIX_PATH} CMAKE_PREFIX_PATH=/ros2_ws_dev/install/custom_msg_srv:/ros_ws/install/synchros2_tutorials_interfaces_example:/ros_ws/install/spot_driver:/ros_ws/install/spot_ros2_control:/ros_ws/install/spot_rviz_plugins:/ros_ws/install/spot_hardware_interface:/ros_ws/install/spot_controllers:/ros_ws/install/spot_msgs:/ros_ws/install/spot_description:/ros_ws/install/rtabmap_ros:/ros_ws/install/rtabmap_launch:/ros_ws/install/rtabmap_examples:/ros_ws/install/rtabmap_demos:/ros_ws/install/rtabmap_viz:/ros_ws/install/rtabmap_slam:/ros_ws/install/rtabmap_odom:/ros_ws/install/rtabmap_util:/ros_ws/install/rtabmap_sync:/ros_ws/install/rtabmap_rviz_plugins:/ros_ws/install/rtabmap_conversions:/ros_ws/install/rtabmap_msgs:/ros_ws/install/rtabmap_costmap_plugins:/ros_ws/install/rtabmap:/ros_ws/install/synchros2_tutorials_example:/ros_ws/install/spot_examples:/ros_ws/install/spot_common:/ros_ws/install/synchros2:/ros_ws/install/rtabmap_python:/ros_ws/install/rtabmap_lidar_custom:/opt/ros/humble LD_LIBRARY_PATH=/ros2_ws_dev/install/custom_msg_srv/lib:${LD_LIBRARY_PATH} PYTHONPATH=/ros2_ws_dev/install/custom_msg_srv/local/lib/python3.10/dist-packages:${PYTHONPATH} /usr/bin/cmake --build /ros2_ws_dev/build/controller -- -j8 -l8
[10.180s] Invoking command in '/ros2_ws_dev/build/controller': AMENT_PREFIX_PATH=/ros2_ws_dev/install/custom_msg_srv:${AMENT_PREFIX_PATH} CMAKE_PREFIX_PATH=/ros2_ws_dev/install/custom_msg_srv:/ros_ws/install/synchros2_tutorials_interfaces_example:/ros_ws/install/spot_driver:/ros_ws/install/spot_ros2_control:/ros_ws/install/spot_rviz_plugins:/ros_ws/install/spot_hardware_interface:/ros_ws/install/spot_controllers:/ros_ws/install/spot_msgs:/ros_ws/install/spot_description:/ros_ws/install/rtabmap_ros:/ros_ws/install/rtabmap_launch:/ros_ws/install/rtabmap_examples:/ros_ws/install/rtabmap_demos:/ros_ws/install/rtabmap_viz:/ros_ws/install/rtabmap_slam:/ros_ws/install/rtabmap_odom:/ros_ws/install/rtabmap_util:/ros_ws/install/rtabmap_sync:/ros_ws/install/rtabmap_rviz_plugins:/ros_ws/install/rtabmap_conversions:/ros_ws/install/rtabmap_msgs:/ros_ws/install/rtabmap_costmap_plugins:/ros_ws/install/rtabmap:/ros_ws/install/synchros2_tutorials_example:/ros_ws/install/spot_examples:/ros_ws/install/spot_common:/ros_ws/install/synchros2:/ros_ws/install/rtabmap_python:/ros_ws/install/rtabmap_lidar_custom:/opt/ros/humble LD_LIBRARY_PATH=/ros2_ws_dev/install/custom_msg_srv/lib:${LD_LIBRARY_PATH} PYTHONPATH=/ros2_ws_dev/install/custom_msg_srv/local/lib/python3.10/dist-packages:${PYTHONPATH} /usr/bin/cmake --install /ros2_ws_dev/build/controller
[10.186s] -- Install configuration: "Release"
[10.186s] -- Installing: /ros2_ws_dev/install/controller/lib/libpure_controller.so
[10.187s] -- Set runtime path of "/ros2_ws_dev/install/controller/lib/libpure_controller.so" to ""
[10.187s] -- Installing: /ros2_ws_dev/install/controller/include/
[10.187s] -- Installing: /ros2_ws_dev/install/controller/include//nav2_pure_controller
[10.187s] -- Installing: /ros2_ws_dev/install/controller/include//nav2_pure_controller/pure_controller.hpp
[10.188s] -- Installing: /ros2_ws_dev/install/controller/share/controller/environment/library_path.sh
[10.189s] -- Installing: /ros2_ws_dev/install/controller/share/controller/environment/library_path.dsv
[10.189s] -- Installing: /ros2_ws_dev/install/controller/share/controller/pure_controller.xml
[10.189s] -- Installing: /ros2_ws_dev/install/controller/share/ament_index/resource_index/package_run_dependencies/controller
[10.190s] -- Installing: /ros2_ws_dev/install/controller/share/ament_index/resource_index/parent_prefix_path/controller
[10.190s] -- Installing: /ros2_ws_dev/install/controller/share/controller/environment/ament_prefix_path.sh
[10.190s] -- Installing: /ros2_ws_dev/install/controller/share/controller/environment/ament_prefix_path.dsv
[10.190s] -- Installing: /ros2_ws_dev/install/controller/share/controller/environment/path.sh
[10.191s] -- Installing: /ros2_ws_dev/install/controller/share/controller/environment/path.dsv
[10.191s] -- Installing: /ros2_ws_dev/install/controller/share/controller/local_setup.bash
[10.191s] -- Installing: /ros2_ws_dev/install/controller/share/controller/local_setup.sh
[10.191s] -- Installing: /ros2_ws_dev/install/controller/share/controller/local_setup.zsh
[10.192s] -- Installing: /ros2_ws_dev/install/controller/share/controller/local_setup.dsv
[10.192s] -- Installing: /ros2_ws_dev/install/controller/share/controller/package.dsv
[10.192s] -- Installing: /ros2_ws_dev/install/controller/share/ament_index/resource_index/packages/controller
[10.193s] -- Installing: /ros2_ws_dev/install/controller/share/ament_index/resource_index/nav2_core__pluginlib__plugin/controller
[10.194s] -- Installing: /ros2_ws_dev/install/controller/share/controller/cmake/ament_cmake_export_include_directories-extras.cmake
[10.194s] -- Installing: /ros2_ws_dev/install/controller/share/controller/cmake/ament_cmake_export_libraries-extras.cmake
[10.194s] -- Installing: /ros2_ws_dev/install/controller/share/controller/cmake/ament_cmake_export_dependencies-extras.cmake
[10.194s] -- Installing: /ros2_ws_dev/install/controller/share/controller/cmake/controllerConfig.cmake
[10.194s] -- Installing: /ros2_ws_dev/install/controller/share/controller/cmake/controllerConfig-version.cmake
[10.195s] -- Installing: /ros2_ws_dev/install/controller/share/controller/package.xml
[10.197s] Invoked command in '/ros2_ws_dev/build/controller' returned '0': AMENT_PREFIX_PATH=/ros2_ws_dev/install/custom_msg_srv:${AMENT_PREFIX_PATH} CMAKE_PREFIX_PATH=/ros2_ws_dev/install/custom_msg_srv:/ros_ws/install/synchros2_tutorials_interfaces_example:/ros_ws/install/spot_driver:/ros_ws/install/spot_ros2_control:/ros_ws/install/spot_rviz_plugins:/ros_ws/install/spot_hardware_interface:/ros_ws/install/spot_controllers:/ros_ws/install/spot_msgs:/ros_ws/install/spot_description:/ros_ws/install/rtabmap_ros:/ros_ws/install/rtabmap_launch:/ros_ws/install/rtabmap_examples:/ros_ws/install/rtabmap_demos:/ros_ws/install/rtabmap_viz:/ros_ws/install/rtabmap_slam:/ros_ws/install/rtabmap_odom:/ros_ws/install/rtabmap_util:/ros_ws/install/rtabmap_sync:/ros_ws/install/rtabmap_rviz_plugins:/ros_ws/install/rtabmap_conversions:/ros_ws/install/rtabmap_msgs:/ros_ws/install/rtabmap_costmap_plugins:/ros_ws/install/rtabmap:/ros_ws/install/synchros2_tutorials_example:/ros_ws/install/spot_examples:/ros_ws/install/spot_common:/ros_ws/install/synchros2:/ros_ws/install/rtabmap_python:/ros_ws/install/rtabmap_lidar_custom:/opt/ros/humble LD_LIBRARY_PATH=/ros2_ws_dev/install/custom_msg_srv/lib:${LD_LIBRARY_PATH} PYTHONPATH=/ros2_ws_dev/install/custom_msg_srv/local/lib/python3.10/dist-packages:${PYTHONPATH} /usr/bin/cmake --install /ros2_ws_dev/build/controller
