[1.316s] Invoking command in '/ros2_ws_dev/src/setting_goal': PYTHONPATH=/ros2_ws_dev/build/setting_goal/prefix_override:/usr/lib/python3/dist-packages/colcon_core/task/python/colcon_distutils_commands:/ros2_ws_dev/install/setting_goal/lib/python3.10/site-packages:${PYTHONPATH} /usr/bin/python3 -W ignore:setup.py install is deprecated -W ignore:easy_install command is deprecated setup.py egg_info --egg-base ../../build/setting_goal build --build-base /ros2_ws_dev/build/setting_goal/build install --record /ros2_ws_dev/build/setting_goal/install.log --single-version-externally-managed install_data
[1.654s] running egg_info
[1.654s] writing ../../build/setting_goal/setting_goal.egg-info/PKG-INFO
[1.655s] writing dependency_links to ../../build/setting_goal/setting_goal.egg-info/dependency_links.txt
[1.655s] writing entry points to ../../build/setting_goal/setting_goal.egg-info/entry_points.txt
[1.656s] writing requirements to ../../build/setting_goal/setting_goal.egg-info/requires.txt
[1.656s] writing top-level names to ../../build/setting_goal/setting_goal.egg-info/top_level.txt
[1.658s] reading manifest file '../../build/setting_goal/setting_goal.egg-info/SOURCES.txt'
[1.659s] writing manifest file '../../build/setting_goal/setting_goal.egg-info/SOURCES.txt'
[1.659s] running build
[1.659s] running build_py
[1.659s] running install
[1.660s] running install_lib
[1.662s] running install_data
[1.662s] running install_egg_info
[1.664s] removing '/ros2_ws_dev/install/setting_goal/lib/python3.10/site-packages/setting_goal-0.0.0-py3.10.egg-info' (and everything under it)
[1.665s] Copying ../../build/setting_goal/setting_goal.egg-info to /ros2_ws_dev/install/setting_goal/lib/python3.10/site-packages/setting_goal-0.0.0-py3.10.egg-info
[1.666s] running install_scripts
[1.690s] Installing gotopoint script to /ros2_ws_dev/install/setting_goal/lib/setting_goal
[1.691s] writing list of installed files to '/ros2_ws_dev/build/setting_goal/install.log'
[1.726s] Invoked command in '/ros2_ws_dev/src/setting_goal' returned '0': PYTHONPATH=/ros2_ws_dev/build/setting_goal/prefix_override:/usr/lib/python3/dist-packages/colcon_core/task/python/colcon_distutils_commands:/ros2_ws_dev/install/setting_goal/lib/python3.10/site-packages:${PYTHONPATH} /usr/bin/python3 -W ignore:setup.py install is deprecated -W ignore:easy_install command is deprecated setup.py egg_info --egg-base ../../build/setting_goal build --build-base /ros2_ws_dev/build/setting_goal/build install --record /ros2_ws_dev/build/setting_goal/install.log --single-version-externally-managed install_data
