-- Found ament_cmake: 1.3.13 (/opt/ros/humble/share/ament_cmake/cmake)
-- Found nav2_common: 1.1.20 (/opt/ros/humble/share/nav2_common/cmake)
-- Found nav2_core: 1.1.20 (/opt/ros/humble/share/nav2_core/cmake)
-- Found rosidl_generator_c: 3.1.8 (/opt/ros/humble/share/rosidl_generator_c/cmake)
-- Found rosidl_adapter: 3.1.8 (/opt/ros/humble/share/rosidl_adapter/cmake)
-- Found rosidl_generator_cpp: 3.1.8 (/opt/ros/humble/share/rosidl_generator_cpp/cmake)
-- Using all available rosidl_typesupport_c: rosidl_typesupport_fastrtps_c;rosidl_typesupport_introspection_c
-- Using all available rosidl_typesupport_cpp: rosidl_typesupport_fastrtps_cpp;rosidl_typesupport_introspection_cpp
-- Found rmw_implementation_cmake: 6.1.2 (/opt/ros/humble/share/rmw_implementation_cmake/cmake)
-- Found rmw_fastrtps_cpp: 6.2.10 (/opt/ros/humble/share/rmw_fastrtps_cpp/cmake)
-- Using RMW implementation 'rmw_fastrtps_cpp' as default
-- Ensuring Eigen3 include directory is part of orocos-kdl CMake target
[31mCMake Error at CMakeLists.txt:17 (find_package):
  By not providing "Findcustom_msg_srv.cmake" in CMAKE_MODULE_PATH this
  project has asked CMake to find a package configuration file provided by
  "custom_msg_srv", but CMake did not find one.

  Could not find a package configuration file provided by "custom_msg_srv"
  with any of the following names:

    custom_msg_srvConfig.cmake
    custom_msg_srv-config.cmake

  Add the installation prefix of "custom_msg_srv" to CMAKE_PREFIX_PATH or set
  "custom_msg_srv_DIR" to a directory containing one of the above files.  If
  "custom_msg_srv" provides a separate development package or SDK, be sure it
  has been installed.

[0m
-- Configuring incomplete, errors occurred!
See also "/ros2_ws_dev/build/controller/CMakeFiles/CMakeOutput.log".
