[0.014s] Invoking command in '/ros2_ws_dev/build/controller': CMAKE_PREFIX_PATH=${CMAKE_PREFIX_PATH}:/ros_ws/install/synchros2_tutorials_example:/ros_ws/install/spot_examples:/ros_ws/install/spot_common:/ros_ws/install/synchros2:/ros_ws/install/rtabmap_python:/ros_ws/install/rtabmap_lidar_custom:/opt/ros/humble /usr/bin/cmake /ros2_ws_dev/src/controller/controller -DCMAKE_INSTALL_PREFIX=/ros2_ws_dev/install/controller
[0.026s] -- Found ament_cmake: 1.3.13 (/opt/ros/humble/share/ament_cmake/cmake)
[0.134s] -- Found nav2_common: 1.1.20 (/opt/ros/humble/share/nav2_common/cmake)
[0.134s] -- Found nav2_core: 1.1.20 (/opt/ros/humble/share/nav2_core/cmake)
[0.156s] -- Found rosidl_generator_c: 3.1.8 (/opt/ros/humble/share/rosidl_generator_c/cmake)
[0.157s] -- Found rosidl_adapter: 3.1.8 (/opt/ros/humble/share/rosidl_adapter/cmake)
[0.162s] -- Found rosidl_generator_cpp: 3.1.8 (/opt/ros/humble/share/rosidl_generator_cpp/cmake)
[0.168s] -- Using all available rosidl_typesupport_c: rosidl_typesupport_fastrtps_c;rosidl_typesupport_introspection_c
[0.178s] -- Using all available rosidl_typesupport_cpp: rosidl_typesupport_fastrtps_cpp;rosidl_typesupport_introspection_cpp
[0.199s] -- Found rmw_implementation_cmake: 6.1.2 (/opt/ros/humble/share/rmw_implementation_cmake/cmake)
[0.201s] -- Found rmw_fastrtps_cpp: 6.2.10 (/opt/ros/humble/share/rmw_fastrtps_cpp/cmake)
[0.308s] -- Using RMW implementation 'rmw_fastrtps_cpp' as default
[0.487s] -- Ensuring Eigen3 include directory is part of orocos-kdl CMake target
[0.572s] [31mCMake Error at CMakeLists.txt:17 (find_package):
[0.572s]   By not providing "Findcustom_msg_srv.cmake" in CMAKE_MODULE_PATH this
[0.572s]   project has asked CMake to find a package configuration file provided by
[0.572s]   "custom_msg_srv", but CMake did not find one.
[0.572s] 
[0.572s]   Could not find a package configuration file provided by "custom_msg_srv"
[0.572s]   with any of the following names:
[0.572s] 
[0.572s]     custom_msg_srvConfig.cmake
[0.572s]     custom_msg_srv-config.cmake
[0.572s] 
[0.572s]   Add the installation prefix of "custom_msg_srv" to CMAKE_PREFIX_PATH or set
[0.572s]   "custom_msg_srv_DIR" to a directory containing one of the above files.  If
[0.572s]   "custom_msg_srv" provides a separate development package or SDK, be sure it
[0.572s]   has been installed.
[0.572s] 
[0.573s] [0m
[0.573s] -- Configuring incomplete, errors occurred!
[0.573s] See also "/ros2_ws_dev/build/controller/CMakeFiles/CMakeOutput.log".
[0.579s] Invoked command in '/ros2_ws_dev/build/controller' returned '1': CMAKE_PREFIX_PATH=${CMAKE_PREFIX_PATH}:/ros_ws/install/synchros2_tutorials_example:/ros_ws/install/spot_examples:/ros_ws/install/spot_common:/ros_ws/install/synchros2:/ros_ws/install/rtabmap_python:/ros_ws/install/rtabmap_lidar_custom:/opt/ros/humble /usr/bin/cmake /ros2_ws_dev/src/controller/controller -DCMAKE_INSTALL_PREFIX=/ros2_ws_dev/install/controller
