[0.038s] Invoking command in '/ros2_ws_dev/build/controller': CMAKE_PREFIX_PATH=${CMAKE_PREFIX_PATH}:/ros_ws/install/synchros2_tutorials_example:/ros_ws/install/spot_examples:/ros_ws/install/spot_common:/ros_ws/install/synchros2:/ros_ws/install/rtabmap_python:/ros_ws/install/rtabmap_lidar_custom:/opt/ros/humble /usr/bin/cmake /ros2_ws_dev/src/controller/controller -DCMAKE_INSTALL_PREFIX=/ros2_ws_dev/install/controller
[0.133s] -- Found ament_cmake: 1.3.13 (/opt/ros/humble/share/ament_cmake/cmake)
[0.271s] -- Override CMake install command with custom implementation using symlinks instead of copying resources
[0.294s] -- Found nav2_common: 1.1.20 (/opt/ros/humble/share/nav2_common/cmake)
[0.296s] -- Found nav2_core: 1.1.20 (/opt/ros/humble/share/nav2_core/cmake)
[0.370s] -- Found rosidl_generator_c: 3.1.8 (/opt/ros/humble/share/rosidl_generator_c/cmake)
[0.373s] -- Found rosidl_adapter: 3.1.8 (/opt/ros/humble/share/rosidl_adapter/cmake)
[0.382s] -- Found rosidl_generator_cpp: 3.1.8 (/opt/ros/humble/share/rosidl_generator_cpp/cmake)
[0.395s] -- Using all available rosidl_typesupport_c: rosidl_typesupport_fastrtps_c;rosidl_typesupport_introspection_c
[0.412s] -- Using all available rosidl_typesupport_cpp: rosidl_typesupport_fastrtps_cpp;rosidl_typesupport_introspection_cpp
[0.465s] -- Found rmw_implementation_cmake: 6.1.2 (/opt/ros/humble/share/rmw_implementation_cmake/cmake)
[0.470s] -- Found rmw_fastrtps_cpp: 6.2.10 (/opt/ros/humble/share/rmw_fastrtps_cpp/cmake)
[0.616s] -- Using RMW implementation 'rmw_fastrtps_cpp' as default
[0.975s] -- Ensuring Eigen3 include directory is part of orocos-kdl CMake target
[1.198s] -- Found ament_lint_auto: 0.12.15 (/opt/ros/humble/share/ament_lint_auto/cmake)
[1.300s] -- Added test 'cppcheck' to perform static code analysis on C / C++ code
[1.300s] -- Configured cppcheck include dirs: /ros2_ws_dev/src/controller/controller/include
[1.300s] -- Configured cppcheck exclude dirs and/or files: 
[1.301s] -- Added test 'cpplint' to check C / C++ code against the Google style
[1.301s] -- Configured cpplint exclude dirs and/or files: 
[1.302s] -- Added test 'lint_cmake' to check CMake code style
[1.303s] -- Added test 'uncrustify' to check C / C++ code style
[1.303s] -- Configured uncrustify additional arguments: 
[1.304s] -- Added test 'xmllint' to check XML markup files
[1.309s] -- Configuring done
[1.453s] -- Generating done
[1.460s] -- Build files have been written to: /ros2_ws_dev/build/controller
[1.475s] Invoked command in '/ros2_ws_dev/build/controller' returned '0': CMAKE_PREFIX_PATH=${CMAKE_PREFIX_PATH}:/ros_ws/install/synchros2_tutorials_example:/ros_ws/install/spot_examples:/ros_ws/install/spot_common:/ros_ws/install/synchros2:/ros_ws/install/rtabmap_python:/ros_ws/install/rtabmap_lidar_custom:/opt/ros/humble /usr/bin/cmake /ros2_ws_dev/src/controller/controller -DCMAKE_INSTALL_PREFIX=/ros2_ws_dev/install/controller
[1.475s] Invoking command in '/ros2_ws_dev/build/controller': CMAKE_PREFIX_PATH=${CMAKE_PREFIX_PATH}:/ros_ws/install/synchros2_tutorials_example:/ros_ws/install/spot_examples:/ros_ws/install/spot_common:/ros_ws/install/synchros2:/ros_ws/install/rtabmap_python:/ros_ws/install/rtabmap_lidar_custom:/opt/ros/humble /usr/bin/cmake --build /ros2_ws_dev/build/controller -- -j8 -l8
[1.514s] [35m[1mConsolidate compiler generated dependencies of target pure_controller[0m
[1.544s] [100%] Built target pure_controller
[1.553s] Invoked command in '/ros2_ws_dev/build/controller' returned '0': CMAKE_PREFIX_PATH=${CMAKE_PREFIX_PATH}:/ros_ws/install/synchros2_tutorials_example:/ros_ws/install/spot_examples:/ros_ws/install/spot_common:/ros_ws/install/synchros2:/ros_ws/install/rtabmap_python:/ros_ws/install/rtabmap_lidar_custom:/opt/ros/humble /usr/bin/cmake --build /ros2_ws_dev/build/controller -- -j8 -l8
[1.563s] Invoking command in '/ros2_ws_dev/build/controller': CMAKE_PREFIX_PATH=${CMAKE_PREFIX_PATH}:/ros_ws/install/synchros2_tutorials_example:/ros_ws/install/spot_examples:/ros_ws/install/spot_common:/ros_ws/install/synchros2:/ros_ws/install/rtabmap_python:/ros_ws/install/rtabmap_lidar_custom:/opt/ros/humble /usr/bin/cmake --install /ros2_ws_dev/build/controller
[1.568s] -- Install configuration: "Release"
[1.568s] -- Execute custom install script
[1.568s] -- Up-to-date symlink: /ros2_ws_dev/install/controller/lib/libpure_controller.so
[1.569s] -- Up-to-date symlink: /ros2_ws_dev/install/controller/include//nav2_pure_controller/pure_controller.hpp
[1.570s] -- Up-to-date symlink: /ros2_ws_dev/install/controller/share/controller/environment/library_path.sh
[1.571s] -- Up-to-date symlink: /ros2_ws_dev/install/controller/share/controller/environment/library_path.dsv
[1.571s] -- Up-to-date symlink: /ros2_ws_dev/install/controller/share/controller//pure_controller.xml
[1.571s] -- Up-to-date symlink: /ros2_ws_dev/install/controller/share/ament_index/resource_index/package_run_dependencies/controller
[1.572s] -- Up-to-date symlink: /ros2_ws_dev/install/controller/share/ament_index/resource_index/parent_prefix_path/controller
[1.572s] -- Up-to-date symlink: /ros2_ws_dev/install/controller/share/controller/environment/ament_prefix_path.sh
[1.573s] -- Up-to-date symlink: /ros2_ws_dev/install/controller/share/controller/environment/ament_prefix_path.dsv
[1.574s] -- Up-to-date symlink: /ros2_ws_dev/install/controller/share/controller/environment/path.sh
[1.574s] -- Up-to-date symlink: /ros2_ws_dev/install/controller/share/controller/environment/path.dsv
[1.574s] -- Up-to-date symlink: /ros2_ws_dev/install/controller/share/controller/local_setup.bash
[1.575s] -- Up-to-date symlink: /ros2_ws_dev/install/controller/share/controller/local_setup.sh
[1.575s] -- Up-to-date symlink: /ros2_ws_dev/install/controller/share/controller/local_setup.zsh
[1.576s] -- Up-to-date symlink: /ros2_ws_dev/install/controller/share/controller/local_setup.dsv
[1.576s] -- Symlinking: /ros2_ws_dev/install/controller/share/controller/package.dsv
[1.585s] -- Up-to-date symlink: /ros2_ws_dev/install/controller/share/ament_index/resource_index/packages/controller
[1.585s] -- Up-to-date symlink: /ros2_ws_dev/install/controller/share/ament_index/resource_index/nav2_core__pluginlib__plugin/controller
[1.585s] -- Up-to-date symlink: /ros2_ws_dev/install/controller/share/controller/cmake/ament_cmake_export_include_directories-extras.cmake
[1.586s] -- Up-to-date symlink: /ros2_ws_dev/install/controller/share/controller/cmake/ament_cmake_export_libraries-extras.cmake
[1.586s] -- Up-to-date symlink: /ros2_ws_dev/install/controller/share/controller/cmake/ament_cmake_export_dependencies-extras.cmake
[1.587s] -- Up-to-date symlink: /ros2_ws_dev/install/controller/share/controller/cmake/controllerConfig.cmake
[1.587s] -- Up-to-date symlink: /ros2_ws_dev/install/controller/share/controller/cmake/controllerConfig-version.cmake
[1.587s] -- Up-to-date symlink: /ros2_ws_dev/install/controller/share/controller/package.xml
[1.589s] Invoked command in '/ros2_ws_dev/build/controller' returned '0': CMAKE_PREFIX_PATH=${CMAKE_PREFIX_PATH}:/ros_ws/install/synchros2_tutorials_example:/ros_ws/install/spot_examples:/ros_ws/install/spot_common:/ros_ws/install/synchros2:/ros_ws/install/rtabmap_python:/ros_ws/install/rtabmap_lidar_custom:/opt/ros/humble /usr/bin/cmake --install /ros2_ws_dev/build/controller
