[0.327s] DEBUG:colcon:Command line arguments: ['/usr/bin/colcon', 'build']
[0.327s] DEBUG:colcon:Parsed command line arguments: Namespace(log_base=None, log_level=None, verb_name='build', build_base='build', install_base='install', merge_install=False, symlink_install=False, test_result_base=None, continue_on_error=False, executor='parallel', parallel_workers=8, event_handlers=None, ignore_user_meta=False, metas=['./colcon.meta'], base_paths=['.'], packages_ignore=None, packages_ignore_regex=None, paths=None, packages_up_to=None, packages_up_to_regex=None, packages_above=None, packages_above_and_dependencies=None, packages_above_depth=None, packages_select_by_dep=None, packages_skip_by_dep=None, packages_skip_up_to=None, packages_select_build_failed=False, packages_skip_build_finished=False, packages_select_test_failures=False, packages_skip_test_passed=False, packages_select=None, packages_skip=None, packages_select_regex=None, packages_skip_regex=None, packages_start=None, packages_end=None, cmake_args=None, cmake_target=None, cmake_target_skip_unavailable=False, cmake_clean_cache=False, cmake_clean_first=False, cmake_force_configure=False, ament_cmake_args=None, catkin_cmake_args=None, catkin_skip_building_tests=False, mixin_files=None, mixin=None, verb_parser=<colcon_mixin.mixin.mixin_argument.MixinArgumentDecorator object at 0x7ff8b67e4190>, verb_extension=<colcon_core.verb.build.BuildVerb object at 0x7ff8b693d1b0>, main=<bound method BuildVerb.main of <colcon_core.verb.build.BuildVerb object at 0x7ff8b693d1b0>>, mixin_verb=('build',))
[0.669s] Level 1:colcon.colcon_core.package_discovery:discover_packages(colcon_meta) check parameters
[0.669s] Level 1:colcon.colcon_core.package_discovery:discover_packages(recursive) check parameters
[0.669s] Level 1:colcon.colcon_core.package_discovery:discover_packages(ignore) check parameters
[0.669s] Level 1:colcon.colcon_core.package_discovery:discover_packages(path) check parameters
[0.669s] Level 1:colcon.colcon_core.package_discovery:discover_packages(colcon_meta) discover
[0.669s] Level 1:colcon.colcon_core.package_discovery:discover_packages(recursive) discover
[0.669s] INFO:colcon.colcon_core.package_discovery:Crawling recursively for packages in '/ros2_ws_dev'
[0.669s] Level 1:colcon.colcon_core.package_identification:_identify(.) by extensions ['ignore', 'ignore_ament_install']
[0.669s] Level 1:colcon.colcon_core.package_identification:_identify(.) by extension 'ignore'
[0.669s] Level 1:colcon.colcon_core.package_identification:_identify(.) by extension 'ignore_ament_install'
[0.670s] Level 1:colcon.colcon_core.package_identification:_identify(.) by extensions ['colcon_pkg']
[0.670s] Level 1:colcon.colcon_core.package_identification:_identify(.) by extension 'colcon_pkg'
[0.670s] Level 1:colcon.colcon_core.package_identification:_identify(.) by extensions ['colcon_meta']
[0.670s] Level 1:colcon.colcon_core.package_identification:_identify(.) by extension 'colcon_meta'
[0.670s] Level 1:colcon.colcon_core.package_identification:_identify(.) by extensions ['ros']
[0.670s] Level 1:colcon.colcon_core.package_identification:_identify(.) by extension 'ros'
[0.698s] Level 1:colcon.colcon_core.package_identification:_identify(.) by extensions ['cmake', 'python']
[0.699s] Level 1:colcon.colcon_core.package_identification:_identify(.) by extension 'cmake'
[0.699s] Level 1:colcon.colcon_core.package_identification:_identify(.) by extension 'python'
[0.699s] Level 1:colcon.colcon_core.package_identification:_identify(.) by extensions ['python_setup_py']
[0.699s] Level 1:colcon.colcon_core.package_identification:_identify(.) by extension 'python_setup_py'
[0.699s] Level 1:colcon.colcon_core.package_identification:_identify(build) by extensions ['ignore', 'ignore_ament_install']
[0.699s] Level 1:colcon.colcon_core.package_identification:_identify(build) by extension 'ignore'
[0.699s] Level 1:colcon.colcon_core.package_identification:_identify(build) ignored
[0.700s] Level 1:colcon.colcon_core.package_identification:_identify(install) by extensions ['ignore', 'ignore_ament_install']
[0.700s] Level 1:colcon.colcon_core.package_identification:_identify(install) by extension 'ignore'
[0.700s] Level 1:colcon.colcon_core.package_identification:_identify(install) ignored
[0.700s] Level 1:colcon.colcon_core.package_identification:_identify(log) by extensions ['ignore', 'ignore_ament_install']
[0.700s] Level 1:colcon.colcon_core.package_identification:_identify(log) by extension 'ignore'
[0.700s] Level 1:colcon.colcon_core.package_identification:_identify(log) ignored
[0.700s] Level 1:colcon.colcon_core.package_identification:_identify(src) by extensions ['ignore', 'ignore_ament_install']
[0.701s] Level 1:colcon.colcon_core.package_identification:_identify(src) by extension 'ignore'
[0.701s] Level 1:colcon.colcon_core.package_identification:_identify(src) by extension 'ignore_ament_install'
[0.701s] Level 1:colcon.colcon_core.package_identification:_identify(src) by extensions ['colcon_pkg']
[0.701s] Level 1:colcon.colcon_core.package_identification:_identify(src) by extension 'colcon_pkg'
[0.701s] Level 1:colcon.colcon_core.package_identification:_identify(src) by extensions ['colcon_meta']
[0.701s] Level 1:colcon.colcon_core.package_identification:_identify(src) by extension 'colcon_meta'
[0.701s] Level 1:colcon.colcon_core.package_identification:_identify(src) by extensions ['ros']
[0.701s] Level 1:colcon.colcon_core.package_identification:_identify(src) by extension 'ros'
[0.701s] Level 1:colcon.colcon_core.package_identification:_identify(src) by extensions ['cmake', 'python']
[0.701s] Level 1:colcon.colcon_core.package_identification:_identify(src) by extension 'cmake'
[0.702s] Level 1:colcon.colcon_core.package_identification:_identify(src) by extension 'python'
[0.702s] Level 1:colcon.colcon_core.package_identification:_identify(src) by extensions ['python_setup_py']
[0.702s] Level 1:colcon.colcon_core.package_identification:_identify(src) by extension 'python_setup_py'
[0.702s] Level 1:colcon.colcon_core.package_identification:_identify(src/controller) by extensions ['ignore', 'ignore_ament_install']
[0.702s] Level 1:colcon.colcon_core.package_identification:_identify(src/controller) by extension 'ignore'
[0.702s] Level 1:colcon.colcon_core.package_identification:_identify(src/controller) by extension 'ignore_ament_install'
[0.703s] Level 1:colcon.colcon_core.package_identification:_identify(src/controller) by extensions ['colcon_pkg']
[0.703s] Level 1:colcon.colcon_core.package_identification:_identify(src/controller) by extension 'colcon_pkg'
[0.703s] Level 1:colcon.colcon_core.package_identification:_identify(src/controller) by extensions ['colcon_meta']
[0.703s] Level 1:colcon.colcon_core.package_identification:_identify(src/controller) by extension 'colcon_meta'
[0.703s] Level 1:colcon.colcon_core.package_identification:_identify(src/controller) by extensions ['ros']
[0.703s] Level 1:colcon.colcon_core.package_identification:_identify(src/controller) by extension 'ros'
[0.703s] Level 1:colcon.colcon_core.package_identification:_identify(src/controller) by extensions ['cmake', 'python']
[0.703s] Level 1:colcon.colcon_core.package_identification:_identify(src/controller) by extension 'cmake'
[0.703s] Level 1:colcon.colcon_core.package_identification:_identify(src/controller) by extension 'python'
[0.703s] Level 1:colcon.colcon_core.package_identification:_identify(src/controller) by extensions ['python_setup_py']
[0.703s] Level 1:colcon.colcon_core.package_identification:_identify(src/controller) by extension 'python_setup_py'
[0.704s] Level 1:colcon.colcon_core.package_identification:_identify(src/controller/controller) by extensions ['ignore', 'ignore_ament_install']
[0.704s] Level 1:colcon.colcon_core.package_identification:_identify(src/controller/controller) by extension 'ignore'
[0.704s] Level 1:colcon.colcon_core.package_identification:_identify(src/controller/controller) by extension 'ignore_ament_install'
[0.704s] Level 1:colcon.colcon_core.package_identification:_identify(src/controller/controller) by extensions ['colcon_pkg']
[0.704s] Level 1:colcon.colcon_core.package_identification:_identify(src/controller/controller) by extension 'colcon_pkg'
[0.704s] Level 1:colcon.colcon_core.package_identification:_identify(src/controller/controller) by extensions ['colcon_meta']
[0.704s] Level 1:colcon.colcon_core.package_identification:_identify(src/controller/controller) by extension 'colcon_meta'
[0.704s] Level 1:colcon.colcon_core.package_identification:_identify(src/controller/controller) by extensions ['ros']
[0.704s] Level 1:colcon.colcon_core.package_identification:_identify(src/controller/controller) by extension 'ros'
[0.708s] DEBUG:colcon.colcon_core.package_identification:Package 'src/controller/controller' with type 'ros.ament_cmake' and name 'controller'
[0.709s] Level 1:colcon.colcon_core.package_identification:_identify(src/footprint_tf_pkg) by extensions ['ignore', 'ignore_ament_install']
[0.709s] Level 1:colcon.colcon_core.package_identification:_identify(src/footprint_tf_pkg) by extension 'ignore'
[0.709s] Level 1:colcon.colcon_core.package_identification:_identify(src/footprint_tf_pkg) by extension 'ignore_ament_install'
[0.709s] Level 1:colcon.colcon_core.package_identification:_identify(src/footprint_tf_pkg) by extensions ['colcon_pkg']
[0.709s] Level 1:colcon.colcon_core.package_identification:_identify(src/footprint_tf_pkg) by extension 'colcon_pkg'
[0.709s] Level 1:colcon.colcon_core.package_identification:_identify(src/footprint_tf_pkg) by extensions ['colcon_meta']
[0.709s] Level 1:colcon.colcon_core.package_identification:_identify(src/footprint_tf_pkg) by extension 'colcon_meta'
[0.709s] Level 1:colcon.colcon_core.package_identification:_identify(src/footprint_tf_pkg) by extensions ['ros']
[0.709s] Level 1:colcon.colcon_core.package_identification:_identify(src/footprint_tf_pkg) by extension 'ros'
[0.710s] DEBUG:colcon.colcon_core.package_identification:Package 'src/footprint_tf_pkg' with type 'ros.ament_python' and name 'footprint_tf_pkg'
[0.710s] Level 1:colcon.colcon_core.package_identification:_identify(src/setting_goal) by extensions ['ignore', 'ignore_ament_install']
[0.710s] Level 1:colcon.colcon_core.package_identification:_identify(src/setting_goal) by extension 'ignore'
[0.710s] Level 1:colcon.colcon_core.package_identification:_identify(src/setting_goal) by extension 'ignore_ament_install'
[0.710s] Level 1:colcon.colcon_core.package_identification:_identify(src/setting_goal) by extensions ['colcon_pkg']
[0.710s] Level 1:colcon.colcon_core.package_identification:_identify(src/setting_goal) by extension 'colcon_pkg'
[0.710s] Level 1:colcon.colcon_core.package_identification:_identify(src/setting_goal) by extensions ['colcon_meta']
[0.710s] Level 1:colcon.colcon_core.package_identification:_identify(src/setting_goal) by extension 'colcon_meta'
[0.710s] Level 1:colcon.colcon_core.package_identification:_identify(src/setting_goal) by extensions ['ros']
[0.710s] Level 1:colcon.colcon_core.package_identification:_identify(src/setting_goal) by extension 'ros'
[0.711s] DEBUG:colcon.colcon_core.package_identification:Package 'src/setting_goal' with type 'ros.ament_python' and name 'setting_goal'
[0.711s] Level 1:colcon.colcon_core.package_discovery:discover_packages(recursive) using defaults
[0.712s] Level 1:colcon.colcon_core.package_discovery:discover_packages(ignore) discover
[0.712s] Level 1:colcon.colcon_core.package_discovery:discover_packages(ignore) using defaults
[0.712s] Level 1:colcon.colcon_core.package_discovery:discover_packages(path) discover
[0.712s] Level 1:colcon.colcon_core.package_discovery:discover_packages(path) using defaults
[0.754s] Level 5:colcon.colcon_core.verb:set package 'controller' build argument 'cmake_args' from command line to 'None'
[0.754s] Level 5:colcon.colcon_core.verb:set package 'controller' build argument 'cmake_target' from command line to 'None'
[0.754s] Level 5:colcon.colcon_core.verb:set package 'controller' build argument 'cmake_target_skip_unavailable' from command line to 'False'
[0.754s] Level 5:colcon.colcon_core.verb:set package 'controller' build argument 'cmake_clean_cache' from command line to 'False'
[0.754s] Level 5:colcon.colcon_core.verb:set package 'controller' build argument 'cmake_clean_first' from command line to 'False'
[0.755s] Level 5:colcon.colcon_core.verb:set package 'controller' build argument 'cmake_force_configure' from command line to 'False'
[0.755s] Level 5:colcon.colcon_core.verb:set package 'controller' build argument 'ament_cmake_args' from command line to 'None'
[0.755s] Level 5:colcon.colcon_core.verb:set package 'controller' build argument 'catkin_cmake_args' from command line to 'None'
[0.755s] Level 5:colcon.colcon_core.verb:set package 'controller' build argument 'catkin_skip_building_tests' from command line to 'False'
[0.755s] DEBUG:colcon.colcon_core.verb:Building package 'controller' with the following arguments: {'ament_cmake_args': None, 'build_base': '/ros2_ws_dev/build/controller', 'catkin_cmake_args': None, 'catkin_skip_building_tests': False, 'cmake_args': None, 'cmake_clean_cache': False, 'cmake_clean_first': False, 'cmake_force_configure': False, 'cmake_target': None, 'cmake_target_skip_unavailable': False, 'install_base': '/ros2_ws_dev/install/controller', 'merge_install': False, 'path': '/ros2_ws_dev/src/controller/controller', 'symlink_install': False, 'test_result_base': None}
[0.756s] Level 5:colcon.colcon_core.verb:set package 'footprint_tf_pkg' build argument 'cmake_args' from command line to 'None'
[0.756s] Level 5:colcon.colcon_core.verb:set package 'footprint_tf_pkg' build argument 'cmake_target' from command line to 'None'
[0.756s] Level 5:colcon.colcon_core.verb:set package 'footprint_tf_pkg' build argument 'cmake_target_skip_unavailable' from command line to 'False'
[0.756s] Level 5:colcon.colcon_core.verb:set package 'footprint_tf_pkg' build argument 'cmake_clean_cache' from command line to 'False'
[0.756s] Level 5:colcon.colcon_core.verb:set package 'footprint_tf_pkg' build argument 'cmake_clean_first' from command line to 'False'
[0.757s] Level 5:colcon.colcon_core.verb:set package 'footprint_tf_pkg' build argument 'cmake_force_configure' from command line to 'False'
[0.757s] Level 5:colcon.colcon_core.verb:set package 'footprint_tf_pkg' build argument 'ament_cmake_args' from command line to 'None'
[0.757s] Level 5:colcon.colcon_core.verb:set package 'footprint_tf_pkg' build argument 'catkin_cmake_args' from command line to 'None'
[0.757s] Level 5:colcon.colcon_core.verb:set package 'footprint_tf_pkg' build argument 'catkin_skip_building_tests' from command line to 'False'
[0.757s] DEBUG:colcon.colcon_core.verb:Building package 'footprint_tf_pkg' with the following arguments: {'ament_cmake_args': None, 'build_base': '/ros2_ws_dev/build/footprint_tf_pkg', 'catkin_cmake_args': None, 'catkin_skip_building_tests': False, 'cmake_args': None, 'cmake_clean_cache': False, 'cmake_clean_first': False, 'cmake_force_configure': False, 'cmake_target': None, 'cmake_target_skip_unavailable': False, 'install_base': '/ros2_ws_dev/install/footprint_tf_pkg', 'merge_install': False, 'path': '/ros2_ws_dev/src/footprint_tf_pkg', 'symlink_install': False, 'test_result_base': None}
[0.758s] Level 5:colcon.colcon_core.verb:set package 'setting_goal' build argument 'cmake_args' from command line to 'None'
[0.758s] Level 5:colcon.colcon_core.verb:set package 'setting_goal' build argument 'cmake_target' from command line to 'None'
[0.758s] Level 5:colcon.colcon_core.verb:set package 'setting_goal' build argument 'cmake_target_skip_unavailable' from command line to 'False'
[0.758s] Level 5:colcon.colcon_core.verb:set package 'setting_goal' build argument 'cmake_clean_cache' from command line to 'False'
[0.758s] Level 5:colcon.colcon_core.verb:set package 'setting_goal' build argument 'cmake_clean_first' from command line to 'False'
[0.758s] Level 5:colcon.colcon_core.verb:set package 'setting_goal' build argument 'cmake_force_configure' from command line to 'False'
[0.758s] Level 5:colcon.colcon_core.verb:set package 'setting_goal' build argument 'ament_cmake_args' from command line to 'None'
[0.758s] Level 5:colcon.colcon_core.verb:set package 'setting_goal' build argument 'catkin_cmake_args' from command line to 'None'
[0.758s] Level 5:colcon.colcon_core.verb:set package 'setting_goal' build argument 'catkin_skip_building_tests' from command line to 'False'
[0.758s] DEBUG:colcon.colcon_core.verb:Building package 'setting_goal' with the following arguments: {'ament_cmake_args': None, 'build_base': '/ros2_ws_dev/build/setting_goal', 'catkin_cmake_args': None, 'catkin_skip_building_tests': False, 'cmake_args': None, 'cmake_clean_cache': False, 'cmake_clean_first': False, 'cmake_force_configure': False, 'cmake_target': None, 'cmake_target_skip_unavailable': False, 'install_base': '/ros2_ws_dev/install/setting_goal', 'merge_install': False, 'path': '/ros2_ws_dev/src/setting_goal', 'symlink_install': False, 'test_result_base': None}
[0.759s] INFO:colcon.colcon_core.executor:Executing jobs using 'parallel' executor
[0.761s] DEBUG:colcon.colcon_parallel_executor.executor.parallel:run_until_complete
[0.761s] INFO:colcon.colcon_ros.task.ament_cmake.build:Building ROS package in '/ros2_ws_dev/src/controller/controller' with build type 'ament_cmake'
[0.761s] INFO:colcon.colcon_cmake.task.cmake.build:Building CMake package in '/ros2_ws_dev/src/controller/controller'
[0.768s] INFO:colcon.colcon_core.plugin_system:Skipping extension 'colcon_core.shell.bat': Not used on non-Windows systems
[0.768s] INFO:colcon.colcon_core.shell:Skip shell extension 'powershell' for command environment: Not usable outside of PowerShell
[0.769s] DEBUG:colcon.colcon_core.shell:Skip shell extension 'dsv' for command environment
[0.788s] INFO:colcon.colcon_ros.task.ament_python.build:Building ROS package in '/ros2_ws_dev/src/footprint_tf_pkg' with build type 'ament_python'
[0.788s] Level 1:colcon.colcon_core.shell:create_environment_hook('footprint_tf_pkg', 'ament_prefix_path')
[0.788s] INFO:colcon.colcon_core.shell:Creating environment hook '/ros2_ws_dev/install/footprint_tf_pkg/share/footprint_tf_pkg/hook/ament_prefix_path.ps1'
[0.789s] INFO:colcon.colcon_core.shell:Creating environment descriptor '/ros2_ws_dev/install/footprint_tf_pkg/share/footprint_tf_pkg/hook/ament_prefix_path.dsv'
[0.790s] INFO:colcon.colcon_core.shell:Creating environment hook '/ros2_ws_dev/install/footprint_tf_pkg/share/footprint_tf_pkg/hook/ament_prefix_path.sh'
[0.791s] INFO:colcon.colcon_core.shell:Skip shell extension 'powershell' for command environment: Not usable outside of PowerShell
[0.791s] DEBUG:colcon.colcon_core.shell:Skip shell extension 'dsv' for command environment
[0.805s] INFO:colcon.colcon_ros.task.ament_python.build:Building ROS package in '/ros2_ws_dev/src/setting_goal' with build type 'ament_python'
[0.805s] Level 1:colcon.colcon_core.shell:create_environment_hook('setting_goal', 'ament_prefix_path')
[0.805s] INFO:colcon.colcon_core.shell:Creating environment hook '/ros2_ws_dev/install/setting_goal/share/setting_goal/hook/ament_prefix_path.ps1'
[0.806s] INFO:colcon.colcon_core.shell:Creating environment descriptor '/ros2_ws_dev/install/setting_goal/share/setting_goal/hook/ament_prefix_path.dsv'
[0.806s] INFO:colcon.colcon_core.shell:Creating environment hook '/ros2_ws_dev/install/setting_goal/share/setting_goal/hook/ament_prefix_path.sh'
[0.807s] INFO:colcon.colcon_core.shell:Skip shell extension 'powershell' for command environment: Not usable outside of PowerShell
[0.807s] DEBUG:colcon.colcon_core.shell:Skip shell extension 'dsv' for command environment
[0.824s] DEBUG:colcon.colcon_core.event_handler.log_command:Invoking command in '/ros2_ws_dev/build/controller': CMAKE_PREFIX_PATH=${CMAKE_PREFIX_PATH}:/ros_ws/install/synchros2_tutorials_example:/ros_ws/install/spot_examples:/ros_ws/install/spot_common:/ros_ws/install/synchros2:/ros_ws/install/rtabmap_python:/ros2_kortex_ws/install/rqt_joint_trajectory_controller:/ros2_kortex_ws/install/rqt_controller_manager:/ros2_kortex_ws/install/ros2controlcli:/ros2_kortex_ws/install/ros2_controllers_test_nodes:/ros2_kortex_ws/install/my_simulation_pkg:/ros2_ws_dev/install/setting_goal:/ros2_ws_dev/install/footprint_tf_pkg:/opt/ros/humble /usr/bin/cmake --build /ros2_ws_dev/build/controller -- -j8 -l8
[1.183s] INFO:colcon.colcon_core.task.python.build:Building Python package in '/ros2_ws_dev/src/footprint_tf_pkg'
[1.183s] INFO:colcon.colcon_core.shell:Skip shell extension 'powershell' for command environment: Not usable outside of PowerShell
[1.183s] DEBUG:colcon.colcon_core.shell:Skip shell extension 'dsv' for command environment
[1.543s] INFO:colcon.colcon_core.task.python.build:Building Python package in '/ros2_ws_dev/src/setting_goal'
[1.544s] INFO:colcon.colcon_core.shell:Skip shell extension 'powershell' for command environment: Not usable outside of PowerShell
[1.544s] DEBUG:colcon.colcon_core.shell:Skip shell extension 'dsv' for command environment
[1.558s] DEBUG:colcon.colcon_core.event_handler.log_command:Invoked command in '/ros2_ws_dev/build/controller' returned '0': CMAKE_PREFIX_PATH=${CMAKE_PREFIX_PATH}:/ros_ws/install/synchros2_tutorials_example:/ros_ws/install/spot_examples:/ros_ws/install/spot_common:/ros_ws/install/synchros2:/ros_ws/install/rtabmap_python:/ros2_kortex_ws/install/rqt_joint_trajectory_controller:/ros2_kortex_ws/install/rqt_controller_manager:/ros2_kortex_ws/install/ros2controlcli:/ros2_kortex_ws/install/ros2_controllers_test_nodes:/ros2_kortex_ws/install/my_simulation_pkg:/ros2_ws_dev/install/setting_goal:/ros2_ws_dev/install/footprint_tf_pkg:/opt/ros/humble /usr/bin/cmake --build /ros2_ws_dev/build/controller -- -j8 -l8
[1.571s] DEBUG:colcon.colcon_core.event_handler.log_command:Invoking command in '/ros2_ws_dev/build/controller': CMAKE_PREFIX_PATH=${CMAKE_PREFIX_PATH}:/ros_ws/install/synchros2_tutorials_example:/ros_ws/install/spot_examples:/ros_ws/install/spot_common:/ros_ws/install/synchros2:/ros_ws/install/rtabmap_python:/ros2_kortex_ws/install/rqt_joint_trajectory_controller:/ros2_kortex_ws/install/rqt_controller_manager:/ros2_kortex_ws/install/ros2controlcli:/ros2_kortex_ws/install/ros2_controllers_test_nodes:/ros2_kortex_ws/install/my_simulation_pkg:/ros2_ws_dev/install/setting_goal:/ros2_ws_dev/install/footprint_tf_pkg:/opt/ros/humble /usr/bin/cmake --install /ros2_ws_dev/build/controller
[1.606s] Level 1:colcon.colcon_core.environment:create_environment_scripts_only(controller)
[1.607s] DEBUG:colcon.colcon_core.event_handler.log_command:Invoked command in '/ros2_ws_dev/build/controller' returned '0': CMAKE_PREFIX_PATH=${CMAKE_PREFIX_PATH}:/ros_ws/install/synchros2_tutorials_example:/ros_ws/install/spot_examples:/ros_ws/install/spot_common:/ros_ws/install/synchros2:/ros_ws/install/rtabmap_python:/ros2_kortex_ws/install/rqt_joint_trajectory_controller:/ros2_kortex_ws/install/rqt_controller_manager:/ros2_kortex_ws/install/ros2controlcli:/ros2_kortex_ws/install/ros2_controllers_test_nodes:/ros2_kortex_ws/install/my_simulation_pkg:/ros2_ws_dev/install/setting_goal:/ros2_ws_dev/install/footprint_tf_pkg:/opt/ros/humble /usr/bin/cmake --install /ros2_ws_dev/build/controller
[1.613s] Level 1:colcon.colcon_core.environment:checking '/ros2_ws_dev/install/controller' for CMake module files
[1.613s] Level 1:colcon.colcon_core.environment:checking '/ros2_ws_dev/install/controller' for CMake config files
[1.614s] Level 1:colcon.colcon_core.shell:create_environment_hook('controller', 'cmake_prefix_path')
[1.615s] INFO:colcon.colcon_core.shell:Creating environment hook '/ros2_ws_dev/install/controller/share/controller/hook/cmake_prefix_path.ps1'
[1.615s] INFO:colcon.colcon_core.shell:Creating environment descriptor '/ros2_ws_dev/install/controller/share/controller/hook/cmake_prefix_path.dsv'
[1.615s] INFO:colcon.colcon_core.shell:Creating environment hook '/ros2_ws_dev/install/controller/share/controller/hook/cmake_prefix_path.sh'
[1.616s] Level 1:colcon.colcon_core.environment:checking '/ros2_ws_dev/install/controller/lib'
[1.616s] Level 1:colcon.colcon_core.shell:create_environment_hook('controller', 'ld_library_path_lib')
[1.617s] INFO:colcon.colcon_core.shell:Creating environment hook '/ros2_ws_dev/install/controller/share/controller/hook/ld_library_path_lib.ps1'
[1.617s] INFO:colcon.colcon_core.shell:Creating environment descriptor '/ros2_ws_dev/install/controller/share/controller/hook/ld_library_path_lib.dsv'
[1.617s] INFO:colcon.colcon_core.shell:Creating environment hook '/ros2_ws_dev/install/controller/share/controller/hook/ld_library_path_lib.sh'
[1.618s] Level 1:colcon.colcon_core.environment:checking '/ros2_ws_dev/install/controller/bin'
[1.618s] Level 1:colcon.colcon_core.environment:checking '/ros2_ws_dev/install/controller/lib/pkgconfig/controller.pc'
[1.618s] Level 1:colcon.colcon_core.environment:checking '/ros2_ws_dev/install/controller/lib/python3.10/site-packages'
[1.618s] Level 1:colcon.colcon_core.environment:checking '/ros2_ws_dev/install/controller/bin'
[1.619s] INFO:colcon.colcon_core.shell:Creating package script '/ros2_ws_dev/install/controller/share/controller/package.ps1'
[1.620s] INFO:colcon.colcon_core.shell:Creating package descriptor '/ros2_ws_dev/install/controller/share/controller/package.dsv'
[1.621s] INFO:colcon.colcon_core.shell:Creating package script '/ros2_ws_dev/install/controller/share/controller/package.sh'
[1.622s] INFO:colcon.colcon_core.shell:Creating package script '/ros2_ws_dev/install/controller/share/controller/package.bash'
[1.623s] INFO:colcon.colcon_core.shell:Creating package script '/ros2_ws_dev/install/controller/share/controller/package.zsh'
[1.624s] Level 1:colcon.colcon_core.environment:create_file_with_runtime_dependencies(/ros2_ws_dev/install/controller/share/colcon-core/packages/controller)
[1.624s] Level 1:colcon.colcon_core.environment:create_environment_scripts_only(controller)
[1.625s] Level 1:colcon.colcon_core.environment:checking '/ros2_ws_dev/install/controller' for CMake module files
[1.625s] Level 1:colcon.colcon_core.environment:checking '/ros2_ws_dev/install/controller' for CMake config files
[1.626s] Level 1:colcon.colcon_core.shell:create_environment_hook('controller', 'cmake_prefix_path')
[1.626s] INFO:colcon.colcon_core.shell:Creating environment hook '/ros2_ws_dev/install/controller/share/controller/hook/cmake_prefix_path.ps1'
[1.627s] INFO:colcon.colcon_core.shell:Creating environment descriptor '/ros2_ws_dev/install/controller/share/controller/hook/cmake_prefix_path.dsv'
[1.627s] INFO:colcon.colcon_core.shell:Creating environment hook '/ros2_ws_dev/install/controller/share/controller/hook/cmake_prefix_path.sh'
[1.627s] Level 1:colcon.colcon_core.environment:checking '/ros2_ws_dev/install/controller/lib'
[1.627s] Level 1:colcon.colcon_core.shell:create_environment_hook('controller', 'ld_library_path_lib')
[1.628s] INFO:colcon.colcon_core.shell:Creating environment hook '/ros2_ws_dev/install/controller/share/controller/hook/ld_library_path_lib.ps1'
[1.628s] INFO:colcon.colcon_core.shell:Creating environment descriptor '/ros2_ws_dev/install/controller/share/controller/hook/ld_library_path_lib.dsv'
[1.628s] INFO:colcon.colcon_core.shell:Creating environment hook '/ros2_ws_dev/install/controller/share/controller/hook/ld_library_path_lib.sh'
[1.629s] Level 1:colcon.colcon_core.environment:checking '/ros2_ws_dev/install/controller/bin'
[1.629s] Level 1:colcon.colcon_core.environment:checking '/ros2_ws_dev/install/controller/lib/pkgconfig/controller.pc'
[1.629s] Level 1:colcon.colcon_core.environment:checking '/ros2_ws_dev/install/controller/lib/python3.10/site-packages'
[1.630s] Level 1:colcon.colcon_core.environment:checking '/ros2_ws_dev/install/controller/bin'
[1.630s] INFO:colcon.colcon_core.shell:Creating package script '/ros2_ws_dev/install/controller/share/controller/package.ps1'
[1.631s] INFO:colcon.colcon_core.shell:Creating package descriptor '/ros2_ws_dev/install/controller/share/controller/package.dsv'
[1.631s] INFO:colcon.colcon_core.shell:Creating package script '/ros2_ws_dev/install/controller/share/controller/package.sh'
[1.631s] INFO:colcon.colcon_core.shell:Creating package script '/ros2_ws_dev/install/controller/share/controller/package.bash'
[1.632s] INFO:colcon.colcon_core.shell:Creating package script '/ros2_ws_dev/install/controller/share/controller/package.zsh'
[1.632s] Level 1:colcon.colcon_core.environment:create_file_with_runtime_dependencies(/ros2_ws_dev/install/controller/share/colcon-core/packages/controller)
[2.122s] DEBUG:colcon.colcon_core.event_handler.log_command:Invoking command in '/ros2_ws_dev/src/setting_goal': PYTHONPATH=/ros2_ws_dev/build/setting_goal/prefix_override:/usr/lib/python3/dist-packages/colcon_core/task/python/colcon_distutils_commands:/ros2_ws_dev/install/setting_goal/lib/python3.10/site-packages:${PYTHONPATH} /usr/bin/python3 -W ignore:setup.py install is deprecated -W ignore:easy_install command is deprecated setup.py egg_info --egg-base ../../build/setting_goal build --build-base /ros2_ws_dev/build/setting_goal/build install --record /ros2_ws_dev/build/setting_goal/install.log --single-version-externally-managed install_data
[2.126s] DEBUG:colcon.colcon_core.event_handler.log_command:Invoking command in '/ros2_ws_dev/src/footprint_tf_pkg': PYTHONPATH=/ros2_ws_dev/build/footprint_tf_pkg/prefix_override:/usr/lib/python3/dist-packages/colcon_core/task/python/colcon_distutils_commands:/ros2_ws_dev/install/footprint_tf_pkg/lib/python3.10/site-packages:${PYTHONPATH} /usr/bin/python3 -W ignore:setup.py install is deprecated -W ignore:easy_install command is deprecated setup.py egg_info --egg-base ../../build/footprint_tf_pkg build --build-base /ros2_ws_dev/build/footprint_tf_pkg/build install --record /ros2_ws_dev/build/footprint_tf_pkg/install.log --single-version-externally-managed install_data
[2.531s] Level 1:colcon.colcon_core.environment:checking '/ros2_ws_dev/install/setting_goal' for CMake module files
[2.532s] DEBUG:colcon.colcon_core.event_handler.log_command:Invoked command in '/ros2_ws_dev/src/setting_goal' returned '0': PYTHONPATH=/ros2_ws_dev/build/setting_goal/prefix_override:/usr/lib/python3/dist-packages/colcon_core/task/python/colcon_distutils_commands:/ros2_ws_dev/install/setting_goal/lib/python3.10/site-packages:${PYTHONPATH} /usr/bin/python3 -W ignore:setup.py install is deprecated -W ignore:easy_install command is deprecated setup.py egg_info --egg-base ../../build/setting_goal build --build-base /ros2_ws_dev/build/setting_goal/build install --record /ros2_ws_dev/build/setting_goal/install.log --single-version-externally-managed install_data
[2.533s] Level 1:colcon.colcon_core.environment:checking '/ros2_ws_dev/install/setting_goal' for CMake config files
[2.534s] Level 1:colcon.colcon_core.environment:checking '/ros2_ws_dev/install/setting_goal/lib'
[2.534s] Level 1:colcon.colcon_core.environment:checking '/ros2_ws_dev/install/setting_goal/bin'
[2.534s] Level 1:colcon.colcon_core.environment:checking '/ros2_ws_dev/install/setting_goal/lib/pkgconfig/setting_goal.pc'
[2.535s] Level 1:colcon.colcon_core.environment:checking '/ros2_ws_dev/install/setting_goal/lib/python3.10/site-packages'
[2.535s] Level 1:colcon.colcon_core.shell:create_environment_hook('setting_goal', 'pythonpath')
[2.535s] INFO:colcon.colcon_core.shell:Creating environment hook '/ros2_ws_dev/install/setting_goal/share/setting_goal/hook/pythonpath.ps1'
[2.536s] INFO:colcon.colcon_core.shell:Creating environment descriptor '/ros2_ws_dev/install/setting_goal/share/setting_goal/hook/pythonpath.dsv'
[2.536s] INFO:colcon.colcon_core.shell:Creating environment hook '/ros2_ws_dev/install/setting_goal/share/setting_goal/hook/pythonpath.sh'
[2.537s] Level 1:colcon.colcon_core.environment:checking '/ros2_ws_dev/install/setting_goal/bin'
[2.538s] Level 1:colcon.colcon_core.environment:create_environment_scripts_only(setting_goal)
[2.538s] INFO:colcon.colcon_core.shell:Creating package script '/ros2_ws_dev/install/setting_goal/share/setting_goal/package.ps1'
[2.539s] INFO:colcon.colcon_core.shell:Creating package descriptor '/ros2_ws_dev/install/setting_goal/share/setting_goal/package.dsv'
[2.540s] INFO:colcon.colcon_core.shell:Creating package script '/ros2_ws_dev/install/setting_goal/share/setting_goal/package.sh'
[2.540s] INFO:colcon.colcon_core.shell:Creating package script '/ros2_ws_dev/install/setting_goal/share/setting_goal/package.bash'
[2.541s] INFO:colcon.colcon_core.shell:Creating package script '/ros2_ws_dev/install/setting_goal/share/setting_goal/package.zsh'
[2.541s] Level 1:colcon.colcon_core.environment:create_file_with_runtime_dependencies(/ros2_ws_dev/install/setting_goal/share/colcon-core/packages/setting_goal)
[2.549s] Level 1:colcon.colcon_core.environment:checking '/ros2_ws_dev/install/footprint_tf_pkg' for CMake module files
[2.550s] DEBUG:colcon.colcon_core.event_handler.log_command:Invoked command in '/ros2_ws_dev/src/footprint_tf_pkg' returned '0': PYTHONPATH=/ros2_ws_dev/build/footprint_tf_pkg/prefix_override:/usr/lib/python3/dist-packages/colcon_core/task/python/colcon_distutils_commands:/ros2_ws_dev/install/footprint_tf_pkg/lib/python3.10/site-packages:${PYTHONPATH} /usr/bin/python3 -W ignore:setup.py install is deprecated -W ignore:easy_install command is deprecated setup.py egg_info --egg-base ../../build/footprint_tf_pkg build --build-base /ros2_ws_dev/build/footprint_tf_pkg/build install --record /ros2_ws_dev/build/footprint_tf_pkg/install.log --single-version-externally-managed install_data
[2.550s] Level 1:colcon.colcon_core.environment:checking '/ros2_ws_dev/install/footprint_tf_pkg' for CMake config files
[2.551s] Level 1:colcon.colcon_core.environment:checking '/ros2_ws_dev/install/footprint_tf_pkg/lib'
[2.551s] Level 1:colcon.colcon_core.environment:checking '/ros2_ws_dev/install/footprint_tf_pkg/bin'
[2.551s] Level 1:colcon.colcon_core.environment:checking '/ros2_ws_dev/install/footprint_tf_pkg/lib/pkgconfig/footprint_tf_pkg.pc'
[2.552s] Level 1:colcon.colcon_core.environment:checking '/ros2_ws_dev/install/footprint_tf_pkg/lib/python3.10/site-packages'
[2.552s] Level 1:colcon.colcon_core.shell:create_environment_hook('footprint_tf_pkg', 'pythonpath')
[2.552s] INFO:colcon.colcon_core.shell:Creating environment hook '/ros2_ws_dev/install/footprint_tf_pkg/share/footprint_tf_pkg/hook/pythonpath.ps1'
[2.553s] INFO:colcon.colcon_core.shell:Creating environment descriptor '/ros2_ws_dev/install/footprint_tf_pkg/share/footprint_tf_pkg/hook/pythonpath.dsv'
[2.553s] INFO:colcon.colcon_core.shell:Creating environment hook '/ros2_ws_dev/install/footprint_tf_pkg/share/footprint_tf_pkg/hook/pythonpath.sh'
[2.555s] Level 1:colcon.colcon_core.environment:checking '/ros2_ws_dev/install/footprint_tf_pkg/bin'
[2.555s] Level 1:colcon.colcon_core.environment:create_environment_scripts_only(footprint_tf_pkg)
[2.555s] INFO:colcon.colcon_core.shell:Creating package script '/ros2_ws_dev/install/footprint_tf_pkg/share/footprint_tf_pkg/package.ps1'
[2.556s] INFO:colcon.colcon_core.shell:Creating package descriptor '/ros2_ws_dev/install/footprint_tf_pkg/share/footprint_tf_pkg/package.dsv'
[2.557s] INFO:colcon.colcon_core.shell:Creating package script '/ros2_ws_dev/install/footprint_tf_pkg/share/footprint_tf_pkg/package.sh'
[2.558s] INFO:colcon.colcon_core.shell:Creating package script '/ros2_ws_dev/install/footprint_tf_pkg/share/footprint_tf_pkg/package.bash'
[2.558s] INFO:colcon.colcon_core.shell:Creating package script '/ros2_ws_dev/install/footprint_tf_pkg/share/footprint_tf_pkg/package.zsh'
[2.559s] Level 1:colcon.colcon_core.environment:create_file_with_runtime_dependencies(/ros2_ws_dev/install/footprint_tf_pkg/share/colcon-core/packages/footprint_tf_pkg)
[2.559s] DEBUG:colcon.colcon_parallel_executor.executor.parallel:closing loop
[2.559s] DEBUG:colcon.colcon_parallel_executor.executor.parallel:loop closed
[2.560s] DEBUG:colcon.colcon_parallel_executor.executor.parallel:run_until_complete finished with '0'
[2.560s] DEBUG:colcon.colcon_core.event_reactor:joining thread
[2.571s] INFO:colcon.colcon_core.plugin_system:Skipping extension 'colcon_notification.desktop_notification.notify_send': Could not find 'notify-send'
[2.571s] INFO:colcon.colcon_core.plugin_system:Skipping extension 'colcon_notification.desktop_notification.terminal_notifier': Not used on non-Darwin systems
[2.571s] INFO:colcon.colcon_core.plugin_system:Skipping extension 'colcon_notification.desktop_notification.win32': Not used on non-Windows systems
[2.571s] INFO:colcon.colcon_notification.desktop_notification:Sending desktop notification using 'notify2'
[2.574s] DEBUG:colcon.colcon_notification.desktop_notification.notify2:Failed to initialize notify2: org.freedesktop.DBus.Error.Spawn.ExecFailed: /usr/bin/dbus-launch terminated abnormally without any error message
[2.574s] DEBUG:colcon.colcon_core.event_reactor:joined thread
[2.575s] INFO:colcon.colcon_core.shell:Creating prefix script '/ros2_ws_dev/install/local_setup.ps1'
[2.576s] INFO:colcon.colcon_core.shell:Creating prefix util module '/ros2_ws_dev/install/_local_setup_util_ps1.py'
[2.578s] INFO:colcon.colcon_core.shell:Creating prefix chain script '/ros2_ws_dev/install/setup.ps1'
[2.585s] INFO:colcon.colcon_core.shell:Creating prefix script '/ros2_ws_dev/install/local_setup.sh'
[2.586s] INFO:colcon.colcon_core.shell:Creating prefix util module '/ros2_ws_dev/install/_local_setup_util_sh.py'
[2.587s] INFO:colcon.colcon_core.shell:Creating prefix chain script '/ros2_ws_dev/install/setup.sh'
[2.594s] INFO:colcon.colcon_core.shell:Creating prefix script '/ros2_ws_dev/install/local_setup.bash'
[2.595s] INFO:colcon.colcon_core.shell:Creating prefix chain script '/ros2_ws_dev/install/setup.bash'
[2.601s] INFO:colcon.colcon_core.shell:Creating prefix script '/ros2_ws_dev/install/local_setup.zsh'
[2.602s] INFO:colcon.colcon_core.shell:Creating prefix chain script '/ros2_ws_dev/install/setup.zsh'
