[0.372s] DEBUG:colcon:Command line arguments: ['/usr/bin/colcon', 'build']
[0.372s] DEBUG:colcon:Parsed command line arguments: Namespace(log_base=None, log_level=None, verb_name='build', build_base='build', install_base='install', merge_install=False, symlink_install=False, test_result_base=None, continue_on_error=False, executor='parallel', parallel_workers=8, event_handlers=None, ignore_user_meta=False, metas=['./colcon.meta'], base_paths=['.'], packages_ignore=None, packages_ignore_regex=None, paths=None, packages_up_to=None, packages_up_to_regex=None, packages_above=None, packages_above_and_dependencies=None, packages_above_depth=None, packages_select_by_dep=None, packages_skip_by_dep=None, packages_skip_up_to=None, packages_select_build_failed=False, packages_skip_build_finished=False, packages_select_test_failures=False, packages_skip_test_passed=False, packages_select=None, packages_skip=None, packages_select_regex=None, packages_skip_regex=None, packages_start=None, packages_end=None, cmake_args=None, cmake_target=None, cmake_target_skip_unavailable=False, cmake_clean_cache=False, cmake_clean_first=False, cmake_force_configure=False, ament_cmake_args=None, catkin_cmake_args=None, catkin_skip_building_tests=False, mixin_files=None, mixin=None, verb_parser=<colcon_mixin.mixin.mixin_argument.MixinArgumentDecorator object at 0x7f8de9faeb90>, verb_extension=<colcon_core.verb.build.BuildVerb object at 0x7f8dea0afaf0>, main=<bound method BuildVerb.main of <colcon_core.verb.build.BuildVerb object at 0x7f8dea0afaf0>>, mixin_verb=('build',))
[0.752s] Level 1:colcon.colcon_core.package_discovery:discover_packages(colcon_meta) check parameters
[0.753s] Level 1:colcon.colcon_core.package_discovery:discover_packages(recursive) check parameters
[0.753s] Level 1:colcon.colcon_core.package_discovery:discover_packages(ignore) check parameters
[0.753s] Level 1:colcon.colcon_core.package_discovery:discover_packages(path) check parameters
[0.753s] Level 1:colcon.colcon_core.package_discovery:discover_packages(colcon_meta) discover
[0.753s] Level 1:colcon.colcon_core.package_discovery:discover_packages(recursive) discover
[0.753s] INFO:colcon.colcon_core.package_discovery:Crawling recursively for packages in '/ros2_ws_dev'
[0.753s] Level 1:colcon.colcon_core.package_identification:_identify(.) by extensions ['ignore', 'ignore_ament_install']
[0.753s] Level 1:colcon.colcon_core.package_identification:_identify(.) by extension 'ignore'
[0.753s] Level 1:colcon.colcon_core.package_identification:_identify(.) by extension 'ignore_ament_install'
[0.753s] Level 1:colcon.colcon_core.package_identification:_identify(.) by extensions ['colcon_pkg']
[0.753s] Level 1:colcon.colcon_core.package_identification:_identify(.) by extension 'colcon_pkg'
[0.753s] Level 1:colcon.colcon_core.package_identification:_identify(.) by extensions ['colcon_meta']
[0.753s] Level 1:colcon.colcon_core.package_identification:_identify(.) by extension 'colcon_meta'
[0.753s] Level 1:colcon.colcon_core.package_identification:_identify(.) by extensions ['ros']
[0.753s] Level 1:colcon.colcon_core.package_identification:_identify(.) by extension 'ros'
[0.769s] Level 1:colcon.colcon_core.package_identification:_identify(.) by extensions ['cmake', 'python']
[0.770s] Level 1:colcon.colcon_core.package_identification:_identify(.) by extension 'cmake'
[0.770s] Level 1:colcon.colcon_core.package_identification:_identify(.) by extension 'python'
[0.770s] Level 1:colcon.colcon_core.package_identification:_identify(.) by extensions ['python_setup_py']
[0.770s] Level 1:colcon.colcon_core.package_identification:_identify(.) by extension 'python_setup_py'
[0.770s] Level 1:colcon.colcon_core.package_identification:_identify(build) by extensions ['ignore', 'ignore_ament_install']
[0.770s] Level 1:colcon.colcon_core.package_identification:_identify(build) by extension 'ignore'
[0.770s] Level 1:colcon.colcon_core.package_identification:_identify(build) ignored
[0.770s] Level 1:colcon.colcon_core.package_identification:_identify(install) by extensions ['ignore', 'ignore_ament_install']
[0.771s] Level 1:colcon.colcon_core.package_identification:_identify(install) by extension 'ignore'
[0.771s] Level 1:colcon.colcon_core.package_identification:_identify(install) ignored
[0.771s] Level 1:colcon.colcon_core.package_identification:_identify(log) by extensions ['ignore', 'ignore_ament_install']
[0.771s] Level 1:colcon.colcon_core.package_identification:_identify(log) by extension 'ignore'
[0.771s] Level 1:colcon.colcon_core.package_identification:_identify(log) ignored
[0.771s] Level 1:colcon.colcon_core.package_identification:_identify(src) by extensions ['ignore', 'ignore_ament_install']
[0.771s] Level 1:colcon.colcon_core.package_identification:_identify(src) by extension 'ignore'
[0.771s] Level 1:colcon.colcon_core.package_identification:_identify(src) by extension 'ignore_ament_install'
[0.771s] Level 1:colcon.colcon_core.package_identification:_identify(src) by extensions ['colcon_pkg']
[0.771s] Level 1:colcon.colcon_core.package_identification:_identify(src) by extension 'colcon_pkg'
[0.771s] Level 1:colcon.colcon_core.package_identification:_identify(src) by extensions ['colcon_meta']
[0.771s] Level 1:colcon.colcon_core.package_identification:_identify(src) by extension 'colcon_meta'
[0.771s] Level 1:colcon.colcon_core.package_identification:_identify(src) by extensions ['ros']
[0.771s] Level 1:colcon.colcon_core.package_identification:_identify(src) by extension 'ros'
[0.771s] Level 1:colcon.colcon_core.package_identification:_identify(src) by extensions ['cmake', 'python']
[0.771s] Level 1:colcon.colcon_core.package_identification:_identify(src) by extension 'cmake'
[0.771s] Level 1:colcon.colcon_core.package_identification:_identify(src) by extension 'python'
[0.771s] Level 1:colcon.colcon_core.package_identification:_identify(src) by extensions ['python_setup_py']
[0.771s] Level 1:colcon.colcon_core.package_identification:_identify(src) by extension 'python_setup_py'
[0.771s] Level 1:colcon.colcon_core.package_identification:_identify(src/controller) by extensions ['ignore', 'ignore_ament_install']
[0.771s] Level 1:colcon.colcon_core.package_identification:_identify(src/controller) by extension 'ignore'
[0.772s] Level 1:colcon.colcon_core.package_identification:_identify(src/controller) by extension 'ignore_ament_install'
[0.772s] Level 1:colcon.colcon_core.package_identification:_identify(src/controller) by extensions ['colcon_pkg']
[0.772s] Level 1:colcon.colcon_core.package_identification:_identify(src/controller) by extension 'colcon_pkg'
[0.772s] Level 1:colcon.colcon_core.package_identification:_identify(src/controller) by extensions ['colcon_meta']
[0.772s] Level 1:colcon.colcon_core.package_identification:_identify(src/controller) by extension 'colcon_meta'
[0.772s] Level 1:colcon.colcon_core.package_identification:_identify(src/controller) by extensions ['ros']
[0.772s] Level 1:colcon.colcon_core.package_identification:_identify(src/controller) by extension 'ros'
[0.772s] Level 1:colcon.colcon_core.package_identification:_identify(src/controller) by extensions ['cmake', 'python']
[0.772s] Level 1:colcon.colcon_core.package_identification:_identify(src/controller) by extension 'cmake'
[0.772s] Level 1:colcon.colcon_core.package_identification:_identify(src/controller) by extension 'python'
[0.772s] Level 1:colcon.colcon_core.package_identification:_identify(src/controller) by extensions ['python_setup_py']
[0.772s] Level 1:colcon.colcon_core.package_identification:_identify(src/controller) by extension 'python_setup_py'
[0.772s] Level 1:colcon.colcon_core.package_identification:_identify(src/controller/controller) by extensions ['ignore', 'ignore_ament_install']
[0.772s] Level 1:colcon.colcon_core.package_identification:_identify(src/controller/controller) by extension 'ignore'
[0.772s] Level 1:colcon.colcon_core.package_identification:_identify(src/controller/controller) by extension 'ignore_ament_install'
[0.772s] Level 1:colcon.colcon_core.package_identification:_identify(src/controller/controller) by extensions ['colcon_pkg']
[0.772s] Level 1:colcon.colcon_core.package_identification:_identify(src/controller/controller) by extension 'colcon_pkg'
[0.772s] Level 1:colcon.colcon_core.package_identification:_identify(src/controller/controller) by extensions ['colcon_meta']
[0.772s] Level 1:colcon.colcon_core.package_identification:_identify(src/controller/controller) by extension 'colcon_meta'
[0.772s] Level 1:colcon.colcon_core.package_identification:_identify(src/controller/controller) by extensions ['ros']
[0.772s] Level 1:colcon.colcon_core.package_identification:_identify(src/controller/controller) by extension 'ros'
[0.777s] DEBUG:colcon.colcon_core.package_identification:Package 'src/controller/controller' with type 'ros.ament_cmake' and name 'controller'
[0.777s] Level 1:colcon.colcon_core.package_identification:_identify(src/custom_msg_srv) by extensions ['ignore', 'ignore_ament_install']
[0.777s] Level 1:colcon.colcon_core.package_identification:_identify(src/custom_msg_srv) by extension 'ignore'
[0.777s] Level 1:colcon.colcon_core.package_identification:_identify(src/custom_msg_srv) by extension 'ignore_ament_install'
[0.777s] Level 1:colcon.colcon_core.package_identification:_identify(src/custom_msg_srv) by extensions ['colcon_pkg']
[0.777s] Level 1:colcon.colcon_core.package_identification:_identify(src/custom_msg_srv) by extension 'colcon_pkg'
[0.778s] Level 1:colcon.colcon_core.package_identification:_identify(src/custom_msg_srv) by extensions ['colcon_meta']
[0.778s] Level 1:colcon.colcon_core.package_identification:_identify(src/custom_msg_srv) by extension 'colcon_meta'
[0.778s] Level 1:colcon.colcon_core.package_identification:_identify(src/custom_msg_srv) by extensions ['ros']
[0.778s] Level 1:colcon.colcon_core.package_identification:_identify(src/custom_msg_srv) by extension 'ros'
[0.778s] DEBUG:colcon.colcon_core.package_identification:Package 'src/custom_msg_srv' with type 'ros.ament_cmake' and name 'custom_msg_srv'
[0.778s] Level 1:colcon.colcon_core.package_discovery:discover_packages(recursive) using defaults
[0.778s] Level 1:colcon.colcon_core.package_discovery:discover_packages(ignore) discover
[0.778s] Level 1:colcon.colcon_core.package_discovery:discover_packages(ignore) using defaults
[0.778s] Level 1:colcon.colcon_core.package_discovery:discover_packages(path) discover
[0.778s] Level 1:colcon.colcon_core.package_discovery:discover_packages(path) using defaults
[0.827s] Level 5:colcon.colcon_core.verb:set package 'custom_msg_srv' build argument 'cmake_args' from command line to 'None'
[0.827s] Level 5:colcon.colcon_core.verb:set package 'custom_msg_srv' build argument 'cmake_target' from command line to 'None'
[0.827s] Level 5:colcon.colcon_core.verb:set package 'custom_msg_srv' build argument 'cmake_target_skip_unavailable' from command line to 'False'
[0.827s] Level 5:colcon.colcon_core.verb:set package 'custom_msg_srv' build argument 'cmake_clean_cache' from command line to 'False'
[0.827s] Level 5:colcon.colcon_core.verb:set package 'custom_msg_srv' build argument 'cmake_clean_first' from command line to 'False'
[0.827s] Level 5:colcon.colcon_core.verb:set package 'custom_msg_srv' build argument 'cmake_force_configure' from command line to 'False'
[0.827s] Level 5:colcon.colcon_core.verb:set package 'custom_msg_srv' build argument 'ament_cmake_args' from command line to 'None'
[0.827s] Level 5:colcon.colcon_core.verb:set package 'custom_msg_srv' build argument 'catkin_cmake_args' from command line to 'None'
[0.827s] Level 5:colcon.colcon_core.verb:set package 'custom_msg_srv' build argument 'catkin_skip_building_tests' from command line to 'False'
[0.827s] DEBUG:colcon.colcon_core.verb:Building package 'custom_msg_srv' with the following arguments: {'ament_cmake_args': None, 'build_base': '/ros2_ws_dev/build/custom_msg_srv', 'catkin_cmake_args': None, 'catkin_skip_building_tests': False, 'cmake_args': None, 'cmake_clean_cache': False, 'cmake_clean_first': False, 'cmake_force_configure': False, 'cmake_target': None, 'cmake_target_skip_unavailable': False, 'install_base': '/ros2_ws_dev/install/custom_msg_srv', 'merge_install': False, 'path': '/ros2_ws_dev/src/custom_msg_srv', 'symlink_install': False, 'test_result_base': None}
[0.827s] Level 5:colcon.colcon_core.verb:set package 'controller' build argument 'cmake_args' from command line to 'None'
[0.827s] Level 5:colcon.colcon_core.verb:set package 'controller' build argument 'cmake_target' from command line to 'None'
[0.827s] Level 5:colcon.colcon_core.verb:set package 'controller' build argument 'cmake_target_skip_unavailable' from command line to 'False'
[0.827s] Level 5:colcon.colcon_core.verb:set package 'controller' build argument 'cmake_clean_cache' from command line to 'False'
[0.827s] Level 5:colcon.colcon_core.verb:set package 'controller' build argument 'cmake_clean_first' from command line to 'False'
[0.827s] Level 5:colcon.colcon_core.verb:set package 'controller' build argument 'cmake_force_configure' from command line to 'False'
[0.827s] Level 5:colcon.colcon_core.verb:set package 'controller' build argument 'ament_cmake_args' from command line to 'None'
[0.827s] Level 5:colcon.colcon_core.verb:set package 'controller' build argument 'catkin_cmake_args' from command line to 'None'
[0.827s] Level 5:colcon.colcon_core.verb:set package 'controller' build argument 'catkin_skip_building_tests' from command line to 'False'
[0.827s] DEBUG:colcon.colcon_core.verb:Building package 'controller' with the following arguments: {'ament_cmake_args': None, 'build_base': '/ros2_ws_dev/build/controller', 'catkin_cmake_args': None, 'catkin_skip_building_tests': False, 'cmake_args': None, 'cmake_clean_cache': False, 'cmake_clean_first': False, 'cmake_force_configure': False, 'cmake_target': None, 'cmake_target_skip_unavailable': False, 'install_base': '/ros2_ws_dev/install/controller', 'merge_install': False, 'path': '/ros2_ws_dev/src/controller/controller', 'symlink_install': False, 'test_result_base': None}
[0.827s] INFO:colcon.colcon_core.executor:Executing jobs using 'parallel' executor
[0.828s] DEBUG:colcon.colcon_parallel_executor.executor.parallel:run_until_complete
[0.829s] INFO:colcon.colcon_ros.task.ament_cmake.build:Building ROS package in '/ros2_ws_dev/src/custom_msg_srv' with build type 'ament_cmake'
[0.829s] INFO:colcon.colcon_cmake.task.cmake.build:Building CMake package in '/ros2_ws_dev/src/custom_msg_srv'
[0.836s] INFO:colcon.colcon_core.plugin_system:Skipping extension 'colcon_core.shell.bat': Not used on non-Windows systems
[0.836s] INFO:colcon.colcon_core.shell:Skip shell extension 'powershell' for command environment: Not usable outside of PowerShell
[0.836s] DEBUG:colcon.colcon_core.shell:Skip shell extension 'dsv' for command environment
[0.855s] DEBUG:colcon.colcon_core.event_handler.log_command:Invoking command in '/ros2_ws_dev/build/custom_msg_srv': CMAKE_PREFIX_PATH=${CMAKE_PREFIX_PATH}:/ros_ws/install/synchros2_tutorials_example:/ros_ws/install/spot_examples:/ros_ws/install/spot_common:/ros_ws/install/synchros2:/ros_ws/install/rtabmap_python:/ros_ws/install/rtabmap_lidar_custom:/opt/ros/humble /usr/bin/cmake /ros2_ws_dev/src/custom_msg_srv -DCMAKE_INSTALL_PREFIX=/ros2_ws_dev/install/custom_msg_srv
[3.215s] DEBUG:colcon.colcon_core.event_handler.log_command:Invoked command in '/ros2_ws_dev/build/custom_msg_srv' returned '0': CMAKE_PREFIX_PATH=${CMAKE_PREFIX_PATH}:/ros_ws/install/synchros2_tutorials_example:/ros_ws/install/spot_examples:/ros_ws/install/spot_common:/ros_ws/install/synchros2:/ros_ws/install/rtabmap_python:/ros_ws/install/rtabmap_lidar_custom:/opt/ros/humble /usr/bin/cmake /ros2_ws_dev/src/custom_msg_srv -DCMAKE_INSTALL_PREFIX=/ros2_ws_dev/install/custom_msg_srv
[3.215s] DEBUG:colcon.colcon_core.event_handler.log_command:Invoking command in '/ros2_ws_dev/build/custom_msg_srv': CMAKE_PREFIX_PATH=${CMAKE_PREFIX_PATH}:/ros_ws/install/synchros2_tutorials_example:/ros_ws/install/spot_examples:/ros_ws/install/spot_common:/ros_ws/install/synchros2:/ros_ws/install/rtabmap_python:/ros_ws/install/rtabmap_lidar_custom:/opt/ros/humble /usr/bin/cmake --build /ros2_ws_dev/build/custom_msg_srv -- -j8 -l8
[6.146s] DEBUG:colcon.colcon_core.event_handler.log_command:Invoked command in '/ros2_ws_dev/build/custom_msg_srv' returned '0': CMAKE_PREFIX_PATH=${CMAKE_PREFIX_PATH}:/ros_ws/install/synchros2_tutorials_example:/ros_ws/install/spot_examples:/ros_ws/install/spot_common:/ros_ws/install/synchros2:/ros_ws/install/rtabmap_python:/ros_ws/install/rtabmap_lidar_custom:/opt/ros/humble /usr/bin/cmake --build /ros2_ws_dev/build/custom_msg_srv -- -j8 -l8
[6.154s] DEBUG:colcon.colcon_core.event_handler.log_command:Invoking command in '/ros2_ws_dev/build/custom_msg_srv': CMAKE_PREFIX_PATH=${CMAKE_PREFIX_PATH}:/ros_ws/install/synchros2_tutorials_example:/ros_ws/install/spot_examples:/ros_ws/install/spot_common:/ros_ws/install/synchros2:/ros_ws/install/rtabmap_python:/ros_ws/install/rtabmap_lidar_custom:/opt/ros/humble /usr/bin/cmake --install /ros2_ws_dev/build/custom_msg_srv
[6.240s] Level 1:colcon.colcon_core.environment:create_environment_scripts_only(custom_msg_srv)
[6.241s] DEBUG:colcon.colcon_core.event_handler.log_command:Invoked command in '/ros2_ws_dev/build/custom_msg_srv' returned '0': CMAKE_PREFIX_PATH=${CMAKE_PREFIX_PATH}:/ros_ws/install/synchros2_tutorials_example:/ros_ws/install/spot_examples:/ros_ws/install/spot_common:/ros_ws/install/synchros2:/ros_ws/install/rtabmap_python:/ros_ws/install/rtabmap_lidar_custom:/opt/ros/humble /usr/bin/cmake --install /ros2_ws_dev/build/custom_msg_srv
[6.250s] Level 1:colcon.colcon_core.environment:checking '/ros2_ws_dev/install/custom_msg_srv' for CMake module files
[6.250s] Level 1:colcon.colcon_core.environment:checking '/ros2_ws_dev/install/custom_msg_srv' for CMake config files
[6.250s] Level 1:colcon.colcon_core.shell:create_environment_hook('custom_msg_srv', 'cmake_prefix_path')
[6.250s] INFO:colcon.colcon_core.shell:Creating environment hook '/ros2_ws_dev/install/custom_msg_srv/share/custom_msg_srv/hook/cmake_prefix_path.ps1'
[6.252s] INFO:colcon.colcon_core.shell:Creating environment descriptor '/ros2_ws_dev/install/custom_msg_srv/share/custom_msg_srv/hook/cmake_prefix_path.dsv'
[6.253s] INFO:colcon.colcon_core.shell:Creating environment hook '/ros2_ws_dev/install/custom_msg_srv/share/custom_msg_srv/hook/cmake_prefix_path.sh'
[6.254s] Level 1:colcon.colcon_core.environment:checking '/ros2_ws_dev/install/custom_msg_srv/lib'
[6.254s] Level 1:colcon.colcon_core.shell:create_environment_hook('custom_msg_srv', 'ld_library_path_lib')
[6.255s] INFO:colcon.colcon_core.shell:Creating environment hook '/ros2_ws_dev/install/custom_msg_srv/share/custom_msg_srv/hook/ld_library_path_lib.ps1'
[6.255s] INFO:colcon.colcon_core.shell:Creating environment descriptor '/ros2_ws_dev/install/custom_msg_srv/share/custom_msg_srv/hook/ld_library_path_lib.dsv'
[6.255s] INFO:colcon.colcon_core.shell:Creating environment hook '/ros2_ws_dev/install/custom_msg_srv/share/custom_msg_srv/hook/ld_library_path_lib.sh'
[6.255s] Level 1:colcon.colcon_core.environment:checking '/ros2_ws_dev/install/custom_msg_srv/bin'
[6.256s] Level 1:colcon.colcon_core.environment:checking '/ros2_ws_dev/install/custom_msg_srv/lib/pkgconfig/custom_msg_srv.pc'
[6.257s] Level 1:colcon.colcon_core.environment:checking '/ros2_ws_dev/install/custom_msg_srv/lib/python3.10/site-packages'
[6.257s] Level 1:colcon.colcon_core.environment:checking '/ros2_ws_dev/install/custom_msg_srv/bin'
[6.258s] INFO:colcon.colcon_core.shell:Creating package script '/ros2_ws_dev/install/custom_msg_srv/share/custom_msg_srv/package.ps1'
[6.259s] INFO:colcon.colcon_core.shell:Creating package descriptor '/ros2_ws_dev/install/custom_msg_srv/share/custom_msg_srv/package.dsv'
[6.259s] INFO:colcon.colcon_core.shell:Creating package script '/ros2_ws_dev/install/custom_msg_srv/share/custom_msg_srv/package.sh'
[6.260s] INFO:colcon.colcon_core.shell:Creating package script '/ros2_ws_dev/install/custom_msg_srv/share/custom_msg_srv/package.bash'
[6.262s] INFO:colcon.colcon_core.shell:Creating package script '/ros2_ws_dev/install/custom_msg_srv/share/custom_msg_srv/package.zsh'
[6.263s] Level 1:colcon.colcon_core.environment:create_file_with_runtime_dependencies(/ros2_ws_dev/install/custom_msg_srv/share/colcon-core/packages/custom_msg_srv)
[6.264s] Level 1:colcon.colcon_core.environment:create_environment_scripts_only(custom_msg_srv)
[6.264s] Level 1:colcon.colcon_core.environment:checking '/ros2_ws_dev/install/custom_msg_srv' for CMake module files
[6.264s] Level 1:colcon.colcon_core.environment:checking '/ros2_ws_dev/install/custom_msg_srv' for CMake config files
[6.265s] Level 1:colcon.colcon_core.shell:create_environment_hook('custom_msg_srv', 'cmake_prefix_path')
[6.265s] INFO:colcon.colcon_core.shell:Creating environment hook '/ros2_ws_dev/install/custom_msg_srv/share/custom_msg_srv/hook/cmake_prefix_path.ps1'
[6.265s] INFO:colcon.colcon_core.shell:Creating environment descriptor '/ros2_ws_dev/install/custom_msg_srv/share/custom_msg_srv/hook/cmake_prefix_path.dsv'
[6.265s] INFO:colcon.colcon_core.shell:Creating environment hook '/ros2_ws_dev/install/custom_msg_srv/share/custom_msg_srv/hook/cmake_prefix_path.sh'
[6.266s] Level 1:colcon.colcon_core.environment:checking '/ros2_ws_dev/install/custom_msg_srv/lib'
[6.266s] Level 1:colcon.colcon_core.shell:create_environment_hook('custom_msg_srv', 'ld_library_path_lib')
[6.266s] INFO:colcon.colcon_core.shell:Creating environment hook '/ros2_ws_dev/install/custom_msg_srv/share/custom_msg_srv/hook/ld_library_path_lib.ps1'
[6.266s] INFO:colcon.colcon_core.shell:Creating environment descriptor '/ros2_ws_dev/install/custom_msg_srv/share/custom_msg_srv/hook/ld_library_path_lib.dsv'
[6.266s] INFO:colcon.colcon_core.shell:Creating environment hook '/ros2_ws_dev/install/custom_msg_srv/share/custom_msg_srv/hook/ld_library_path_lib.sh'
[6.266s] Level 1:colcon.colcon_core.environment:checking '/ros2_ws_dev/install/custom_msg_srv/bin'
[6.267s] Level 1:colcon.colcon_core.environment:checking '/ros2_ws_dev/install/custom_msg_srv/lib/pkgconfig/custom_msg_srv.pc'
[6.267s] Level 1:colcon.colcon_core.environment:checking '/ros2_ws_dev/install/custom_msg_srv/lib/python3.10/site-packages'
[6.267s] Level 1:colcon.colcon_core.environment:checking '/ros2_ws_dev/install/custom_msg_srv/bin'
[6.267s] INFO:colcon.colcon_core.shell:Creating package script '/ros2_ws_dev/install/custom_msg_srv/share/custom_msg_srv/package.ps1'
[6.268s] INFO:colcon.colcon_core.shell:Creating package descriptor '/ros2_ws_dev/install/custom_msg_srv/share/custom_msg_srv/package.dsv'
[6.268s] INFO:colcon.colcon_core.shell:Creating package script '/ros2_ws_dev/install/custom_msg_srv/share/custom_msg_srv/package.sh'
[6.268s] INFO:colcon.colcon_core.shell:Creating package script '/ros2_ws_dev/install/custom_msg_srv/share/custom_msg_srv/package.bash'
[6.268s] INFO:colcon.colcon_core.shell:Creating package script '/ros2_ws_dev/install/custom_msg_srv/share/custom_msg_srv/package.zsh'
[6.269s] Level 1:colcon.colcon_core.environment:create_file_with_runtime_dependencies(/ros2_ws_dev/install/custom_msg_srv/share/colcon-core/packages/custom_msg_srv)
[6.269s] INFO:colcon.colcon_ros.task.ament_cmake.build:Building ROS package in '/ros2_ws_dev/src/controller/controller' with build type 'ament_cmake'
[6.269s] INFO:colcon.colcon_cmake.task.cmake.build:Building CMake package in '/ros2_ws_dev/src/controller/controller'
[6.269s] INFO:colcon.colcon_core.shell:Skip shell extension 'powershell' for command environment: Not usable outside of PowerShell
[6.269s] DEBUG:colcon.colcon_core.shell:Skip shell extension 'dsv' for command environment
[6.284s] DEBUG:colcon.colcon_core.event_handler.log_command:Invoking command in '/ros2_ws_dev/build/controller': AMENT_PREFIX_PATH=/ros2_ws_dev/install/custom_msg_srv:${AMENT_PREFIX_PATH} CMAKE_PREFIX_PATH=/ros2_ws_dev/install/custom_msg_srv:/ros_ws/install/synchros2_tutorials_interfaces_example:/ros_ws/install/spot_driver:/ros_ws/install/spot_ros2_control:/ros_ws/install/spot_rviz_plugins:/ros_ws/install/spot_hardware_interface:/ros_ws/install/spot_controllers:/ros_ws/install/spot_msgs:/ros_ws/install/spot_description:/ros_ws/install/rtabmap_ros:/ros_ws/install/rtabmap_launch:/ros_ws/install/rtabmap_examples:/ros_ws/install/rtabmap_demos:/ros_ws/install/rtabmap_viz:/ros_ws/install/rtabmap_slam:/ros_ws/install/rtabmap_odom:/ros_ws/install/rtabmap_util:/ros_ws/install/rtabmap_sync:/ros_ws/install/rtabmap_rviz_plugins:/ros_ws/install/rtabmap_conversions:/ros_ws/install/rtabmap_msgs:/ros_ws/install/rtabmap_costmap_plugins:/ros_ws/install/rtabmap:/ros_ws/install/synchros2_tutorials_example:/ros_ws/install/spot_examples:/ros_ws/install/spot_common:/ros_ws/install/synchros2:/ros_ws/install/rtabmap_python:/ros_ws/install/rtabmap_lidar_custom:/opt/ros/humble LD_LIBRARY_PATH=/ros2_ws_dev/install/custom_msg_srv/lib:${LD_LIBRARY_PATH} PYTHONPATH=/ros2_ws_dev/install/custom_msg_srv/local/lib/python3.10/dist-packages:${PYTHONPATH} /usr/bin/cmake /ros2_ws_dev/src/controller/controller -DCMAKE_INSTALL_PREFIX=/ros2_ws_dev/install/controller
[7.486s] DEBUG:colcon.colcon_core.event_handler.log_command:Invoked command in '/ros2_ws_dev/build/controller' returned '0': AMENT_PREFIX_PATH=/ros2_ws_dev/install/custom_msg_srv:${AMENT_PREFIX_PATH} CMAKE_PREFIX_PATH=/ros2_ws_dev/install/custom_msg_srv:/ros_ws/install/synchros2_tutorials_interfaces_example:/ros_ws/install/spot_driver:/ros_ws/install/spot_ros2_control:/ros_ws/install/spot_rviz_plugins:/ros_ws/install/spot_hardware_interface:/ros_ws/install/spot_controllers:/ros_ws/install/spot_msgs:/ros_ws/install/spot_description:/ros_ws/install/rtabmap_ros:/ros_ws/install/rtabmap_launch:/ros_ws/install/rtabmap_examples:/ros_ws/install/rtabmap_demos:/ros_ws/install/rtabmap_viz:/ros_ws/install/rtabmap_slam:/ros_ws/install/rtabmap_odom:/ros_ws/install/rtabmap_util:/ros_ws/install/rtabmap_sync:/ros_ws/install/rtabmap_rviz_plugins:/ros_ws/install/rtabmap_conversions:/ros_ws/install/rtabmap_msgs:/ros_ws/install/rtabmap_costmap_plugins:/ros_ws/install/rtabmap:/ros_ws/install/synchros2_tutorials_example:/ros_ws/install/spot_examples:/ros_ws/install/spot_common:/ros_ws/install/synchros2:/ros_ws/install/rtabmap_python:/ros_ws/install/rtabmap_lidar_custom:/opt/ros/humble LD_LIBRARY_PATH=/ros2_ws_dev/install/custom_msg_srv/lib:${LD_LIBRARY_PATH} PYTHONPATH=/ros2_ws_dev/install/custom_msg_srv/local/lib/python3.10/dist-packages:${PYTHONPATH} /usr/bin/cmake /ros2_ws_dev/src/controller/controller -DCMAKE_INSTALL_PREFIX=/ros2_ws_dev/install/controller
[7.488s] DEBUG:colcon.colcon_core.event_handler.log_command:Invoking command in '/ros2_ws_dev/build/controller': AMENT_PREFIX_PATH=/ros2_ws_dev/install/custom_msg_srv:${AMENT_PREFIX_PATH} CMAKE_PREFIX_PATH=/ros2_ws_dev/install/custom_msg_srv:/ros_ws/install/synchros2_tutorials_interfaces_example:/ros_ws/install/spot_driver:/ros_ws/install/spot_ros2_control:/ros_ws/install/spot_rviz_plugins:/ros_ws/install/spot_hardware_interface:/ros_ws/install/spot_controllers:/ros_ws/install/spot_msgs:/ros_ws/install/spot_description:/ros_ws/install/rtabmap_ros:/ros_ws/install/rtabmap_launch:/ros_ws/install/rtabmap_examples:/ros_ws/install/rtabmap_demos:/ros_ws/install/rtabmap_viz:/ros_ws/install/rtabmap_slam:/ros_ws/install/rtabmap_odom:/ros_ws/install/rtabmap_util:/ros_ws/install/rtabmap_sync:/ros_ws/install/rtabmap_rviz_plugins:/ros_ws/install/rtabmap_conversions:/ros_ws/install/rtabmap_msgs:/ros_ws/install/rtabmap_costmap_plugins:/ros_ws/install/rtabmap:/ros_ws/install/synchros2_tutorials_example:/ros_ws/install/spot_examples:/ros_ws/install/spot_common:/ros_ws/install/synchros2:/ros_ws/install/rtabmap_python:/ros_ws/install/rtabmap_lidar_custom:/opt/ros/humble LD_LIBRARY_PATH=/ros2_ws_dev/install/custom_msg_srv/lib:${LD_LIBRARY_PATH} PYTHONPATH=/ros2_ws_dev/install/custom_msg_srv/local/lib/python3.10/dist-packages:${PYTHONPATH} /usr/bin/cmake --build /ros2_ws_dev/build/controller -- -j8 -l8
[16.448s] DEBUG:colcon.colcon_core.event_handler.log_command:Invoked command in '/ros2_ws_dev/build/controller' returned '0': AMENT_PREFIX_PATH=/ros2_ws_dev/install/custom_msg_srv:${AMENT_PREFIX_PATH} CMAKE_PREFIX_PATH=/ros2_ws_dev/install/custom_msg_srv:/ros_ws/install/synchros2_tutorials_interfaces_example:/ros_ws/install/spot_driver:/ros_ws/install/spot_ros2_control:/ros_ws/install/spot_rviz_plugins:/ros_ws/install/spot_hardware_interface:/ros_ws/install/spot_controllers:/ros_ws/install/spot_msgs:/ros_ws/install/spot_description:/ros_ws/install/rtabmap_ros:/ros_ws/install/rtabmap_launch:/ros_ws/install/rtabmap_examples:/ros_ws/install/rtabmap_demos:/ros_ws/install/rtabmap_viz:/ros_ws/install/rtabmap_slam:/ros_ws/install/rtabmap_odom:/ros_ws/install/rtabmap_util:/ros_ws/install/rtabmap_sync:/ros_ws/install/rtabmap_rviz_plugins:/ros_ws/install/rtabmap_conversions:/ros_ws/install/rtabmap_msgs:/ros_ws/install/rtabmap_costmap_plugins:/ros_ws/install/rtabmap:/ros_ws/install/synchros2_tutorials_example:/ros_ws/install/spot_examples:/ros_ws/install/spot_common:/ros_ws/install/synchros2:/ros_ws/install/rtabmap_python:/ros_ws/install/rtabmap_lidar_custom:/opt/ros/humble LD_LIBRARY_PATH=/ros2_ws_dev/install/custom_msg_srv/lib:${LD_LIBRARY_PATH} PYTHONPATH=/ros2_ws_dev/install/custom_msg_srv/local/lib/python3.10/dist-packages:${PYTHONPATH} /usr/bin/cmake --build /ros2_ws_dev/build/controller -- -j8 -l8
[16.450s] DEBUG:colcon.colcon_core.event_handler.log_command:Invoking command in '/ros2_ws_dev/build/controller': AMENT_PREFIX_PATH=/ros2_ws_dev/install/custom_msg_srv:${AMENT_PREFIX_PATH} CMAKE_PREFIX_PATH=/ros2_ws_dev/install/custom_msg_srv:/ros_ws/install/synchros2_tutorials_interfaces_example:/ros_ws/install/spot_driver:/ros_ws/install/spot_ros2_control:/ros_ws/install/spot_rviz_plugins:/ros_ws/install/spot_hardware_interface:/ros_ws/install/spot_controllers:/ros_ws/install/spot_msgs:/ros_ws/install/spot_description:/ros_ws/install/rtabmap_ros:/ros_ws/install/rtabmap_launch:/ros_ws/install/rtabmap_examples:/ros_ws/install/rtabmap_demos:/ros_ws/install/rtabmap_viz:/ros_ws/install/rtabmap_slam:/ros_ws/install/rtabmap_odom:/ros_ws/install/rtabmap_util:/ros_ws/install/rtabmap_sync:/ros_ws/install/rtabmap_rviz_plugins:/ros_ws/install/rtabmap_conversions:/ros_ws/install/rtabmap_msgs:/ros_ws/install/rtabmap_costmap_plugins:/ros_ws/install/rtabmap:/ros_ws/install/synchros2_tutorials_example:/ros_ws/install/spot_examples:/ros_ws/install/spot_common:/ros_ws/install/synchros2:/ros_ws/install/rtabmap_python:/ros_ws/install/rtabmap_lidar_custom:/opt/ros/humble LD_LIBRARY_PATH=/ros2_ws_dev/install/custom_msg_srv/lib:${LD_LIBRARY_PATH} PYTHONPATH=/ros2_ws_dev/install/custom_msg_srv/local/lib/python3.10/dist-packages:${PYTHONPATH} /usr/bin/cmake --install /ros2_ws_dev/build/controller
[16.465s] Level 1:colcon.colcon_core.environment:create_environment_scripts_only(controller)
[16.466s] Level 1:colcon.colcon_core.environment:checking '/ros2_ws_dev/install/controller' for CMake module files
[16.466s] DEBUG:colcon.colcon_core.event_handler.log_command:Invoked command in '/ros2_ws_dev/build/controller' returned '0': AMENT_PREFIX_PATH=/ros2_ws_dev/install/custom_msg_srv:${AMENT_PREFIX_PATH} CMAKE_PREFIX_PATH=/ros2_ws_dev/install/custom_msg_srv:/ros_ws/install/synchros2_tutorials_interfaces_example:/ros_ws/install/spot_driver:/ros_ws/install/spot_ros2_control:/ros_ws/install/spot_rviz_plugins:/ros_ws/install/spot_hardware_interface:/ros_ws/install/spot_controllers:/ros_ws/install/spot_msgs:/ros_ws/install/spot_description:/ros_ws/install/rtabmap_ros:/ros_ws/install/rtabmap_launch:/ros_ws/install/rtabmap_examples:/ros_ws/install/rtabmap_demos:/ros_ws/install/rtabmap_viz:/ros_ws/install/rtabmap_slam:/ros_ws/install/rtabmap_odom:/ros_ws/install/rtabmap_util:/ros_ws/install/rtabmap_sync:/ros_ws/install/rtabmap_rviz_plugins:/ros_ws/install/rtabmap_conversions:/ros_ws/install/rtabmap_msgs:/ros_ws/install/rtabmap_costmap_plugins:/ros_ws/install/rtabmap:/ros_ws/install/synchros2_tutorials_example:/ros_ws/install/spot_examples:/ros_ws/install/spot_common:/ros_ws/install/synchros2:/ros_ws/install/rtabmap_python:/ros_ws/install/rtabmap_lidar_custom:/opt/ros/humble LD_LIBRARY_PATH=/ros2_ws_dev/install/custom_msg_srv/lib:${LD_LIBRARY_PATH} PYTHONPATH=/ros2_ws_dev/install/custom_msg_srv/local/lib/python3.10/dist-packages:${PYTHONPATH} /usr/bin/cmake --install /ros2_ws_dev/build/controller
[16.467s] Level 1:colcon.colcon_core.environment:checking '/ros2_ws_dev/install/controller' for CMake config files
[16.468s] Level 1:colcon.colcon_core.shell:create_environment_hook('controller', 'cmake_prefix_path')
[16.468s] INFO:colcon.colcon_core.shell:Creating environment hook '/ros2_ws_dev/install/controller/share/controller/hook/cmake_prefix_path.ps1'
[16.469s] INFO:colcon.colcon_core.shell:Creating environment descriptor '/ros2_ws_dev/install/controller/share/controller/hook/cmake_prefix_path.dsv'
[16.469s] INFO:colcon.colcon_core.shell:Creating environment hook '/ros2_ws_dev/install/controller/share/controller/hook/cmake_prefix_path.sh'
[16.469s] Level 1:colcon.colcon_core.environment:checking '/ros2_ws_dev/install/controller/lib'
[16.469s] Level 1:colcon.colcon_core.shell:create_environment_hook('controller', 'ld_library_path_lib')
[16.470s] INFO:colcon.colcon_core.shell:Creating environment hook '/ros2_ws_dev/install/controller/share/controller/hook/ld_library_path_lib.ps1'
[16.470s] INFO:colcon.colcon_core.shell:Creating environment descriptor '/ros2_ws_dev/install/controller/share/controller/hook/ld_library_path_lib.dsv'
[16.470s] INFO:colcon.colcon_core.shell:Creating environment hook '/ros2_ws_dev/install/controller/share/controller/hook/ld_library_path_lib.sh'
[16.470s] Level 1:colcon.colcon_core.environment:checking '/ros2_ws_dev/install/controller/bin'
[16.470s] Level 1:colcon.colcon_core.environment:checking '/ros2_ws_dev/install/controller/lib/pkgconfig/controller.pc'
[16.471s] Level 1:colcon.colcon_core.environment:checking '/ros2_ws_dev/install/controller/lib/python3.10/site-packages'
[16.471s] Level 1:colcon.colcon_core.environment:checking '/ros2_ws_dev/install/controller/bin'
[16.471s] INFO:colcon.colcon_core.shell:Creating package script '/ros2_ws_dev/install/controller/share/controller/package.ps1'
[16.471s] INFO:colcon.colcon_core.shell:Creating package descriptor '/ros2_ws_dev/install/controller/share/controller/package.dsv'
[16.472s] INFO:colcon.colcon_core.shell:Creating package script '/ros2_ws_dev/install/controller/share/controller/package.sh'
[16.472s] INFO:colcon.colcon_core.shell:Creating package script '/ros2_ws_dev/install/controller/share/controller/package.bash'
[16.472s] INFO:colcon.colcon_core.shell:Creating package script '/ros2_ws_dev/install/controller/share/controller/package.zsh'
[16.473s] Level 1:colcon.colcon_core.environment:create_file_with_runtime_dependencies(/ros2_ws_dev/install/controller/share/colcon-core/packages/controller)
[16.473s] Level 1:colcon.colcon_core.environment:create_environment_scripts_only(controller)
[16.473s] Level 1:colcon.colcon_core.environment:checking '/ros2_ws_dev/install/controller' for CMake module files
[16.473s] Level 1:colcon.colcon_core.environment:checking '/ros2_ws_dev/install/controller' for CMake config files
[16.474s] Level 1:colcon.colcon_core.shell:create_environment_hook('controller', 'cmake_prefix_path')
[16.474s] INFO:colcon.colcon_core.shell:Creating environment hook '/ros2_ws_dev/install/controller/share/controller/hook/cmake_prefix_path.ps1'
[16.474s] INFO:colcon.colcon_core.shell:Creating environment descriptor '/ros2_ws_dev/install/controller/share/controller/hook/cmake_prefix_path.dsv'
[16.474s] INFO:colcon.colcon_core.shell:Creating environment hook '/ros2_ws_dev/install/controller/share/controller/hook/cmake_prefix_path.sh'
[16.474s] Level 1:colcon.colcon_core.environment:checking '/ros2_ws_dev/install/controller/lib'
[16.475s] Level 1:colcon.colcon_core.shell:create_environment_hook('controller', 'ld_library_path_lib')
[16.475s] INFO:colcon.colcon_core.shell:Creating environment hook '/ros2_ws_dev/install/controller/share/controller/hook/ld_library_path_lib.ps1'
[16.475s] INFO:colcon.colcon_core.shell:Creating environment descriptor '/ros2_ws_dev/install/controller/share/controller/hook/ld_library_path_lib.dsv'
[16.475s] INFO:colcon.colcon_core.shell:Creating environment hook '/ros2_ws_dev/install/controller/share/controller/hook/ld_library_path_lib.sh'
[16.475s] Level 1:colcon.colcon_core.environment:checking '/ros2_ws_dev/install/controller/bin'
[16.475s] Level 1:colcon.colcon_core.environment:checking '/ros2_ws_dev/install/controller/lib/pkgconfig/controller.pc'
[16.476s] Level 1:colcon.colcon_core.environment:checking '/ros2_ws_dev/install/controller/lib/python3.10/site-packages'
[16.476s] Level 1:colcon.colcon_core.environment:checking '/ros2_ws_dev/install/controller/bin'
[16.476s] INFO:colcon.colcon_core.shell:Creating package script '/ros2_ws_dev/install/controller/share/controller/package.ps1'
[16.477s] INFO:colcon.colcon_core.shell:Creating package descriptor '/ros2_ws_dev/install/controller/share/controller/package.dsv'
[16.477s] INFO:colcon.colcon_core.shell:Creating package script '/ros2_ws_dev/install/controller/share/controller/package.sh'
[16.477s] INFO:colcon.colcon_core.shell:Creating package script '/ros2_ws_dev/install/controller/share/controller/package.bash'
[16.478s] INFO:colcon.colcon_core.shell:Creating package script '/ros2_ws_dev/install/controller/share/controller/package.zsh'
[16.478s] Level 1:colcon.colcon_core.environment:create_file_with_runtime_dependencies(/ros2_ws_dev/install/controller/share/colcon-core/packages/controller)
[16.478s] DEBUG:colcon.colcon_parallel_executor.executor.parallel:closing loop
[16.479s] DEBUG:colcon.colcon_parallel_executor.executor.parallel:loop closed
[16.479s] DEBUG:colcon.colcon_parallel_executor.executor.parallel:run_until_complete finished with '0'
[16.479s] DEBUG:colcon.colcon_core.event_reactor:joining thread
[16.531s] INFO:colcon.colcon_core.plugin_system:Skipping extension 'colcon_notification.desktop_notification.notify_send': Could not find 'notify-send'
[16.531s] INFO:colcon.colcon_core.plugin_system:Skipping extension 'colcon_notification.desktop_notification.terminal_notifier': Not used on non-Darwin systems
[16.531s] INFO:colcon.colcon_core.plugin_system:Skipping extension 'colcon_notification.desktop_notification.win32': Not used on non-Windows systems
[16.531s] INFO:colcon.colcon_notification.desktop_notification:Sending desktop notification using 'notify2'
[16.536s] DEBUG:colcon.colcon_notification.desktop_notification.notify2:Failed to initialize notify2: org.freedesktop.DBus.Error.Spawn.ExecFailed: /usr/bin/dbus-launch terminated abnormally without any error message
[16.537s] DEBUG:colcon.colcon_core.event_reactor:joined thread
[16.537s] INFO:colcon.colcon_core.shell:Creating prefix script '/ros2_ws_dev/install/local_setup.ps1'
[16.539s] INFO:colcon.colcon_core.shell:Creating prefix util module '/ros2_ws_dev/install/_local_setup_util_ps1.py'
[16.541s] INFO:colcon.colcon_core.shell:Creating prefix chain script '/ros2_ws_dev/install/setup.ps1'
[16.543s] INFO:colcon.colcon_core.shell:Creating prefix script '/ros2_ws_dev/install/local_setup.sh'
[16.544s] INFO:colcon.colcon_core.shell:Creating prefix util module '/ros2_ws_dev/install/_local_setup_util_sh.py'
[16.545s] INFO:colcon.colcon_core.shell:Creating prefix chain script '/ros2_ws_dev/install/setup.sh'
[16.552s] INFO:colcon.colcon_core.shell:Creating prefix script '/ros2_ws_dev/install/local_setup.bash'
[16.553s] INFO:colcon.colcon_core.shell:Creating prefix chain script '/ros2_ws_dev/install/setup.bash'
[16.555s] INFO:colcon.colcon_core.shell:Creating prefix script '/ros2_ws_dev/install/local_setup.zsh'
[16.556s] INFO:colcon.colcon_core.shell:Creating prefix chain script '/ros2_ws_dev/install/setup.zsh'
