running egg_info
writing ../../build/footprint_tf_pkg/footprint_tf_pkg.egg-info/PKG-INFO
writing dependency_links to ../../build/footprint_tf_pkg/footprint_tf_pkg.egg-info/dependency_links.txt
writing entry points to ../../build/footprint_tf_pkg/footprint_tf_pkg.egg-info/entry_points.txt
writing requirements to ../../build/footprint_tf_pkg/footprint_tf_pkg.egg-info/requires.txt
writing top-level names to ../../build/footprint_tf_pkg/footprint_tf_pkg.egg-info/top_level.txt
reading manifest file '../../build/footprint_tf_pkg/footprint_tf_pkg.egg-info/SOURCES.txt'
writing manifest file '../../build/footprint_tf_pkg/footprint_tf_pkg.egg-info/SOURCES.txt'
running build
running build_py
copying footprint_tf_pkg/arm_base_tf_node.py -> /ros2_ws_dev/build/footprint_tf_pkg/build/lib/footprint_tf_pkg
running install
running install_lib
copying /ros2_ws_dev/build/footprint_tf_pkg/build/lib/footprint_tf_pkg/arm_base_tf_node.py -> /ros2_ws_dev/install/footprint_tf_pkg/lib/python3.10/site-packages/footprint_tf_pkg
byte-compiling /ros2_ws_dev/install/footprint_tf_pkg/lib/python3.10/site-packages/footprint_tf_pkg/arm_base_tf_node.py to arm_base_tf_node.cpython-310.pyc
running install_data
running install_egg_info
removing '/ros2_ws_dev/install/footprint_tf_pkg/lib/python3.10/site-packages/footprint_tf_pkg-0.0.0-py3.10.egg-info' (and everything under it)
Copying ../../build/footprint_tf_pkg/footprint_tf_pkg.egg-info to /ros2_ws_dev/install/footprint_tf_pkg/lib/python3.10/site-packages/footprint_tf_pkg-0.0.0-py3.10.egg-info
running install_scripts
Installing arm_base_tf_node script to /ros2_ws_dev/install/footprint_tf_pkg/lib/footprint_tf_pkg
Installing footprint_tf_node script to /ros2_ws_dev/install/footprint_tf_pkg/lib/footprint_tf_pkg
writing list of installed files to '/ros2_ws_dev/build/footprint_tf_pkg/install.log'
