[1.280s] Invoking command in '/ros2_ws_dev/src/footprint_tf_pkg': PYTHONPATH=/ros2_ws_dev/build/footprint_tf_pkg/prefix_override:/usr/lib/python3/dist-packages/colcon_core/task/python/colcon_distutils_commands:/ros2_ws_dev/install/footprint_tf_pkg/lib/python3.10/site-packages:${PYTHONPATH} /usr/bin/python3 -W ignore:setup.py install is deprecated -W ignore:easy_install command is deprecated setup.py egg_info --egg-base ../../build/footprint_tf_pkg build --build-base /ros2_ws_dev/build/footprint_tf_pkg/build install --record /ros2_ws_dev/build/footprint_tf_pkg/install.log --single-version-externally-managed install_data
[1.633s] running egg_info
[1.634s] writing ../../build/footprint_tf_pkg/footprint_tf_pkg.egg-info/PKG-INFO
[1.634s] writing dependency_links to ../../build/footprint_tf_pkg/footprint_tf_pkg.egg-info/dependency_links.txt
[1.635s] writing entry points to ../../build/footprint_tf_pkg/footprint_tf_pkg.egg-info/entry_points.txt
[1.635s] writing requirements to ../../build/footprint_tf_pkg/footprint_tf_pkg.egg-info/requires.txt
[1.635s] writing top-level names to ../../build/footprint_tf_pkg/footprint_tf_pkg.egg-info/top_level.txt
[1.637s] reading manifest file '../../build/footprint_tf_pkg/footprint_tf_pkg.egg-info/SOURCES.txt'
[1.638s] writing manifest file '../../build/footprint_tf_pkg/footprint_tf_pkg.egg-info/SOURCES.txt'
[1.639s] running build
[1.639s] running build_py
[1.639s] copying footprint_tf_pkg/arm_base_tf_node.py -> /ros2_ws_dev/build/footprint_tf_pkg/build/lib/footprint_tf_pkg
[1.639s] running install
[1.639s] running install_lib
[1.640s] copying /ros2_ws_dev/build/footprint_tf_pkg/build/lib/footprint_tf_pkg/arm_base_tf_node.py -> /ros2_ws_dev/install/footprint_tf_pkg/lib/python3.10/site-packages/footprint_tf_pkg
[1.642s] byte-compiling /ros2_ws_dev/install/footprint_tf_pkg/lib/python3.10/site-packages/footprint_tf_pkg/arm_base_tf_node.py to arm_base_tf_node.cpython-310.pyc
[1.642s] running install_data
[1.642s] running install_egg_info
[1.644s] removing '/ros2_ws_dev/install/footprint_tf_pkg/lib/python3.10/site-packages/footprint_tf_pkg-0.0.0-py3.10.egg-info' (and everything under it)
[1.645s] Copying ../../build/footprint_tf_pkg/footprint_tf_pkg.egg-info to /ros2_ws_dev/install/footprint_tf_pkg/lib/python3.10/site-packages/footprint_tf_pkg-0.0.0-py3.10.egg-info
[1.645s] running install_scripts
[1.671s] Installing arm_base_tf_node script to /ros2_ws_dev/install/footprint_tf_pkg/lib/footprint_tf_pkg
[1.671s] Installing footprint_tf_node script to /ros2_ws_dev/install/footprint_tf_pkg/lib/footprint_tf_pkg
[1.672s] writing list of installed files to '/ros2_ws_dev/build/footprint_tf_pkg/install.log'
[1.708s] Invoked command in '/ros2_ws_dev/src/footprint_tf_pkg' returned '0': PYTHONPATH=/ros2_ws_dev/build/footprint_tf_pkg/prefix_override:/usr/lib/python3/dist-packages/colcon_core/task/python/colcon_distutils_commands:/ros2_ws_dev/install/footprint_tf_pkg/lib/python3.10/site-packages:${PYTHONPATH} /usr/bin/python3 -W ignore:setup.py install is deprecated -W ignore:easy_install command is deprecated setup.py egg_info --egg-base ../../build/footprint_tf_pkg build --build-base /ros2_ws_dev/build/footprint_tf_pkg/build install --record /ros2_ws_dev/build/footprint_tf_pkg/install.log --single-version-externally-managed install_data
