[0.016s] Invoking command in '/ros2_ws_dev/build/controller': CMAKE_PREFIX_PATH=${CMAKE_PREFIX_PATH}:/ros_ws/install/synchros2_tutorials_example:/ros_ws/install/spot_examples:/ros_ws/install/spot_common:/ros_ws/install/synchros2:/ros_ws/install/rtabmap_python:/ros_ws/install/rtabmap_lidar_custom:/opt/ros/humble /usr/bin/cmake /ros2_ws_dev/src/controller/controller -DCMAKE_INSTALL_PREFIX=/ros2_ws_dev/install/controller
[0.301s] -- The C compiler identification is GNU 11.4.0
[0.439s] -- The CXX compiler identification is GNU 11.4.0
[0.461s] -- Detecting C compiler ABI info
[0.550s] -- Detecting C compiler ABI info - done
[0.555s] -- Check for working C compiler: /usr/bin/cc - skipped
[0.556s] -- Detecting C compile features
[0.557s] -- Detecting C compile features - done
[0.563s] -- Detecting CXX compiler ABI info
[0.637s] -- Detecting CXX compiler ABI info - done
[0.642s] -- Check for working CXX compiler: /usr/bin/c++ - skipped
[0.643s] -- Detecting CXX compile features
[0.643s] -- Detecting CXX compile features - done
[0.691s] -- Found ament_cmake: 1.3.13 (/opt/ros/humble/share/ament_cmake/cmake)
[0.832s] -- Found Python3: /usr/bin/python3 (found version "3.10.12") found components: Interpreter 
[1.011s] -- Found nav2_common: 1.1.20 (/opt/ros/humble/share/nav2_common/cmake)
[1.018s] -- Found nav2_core: 1.1.20 (/opt/ros/humble/share/nav2_core/cmake)
[1.202s] -- Found rosidl_generator_c: 3.1.8 (/opt/ros/humble/share/rosidl_generator_c/cmake)
[1.214s] -- Found rosidl_adapter: 3.1.8 (/opt/ros/humble/share/rosidl_adapter/cmake)
[1.235s] -- Found rosidl_generator_cpp: 3.1.8 (/opt/ros/humble/share/rosidl_generator_cpp/cmake)
[1.279s] -- Using all available rosidl_typesupport_c: rosidl_typesupport_fastrtps_c;rosidl_typesupport_introspection_c
[1.312s] -- Using all available rosidl_typesupport_cpp: rosidl_typesupport_fastrtps_cpp;rosidl_typesupport_introspection_cpp
[1.403s] -- Found rmw_implementation_cmake: 6.1.2 (/opt/ros/humble/share/rmw_implementation_cmake/cmake)
[1.411s] -- Found rmw_fastrtps_cpp: 6.2.10 (/opt/ros/humble/share/rmw_fastrtps_cpp/cmake)
[1.569s] -- Found OpenSSL: /usr/lib/x86_64-linux-gnu/libcrypto.so (found version "3.0.2")  
[1.597s] -- Found FastRTPS: /opt/ros/humble/include  
[1.637s] -- Using RMW implementation 'rmw_fastrtps_cpp' as default
[1.661s] -- Looking for pthread.h
[1.742s] -- Looking for pthread.h - found
[1.742s] -- Performing Test CMAKE_HAVE_LIBC_PTHREAD
[1.799s] -- Performing Test CMAKE_HAVE_LIBC_PTHREAD - Success
[1.800s] -- Found Threads: TRUE  
[2.293s] -- Found Eigen3: TRUE (found version "3.4.0") 
[2.293s] -- Ensuring Eigen3 include directory is part of orocos-kdl CMake target
[2.455s] [31mCMake Error at CMakeLists.txt:17 (find_package):
[2.455s]   By not providing "Findcustom_msg_srv.cmake" in CMAKE_MODULE_PATH this
[2.455s]   project has asked CMake to find a package configuration file provided by
[2.455s]   "custom_msg_srv", but CMake did not find one.
[2.455s] 
[2.455s]   Could not find a package configuration file provided by "custom_msg_srv"
[2.455s]   with any of the following names:
[2.455s] 
[2.455s]     custom_msg_srvConfig.cmake
[2.455s]     custom_msg_srv-config.cmake
[2.455s] 
[2.455s]   Add the installation prefix of "custom_msg_srv" to CMAKE_PREFIX_PATH or set
[2.455s]   "custom_msg_srv_DIR" to a directory containing one of the above files.  If
[2.455s]   "custom_msg_srv" provides a separate development package or SDK, be sure it
[2.455s]   has been installed.
[2.455s] 
[2.455s] [0m
[2.455s] -- Configuring incomplete, errors occurred!
[2.455s] See also "/ros2_ws_dev/build/controller/CMakeFiles/CMakeOutput.log".
[2.463s] Invoked command in '/ros2_ws_dev/build/controller' returned '1': CMAKE_PREFIX_PATH=${CMAKE_PREFIX_PATH}:/ros_ws/install/synchros2_tutorials_example:/ros_ws/install/spot_examples:/ros_ws/install/spot_common:/ros_ws/install/synchros2:/ros_ws/install/rtabmap_python:/ros_ws/install/rtabmap_lidar_custom:/opt/ros/humble /usr/bin/cmake /ros2_ws_dev/src/controller/controller -DCMAKE_INSTALL_PREFIX=/ros2_ws_dev/install/controller
